/control/execute exercise1a.in
/tracking/verbose 1
/gamos/setParam GmGeometryFromText:FileName pet.geom
/gamos/geometry GmGeometryFromText
/gamos/physicsList GmEMPhysics
/gamos/generator GmGenerator
 GmGenUtils::FileInPath ./isotopes.dat in .
 GmGenUtils::FileInPath /home/arce/gamosnew/GAMOS.5.0.0/data/isotopes.dat in /home/arce/gamosnew/GAMOS.5.0.0/data
/run/initialize
 GmGenUtils::FileInPath ./pet.geom in .
GmEMPhysics PhysicsList:DEFAULT = gamma-lowener is registered
GmEMPhysics PhysicsList: DEFAULT = electron-lowener is registered
GmEMPhysics PhysicsList: DEFAULT = positron-standard is registered
GmPhysicsGammaLowEner::ConstructProcess 
/gamos/generator/addSingleParticleSource source gamma 511*keV
/gamos/generator/directionDist source GmGenerDistDirectionConst 1. 0. 0.
/control/execute ../../../examples/visVRML2FILE.in
/vis/scene/create
/vis/open VRML2FILE
Issue /vis/viewer/refresh or flush to see effect.
/vis/viewer/flush
Your "world" has no vis attributes or is marked as visible.
  For a better view of the contents, mark the world as invisible, e.g.,
  myWorldLogicalVol -> SetVisAttributes (G4VisAttributes::Invisible);
G4Scene::AddWorldIfEmpty: The scene was empty of run-duration models.
  "world" has been added.
/vis/viewer/set/viewpointThetaPhi 10 120 deg
Issue /vis/viewer/refresh or flush to see effect.
/vis/viewer/zoom 1
Issue /vis/viewer/refresh or flush to see effect.
/vis/scene/add/trajectories
/tracking/storeTrajectory 1
Attributes available for modeling and filtering with
  "/vis/modeling/trajectories/create/drawByAttribute" and
  "/vis/filtering/trajectories/create/attributeFilter" commands:
G4TrajectoriesModel:
  Event ID (EventID): G4int
G4Trajectory:
  Charge (Ch): unit: e+ (G4double)
  Track ID (ID): G4int
  Initial kinetic energy (IKE): G4BestUnit (G4double)
  Initial momentum magnitude (IMag): G4BestUnit (G4double)
  Initial momentum (IMom): G4BestUnit (G4ThreeVector)
  No. of points (NTP): G4int
  PDG Encoding (PDG): G4int
  Parent ID (PID): G4int
  Particle Name (PN): G4String
G4TrajectoryPoint:
  Position (Pos): G4BestUnit (G4ThreeVector)
WARNING: Trajectory storing has been requested.  This action may be
  reversed with "/tracking/storeTrajectory 0".
/vis/scene/notifyHandlers
/vis/scene/endOfEventAction accumulate
WARNING: The vis manager will keep up to 100 events.
  This may use a lot of memory.
  It may be changed with, e.g., "/vis/scene/endOfEventAction accumulate 10".
/vis/viewer/update
/vis/viewer/flush
===========================================
Output VRML 2.0 file: g4_04.wrl
Maximum number of files in the destination directory: 100
  (Customizable with the environment variable: G4VRMLFILE_MAX_FILE_NUM) 
===========================================
*** VRML 2.0 File  g4_04.wrl  is generated.
MESSAGE from VRML2FILE driver:
    Set an environmental variable  G4VRMLFILE_VIEWER
    if you want to visualize the generated VRML file
    automatically.  For example, 
    setenv  G4VRMLFILE_VIEWER  vrwave 
/run/beamOn 10

phot:   for  gamma    SubType= 12
      LambdaPrime table from 200 keV to 10 TeV in 54 bins 
      ===== EM models for the G4Region  DefaultRegionForTheWorld ======
 LivermorePhElectric :  Emin=        0 eV    Emax=        1 GeV   AngularGenSauterGavrila  FluoActive
       PhotoElectric :  Emin=        1 GeV   Emax=       10 TeV   AngularGenSauterGavrila  FluoActive

compt:   for  gamma    SubType= 13
      Lambda table from 100 eV  to 1 MeV in 28 bins, spline: 1
      LambdaPrime table from 1 MeV to 10 TeV in 49 bins 
      ===== EM models for the G4Region  DefaultRegionForTheWorld ======
    LivermoreCompton :  Emin=        0 eV    Emax=        1 GeV  FluoActive
       Klein-Nishina :  Emin=        1 GeV   Emax=       10 TeV

conv:   for  gamma    SubType= 14
      Lambda table from 1.022 MeV to 10 TeV in 49 bins, spline: 1
      ===== EM models for the G4Region  DefaultRegionForTheWorld ======
 LivermoreConversion :  Emin=        0 eV    Emax=        1 GeV
        BetheHeitler :  Emin=        1 GeV   Emax=       80 GeV
     BetheHeitlerLPM :  Emin=       80 GeV   Emax=       10 TeV

Rayl:   for  gamma    SubType= 11
      Lambda table from 100 eV  to 100 keV in 21 bins, spline: 0
      LambdaPrime table from 100 keV to 10 TeV in 56 bins 
      ===== EM models for the G4Region  DefaultRegionForTheWorld ======
   LivermoreRayleigh :  Emin=        0 eV    Emax=        1 GeV   CullenGenerator
   LivermoreRayleigh :  Emin=        1 GeV   Emax=       10 TeV   CullenGenerator

msc:   for e-    SubType= 10
      RangeFactor= 0.04, step limit type: 2, lateralDisplacement: 1, skin= 1, geomFactor= 2.5
      ===== EM models for the G4Region  DefaultRegionForTheWorld ======
          UrbanMsc95 :  Emin=        0 eV    Emax=       10 TeV  Table with 77 bins Emin=    100 eV    Emax=     10 TeV

### ===  Deexcitation model UAtomDeexcitation is activated for 1 region:
          DefaultRegionForTheWorld

eIoni:   for  e-    SubType= 2
      dE/dx and range tables from 100 eV  to 10 TeV in 77 bins
      Lambda tables from threshold to 10 TeV in 77 bins, spline: 1
      finalRange(mm)= 0.1, dRoverRange= 0.2, integral: 1, fluct: 1, linLossLimit= 0.01
      ===== EM models for the G4Region  DefaultRegionForTheWorld ======
       LowEnergyIoni :  Emin=        0 eV    Emax=        1 GeV
        MollerBhabha :  Emin=        1 GeV   Emax=       10 TeV

eBrem:   for  e-    SubType= 3
      dE/dx and range tables from 100 eV  to 10 TeV in 77 bins
      Lambda tables from threshold to 10 TeV in 77 bins, spline: 1
      LPM flag: 1 for E > 1 GeV
      ===== EM models for the G4Region  DefaultRegionForTheWorld ======
           LowEnBrem :  Emin=        0 eV    Emax=        1 GeV   AngularGenUrban
            eBremLPM :  Emin=        1 GeV   Emax=       10 TeV   DipBustGen

msc:   for e+    SubType= 10
      RangeFactor= 0.04, step limit type: 1, lateralDisplacement: 1, skin= 1, geomFactor= 2.5
      ===== EM models for the G4Region  DefaultRegionForTheWorld ======
          UrbanMsc95 :  Emin=        0 eV    Emax=       10 TeV  Table with 77 bins Emin=    100 eV    Emax=     10 TeV

eIoni:   for  e+    SubType= 2
      dE/dx and range tables from 100 eV  to 10 TeV in 77 bins
      Lambda tables from threshold to 10 TeV in 77 bins, spline: 1
      finalRange(mm)= 1, dRoverRange= 0.2, integral: 1, fluct: 1, linLossLimit= 0.01
      ===== EM models for the G4Region  DefaultRegionForTheWorld ======
        MollerBhabha :  Emin=        0 eV    Emax=       10 TeV

eBrem:   for  e+    SubType= 3
      dE/dx and range tables from 100 eV  to 10 TeV in 77 bins
      Lambda tables from threshold to 10 TeV in 77 bins, spline: 1
      LPM flag: 1 for E > 1 GeV
      ===== EM models for the G4Region  DefaultRegionForTheWorld ======
             eBremSB :  Emin=        0 eV    Emax=        1 GeV   DipBustGen
            eBremLPM :  Emin=        1 GeV   Emax=       10 TeV   DipBustGen

annihil:   for  e+    SubType= 5
      ===== EM models for the G4Region  DefaultRegionForTheWorld ======
            eplus2gg :  Emin=        0 eV    Emax=       10 TeV

========= Table of registered couples ==============================

Index : 0     used in the geometry : Yes     recalculation needed : No 
 Material : G4_AIR
 Range cuts        :  gamma  100 um     e-  100 um     e+  100 um  proton 100 um 
 Energy thresholds :  gamma  990 eV     e-  990 eV     e+  990 eV  proton -1 MeV
 Region(s) which use this couple : 
    DefaultRegionForTheWorld

Index : 1     used in the geometry : Yes     recalculation needed : No 
 Material : LSO
 Range cuts        :  gamma  100 um     e-  100 um     e+  100 um  proton 100 um 
 Energy thresholds :  gamma  15.1545 keV    e-  205.548 keV    e+  200.096 keV proton -1 MeV
 Region(s) which use this couple : 
    DefaultRegionForTheWorld

Index : 2     used in the geometry : Yes     recalculation needed : No 
 Material : G4_WATER
 Range cuts        :  gamma  100 um     e-  100 um     e+  100 um  proton 100 um 
 Energy thresholds :  gamma  1.10981 keV    e-  84.6589 keV    e+  83.5287 keV proton -1 MeV
 Region(s) which use this couple : 
    DefaultRegionForTheWorld

====================================================================

/vis/scene/notifyHandlers scene-0
Start Run processing.

*********************************************************************************************************
* G4Track Information:   Particle = gamma,   Track ID = 1,   Parent ID = 0
*********************************************************************************************************

Step#    X(mm)    Y(mm)    Z(mm) KinE(MeV)  dE(MeV) StepLeng TrackLeng  NextVolume ProcName
    0        0        0        0     0.511        0        0         0 water sphere initStep
    1      105        0        0     0.417 1.42e-05      105       105 water sphere compt
    2      129     5.79     18.8     0.199 1.36e-05       31       136 water sphere compt
    3     69.4    -75.9     57.7     0.137 0.000537      108       244 water sphere compt
    4     37.9    -38.7       59     0.107 1.42e-05     48.8       293 water sphere compt
    5     39.7    -38.2     61.7    0.0804 1.42e-05     3.35       296 water sphere compt
    6     20.3    -94.4     42.2    0.0616 0.000537     62.6       359 water sphere compt
    7     20.3    -94.2     42.2    0.0537 1.42e-05     0.21       359 water sphere compt
    8     17.6    -95.8     47.8         0 0.000537     6.45       366 water sphere phot

*********************************************************************************************************
* G4Track Information:   Particle = e-,   Track ID = 9,   Parent ID = 1
*********************************************************************************************************

Step#    X(mm)    Y(mm)    Z(mm) KinE(MeV)  dE(MeV) StepLeng TrackLeng  NextVolume ProcName
    0     17.6    -95.8     47.8    0.0531        0        0         0 water sphere initStep
    1     17.7    -95.8     47.8         0   0.0531   0.0472    0.0472 water sphere eIoni

*********************************************************************************************************
* G4Track Information:   Particle = e-,   Track ID = 8,   Parent ID = 1
*********************************************************************************************************

Step#    X(mm)    Y(mm)    Z(mm) KinE(MeV)  dE(MeV) StepLeng TrackLeng  NextVolume ProcName
    0     20.3    -94.2     42.2   0.00788        0        0         0 water sphere initStep
    1     20.3    -94.2     42.2         0  0.00788  0.00163   0.00163 water sphere eIoni

*********************************************************************************************************
* G4Track Information:   Particle = e-,   Track ID = 7,   Parent ID = 1
*********************************************************************************************************

Step#    X(mm)    Y(mm)    Z(mm) KinE(MeV)  dE(MeV) StepLeng TrackLeng  NextVolume ProcName
    0     20.3    -94.4     42.2    0.0183        0        0         0 water sphere initStep
    1     20.3    -94.4     42.2         0   0.0183  0.00715   0.00715 water sphere eIoni

*********************************************************************************************************
* G4Track Information:   Particle = e-,   Track ID = 6,   Parent ID = 1
*********************************************************************************************************

Step#    X(mm)    Y(mm)    Z(mm) KinE(MeV)  dE(MeV) StepLeng TrackLeng  NextVolume ProcName
    0     39.7    -38.2     61.7    0.0264        0        0         0 water sphere initStep
    1     39.7    -38.2     61.7         0   0.0264   0.0137    0.0137 water sphere eIoni

*********************************************************************************************************
* G4Track Information:   Particle = e-,   Track ID = 5,   Parent ID = 1
*********************************************************************************************************

Step#    X(mm)    Y(mm)    Z(mm) KinE(MeV)  dE(MeV) StepLeng TrackLeng  NextVolume ProcName
    0     37.9    -38.7       59    0.0302        0        0         0 water sphere initStep
    1     37.9    -38.7     58.9         0   0.0302   0.0174    0.0174 water sphere eIoni

*********************************************************************************************************
* G4Track Information:   Particle = e-,   Track ID = 4,   Parent ID = 1
*********************************************************************************************************

Step#    X(mm)    Y(mm)    Z(mm) KinE(MeV)  dE(MeV) StepLeng TrackLeng  NextVolume ProcName
    0     69.4    -75.9     57.7    0.0616        0        0         0 water sphere initStep
    1     69.4    -75.9     57.7         0   0.0616   0.0611    0.0611 water sphere eIoni

*********************************************************************************************************
* G4Track Information:   Particle = e-,   Track ID = 3,   Parent ID = 1
*********************************************************************************************************

Step#    X(mm)    Y(mm)    Z(mm) KinE(MeV)  dE(MeV) StepLeng TrackLeng  NextVolume ProcName
    0      129     5.79     18.8     0.218        0        0         0 water sphere initStep
    1      129     5.85     18.9     0.157   0.0609    0.247     0.247 water sphere eIoni
    2      129     5.98     19.1    0.0702   0.0866    0.194     0.441 water sphere eIoni
    3      129     5.97     19.1         0   0.0702   0.0768     0.518 water sphere eIoni

*********************************************************************************************************
* G4Track Information:   Particle = e-,   Track ID = 2,   Parent ID = 1
*********************************************************************************************************

Step#    X(mm)    Y(mm)    Z(mm) KinE(MeV)  dE(MeV) StepLeng TrackLeng  NextVolume ProcName
    0      105        0        0    0.0941        0        0         0 water sphere initStep
    1      105  -0.0161  -0.0521         0   0.0941    0.123     0.123 water sphere eIoni
===========================================
Output VRML 2.0 file: g4_05.wrl
Maximum number of files in the destination directory: 100
  (Customizable with the environment variable: G4VRMLFILE_MAX_FILE_NUM) 
===========================================
G4VisManager: Using G4TrajectoryDrawByCharge as default trajectory model.
See commands in /vis/modeling/trajectories/ for other options.

*********************************************************************************************************
* G4Track Information:   Particle = gamma,   Track ID = 1,   Parent ID = 0
*********************************************************************************************************

Step#    X(mm)    Y(mm)    Z(mm) KinE(MeV)  dE(MeV) StepLeng TrackLeng  NextVolume ProcName
    0        0        0        0     0.511        0        0         0 water sphere initStep
    1     10.6        0        0     0.342 1.36e-05     10.6      10.6 water sphere compt
    2     18.9    -12.6    -6.58     0.176 0.000537     16.5      27.1 water sphere compt
    3       20    -9.97     21.4     0.171 1.42e-05     28.1      55.2 water sphere compt
    4     32.4     83.7      179     0.171        0      184       239       world Transportation
    5     97.3      573    1e+03     0.171        0      958   1.2e+03  OutOfWorld Transportation

*********************************************************************************************************
* G4Track Information:   Particle = e-,   Track ID = 4,   Parent ID = 1
*********************************************************************************************************

Step#    X(mm)    Y(mm)    Z(mm) KinE(MeV)  dE(MeV) StepLeng TrackLeng  NextVolume ProcName
    0       20    -9.97     21.4   0.00483        0        0         0 water sphere initStep
    1       20    -9.98     21.4         0  0.00483 0.000695  0.000695 water sphere eIoni

*********************************************************************************************************
* G4Track Information:   Particle = e-,   Track ID = 3,   Parent ID = 1
*********************************************************************************************************

Step#    X(mm)    Y(mm)    Z(mm) KinE(MeV)  dE(MeV) StepLeng TrackLeng  NextVolume ProcName
    0     18.9    -12.6    -6.58     0.165        0        0         0 water sphere initStep
    1     18.9    -12.8    -6.67     0.102   0.0634    0.201     0.201 water sphere eIoni
    2       19    -12.8    -6.76    0.0359   0.0661    0.135     0.336 water sphere eIoni
    3       19    -12.8    -6.78         0   0.0359   0.0237      0.36 water sphere eIoni

*********************************************************************************************************
* G4Track Information:   Particle = e-,   Track ID = 2,   Parent ID = 1
*********************************************************************************************************

Step#    X(mm)    Y(mm)    Z(mm) KinE(MeV)  dE(MeV) StepLeng TrackLeng  NextVolume ProcName
    0     10.6        0        0     0.169        0        0         0 water sphere initStep
    1     10.7   0.0973  -0.0549     0.105   0.0648    0.205     0.205 water sphere eIoni
    2     10.8    0.183  -0.0751    0.0292   0.0754    0.138     0.343 water sphere eIoni
    3     10.8    0.186  -0.0725         0   0.0292   0.0164      0.36 water sphere eIoni

*********************************************************************************************************
* G4Track Information:   Particle = gamma,   Track ID = 1,   Parent ID = 0
*********************************************************************************************************

Step#    X(mm)    Y(mm)    Z(mm) KinE(MeV)  dE(MeV) StepLeng TrackLeng  NextVolume ProcName
    0        0        0        0     0.511        0        0         0 water sphere initStep
    1     94.5        0        0      0.39 1.36e-05     94.5      94.5 water sphere compt
    2     95.5   -0.894    0.455     0.298 1.42e-05     1.39      95.9 water sphere compt
    3      168    -18.7    -37.3     0.264 1.42e-05     83.4       179 water sphere compt
    4      183    -41.8    -68.2     0.264        0     41.6       221       world Transportation
    5      654     -738   -1e+03     0.264        0 1.26e+03  1.48e+03  OutOfWorld Transportation

*********************************************************************************************************
* G4Track Information:   Particle = e-,   Track ID = 4,   Parent ID = 1
*********************************************************************************************************

Step#    X(mm)    Y(mm)    Z(mm) KinE(MeV)  dE(MeV) StepLeng TrackLeng  NextVolume ProcName
    0      168    -18.7    -37.3    0.0348        0        0         0 water sphere initStep
    1      168    -18.7    -37.3         0   0.0348   0.0224    0.0224 water sphere eIoni

*********************************************************************************************************
* G4Track Information:   Particle = e-,   Track ID = 3,   Parent ID = 1
*********************************************************************************************************

Step#    X(mm)    Y(mm)    Z(mm) KinE(MeV)  dE(MeV) StepLeng TrackLeng  NextVolume ProcName
    0     95.5   -0.894    0.455    0.0918        0        0         0 water sphere initStep
    1     95.5       -1    0.458    0.0369   0.0549    0.119     0.119 water sphere eIoni
    2     95.5       -1     0.46         0   0.0369   0.0249     0.144 water sphere eIoni

*********************************************************************************************************
* G4Track Information:   Particle = e-,   Track ID = 2,   Parent ID = 1
*********************************************************************************************************

Step#    X(mm)    Y(mm)    Z(mm) KinE(MeV)  dE(MeV) StepLeng TrackLeng  NextVolume ProcName
    0     94.5        0        0     0.121        0        0         0 water sphere initStep
    1     94.6   0.0344   -0.106    0.0585   0.0622    0.158     0.158 water sphere eIoni
    2     94.6   0.0469   -0.129         0   0.0585   0.0559     0.214 water sphere eIoni

*********************************************************************************************************
* G4Track Information:   Particle = gamma,   Track ID = 1,   Parent ID = 0
*********************************************************************************************************

Step#    X(mm)    Y(mm)    Z(mm) KinE(MeV)  dE(MeV) StepLeng TrackLeng  NextVolume ProcName
    0        0        0        0     0.511        0        0         0 water sphere initStep
    1     50.4        0        0     0.208 0.000537     50.4      50.4 water sphere compt
    2     28.2     24.2      4.7     0.204 1.42e-05     33.2      83.6 water sphere compt
    3    -22.4     89.7     42.6     0.189 1.42e-05       91       175 water sphere compt
    4      -50      101     42.4     0.115 1.42e-05       30       205 water sphere compt
    5     5.45     54.3    -8.53    0.0793 1.42e-05     88.8       293 water sphere compt
    6    -11.9     73.7   -0.988    0.0725 1.36e-05     27.1       320 water sphere compt
    7    -5.95     86.5     1.36    0.0675 2.92e-05     14.3       335 water sphere compt
    8     43.9     95.8    -14.5    0.0611 2.92e-05     53.1       388 water sphere compt
    9       80     27.6     1.92    0.0601 1.36e-05     78.9       467 water sphere compt
   10     92.2     7.15     22.9    0.0559 0.000537     31.7       498 water sphere compt
   11      171     33.9     37.3         0 0.000537     84.6       583 water sphere phot

*********************************************************************************************************
* G4Track Information:   Particle = e-,   Track ID = 12,   Parent ID = 1
*********************************************************************************************************

Step#    X(mm)    Y(mm)    Z(mm) KinE(MeV)  dE(MeV) StepLeng TrackLeng  NextVolume ProcName
    0      171     33.9     37.3    0.0554        0        0         0 water sphere initStep
    1      171     33.9     37.3         0   0.0554   0.0507    0.0507 water sphere eIoni

*********************************************************************************************************
* G4Track Information:   Particle = e-,   Track ID = 11,   Parent ID = 1
*********************************************************************************************************

Step#    X(mm)    Y(mm)    Z(mm) KinE(MeV)  dE(MeV) StepLeng TrackLeng  NextVolume ProcName
    0     92.2     7.15     22.9   0.00361        0        0         0 water sphere initStep
    1     92.2     7.15     22.9         0  0.00361 0.000421  0.000421 water sphere eIoni

*********************************************************************************************************
* G4Track Information:   Particle = e-,   Track ID = 10,   Parent ID = 1
*********************************************************************************************************

Step#    X(mm)    Y(mm)    Z(mm) KinE(MeV)  dE(MeV) StepLeng TrackLeng  NextVolume ProcName
    0       80     27.6     1.92   0.00103        0        0         0 water sphere initStep
    1       80     27.6     1.92         0  0.00103 5.56e-05  5.56e-05 water sphere eIoni

*********************************************************************************************************
* G4Track Information:   Particle = e-,   Track ID = 9,   Parent ID = 1
*********************************************************************************************************

Step#    X(mm)    Y(mm)    Z(mm) KinE(MeV)  dE(MeV) StepLeng TrackLeng  NextVolume ProcName
    0     43.9     95.8    -14.5   0.00639        0        0         0 water sphere initStep
    1     43.9     95.8    -14.5         0  0.00639  0.00113   0.00113 water sphere eIoni

*********************************************************************************************************
* G4Track Information:   Particle = e-,   Track ID = 8,   Parent ID = 1
*********************************************************************************************************

Step#    X(mm)    Y(mm)    Z(mm) KinE(MeV)  dE(MeV) StepLeng TrackLeng  NextVolume ProcName
    0    -5.95     86.5     1.36   0.00494        0        0         0 water sphere initStep
    1    -5.95     86.5     1.36         0  0.00494 0.000722  0.000722 water sphere eIoni

*********************************************************************************************************
* G4Track Information:   Particle = e-,   Track ID = 7,   Parent ID = 1
*********************************************************************************************************

Step#    X(mm)    Y(mm)    Z(mm) KinE(MeV)  dE(MeV) StepLeng TrackLeng  NextVolume ProcName
    0    -11.9     73.7   -0.988   0.00682        0        0         0 water sphere initStep
    1    -11.9     73.7   -0.988         0  0.00682  0.00126   0.00126 water sphere eIoni

*********************************************************************************************************
* G4Track Information:   Particle = e-,   Track ID = 6,   Parent ID = 1
*********************************************************************************************************

Step#    X(mm)    Y(mm)    Z(mm) KinE(MeV)  dE(MeV) StepLeng TrackLeng  NextVolume ProcName
    0     5.45     54.3    -8.53    0.0357        0        0         0 water sphere initStep
    1     5.46     54.3    -8.53         0   0.0357   0.0234    0.0234 water sphere eIoni

*********************************************************************************************************
* G4Track Information:   Particle = e-,   Track ID = 5,   Parent ID = 1
*********************************************************************************************************

Step#    X(mm)    Y(mm)    Z(mm) KinE(MeV)  dE(MeV) StepLeng TrackLeng  NextVolume ProcName
    0      -50      101     42.4    0.0736        0        0         0 water sphere initStep
    1      -50      101     42.4         0   0.0736   0.0834    0.0834 water sphere eIoni

*********************************************************************************************************
* G4Track Information:   Particle = e-,   Track ID = 4,   Parent ID = 1
*********************************************************************************************************

Step#    X(mm)    Y(mm)    Z(mm) KinE(MeV)  dE(MeV) StepLeng TrackLeng  NextVolume ProcName
    0    -22.4     89.7     42.6    0.0153        0        0         0 water sphere initStep
    1    -22.4     89.7     42.6         0   0.0153  0.00523   0.00523 water sphere eIoni

*********************************************************************************************************
* G4Track Information:   Particle = e-,   Track ID = 3,   Parent ID = 1
*********************************************************************************************************

Step#    X(mm)    Y(mm)    Z(mm) KinE(MeV)  dE(MeV) StepLeng TrackLeng  NextVolume ProcName
    0     28.2     24.2      4.7   0.00398        0        0         0 water sphere initStep
    1     28.2     24.2      4.7         0  0.00398 0.000498  0.000498 water sphere eIoni

*********************************************************************************************************
* G4Track Information:   Particle = e-,   Track ID = 2,   Parent ID = 1
*********************************************************************************************************

Step#    X(mm)    Y(mm)    Z(mm) KinE(MeV)  dE(MeV) StepLeng TrackLeng  NextVolume ProcName
    0     50.4        0        0     0.303        0        0         0 water sphere initStep
    1     50.7   -0.167   0.0995     0.243   0.0597    0.324     0.324 water sphere eIoni
    2     50.8   -0.303    0.282      0.15   0.0924    0.269     0.593 water sphere eIoni
    3     50.9   -0.181    0.335    0.0871   0.0633    0.188     0.781 water sphere eIoni
    4       51   -0.232    0.355    0.0243   0.0628    0.111     0.892 water sphere eIoni
    5       51   -0.235    0.358         0   0.0243   0.0118     0.903 water sphere eIoni

*********************************************************************************************************
* G4Track Information:   Particle = gamma,   Track ID = 1,   Parent ID = 0
*********************************************************************************************************

Step#    X(mm)    Y(mm)    Z(mm) KinE(MeV)  dE(MeV) StepLeng TrackLeng  NextVolume ProcName
    0        0        0        0     0.511        0        0         0 water sphere initStep
    1      119        0        0     0.211 0.000537      119       119 water sphere compt
    2      112    -18.6    -7.69     0.137 0.000537     21.3       140 water sphere compt
    3      106    -12.9     11.1     0.104 1.42e-05     20.4       160 water sphere compt
    4    -85.2    -6.33    -84.8    0.0929 0.000537      214       375 water sphere compt
    5    -80.2     39.3     -143    0.0682 0.000537       74       449 water sphere compt
    6    -81.4     35.8     -141    0.0672 1.36e-05     4.04       453 water sphere compt
    7    -90.5     14.1     -117    0.0575 1.42e-05     33.4       486 water sphere compt
    8    -68.1      -52     -181    0.0575        0     94.2       580       world Transportation
    9      222     -909   -1e+03    0.0575        0 1.22e+03   1.8e+03  OutOfWorld Transportation

*********************************************************************************************************
* G4Track Information:   Particle = e-,   Track ID = 8,   Parent ID = 1
*********************************************************************************************************

Step#    X(mm)    Y(mm)    Z(mm) KinE(MeV)  dE(MeV) StepLeng TrackLeng  NextVolume ProcName
    0    -90.5     14.1     -117   0.00966        0        0         0 water sphere initStep
    1    -90.5     14.1     -117         0  0.00966  0.00233   0.00233 water sphere eIoni

*********************************************************************************************************
* G4Track Information:   Particle = e-,   Track ID = 7,   Parent ID = 1
*********************************************************************************************************

Step#    X(mm)    Y(mm)    Z(mm) KinE(MeV)  dE(MeV) StepLeng TrackLeng  NextVolume ProcName
    0    -81.4     35.8     -141   0.00097        0        0         0 water sphere initStep
    1    -81.4     35.8     -141         0  0.00097 5.05e-05  5.05e-05 water sphere eIoni

*********************************************************************************************************
* G4Track Information:   Particle = e-,   Track ID = 6,   Parent ID = 1
*********************************************************************************************************

Step#    X(mm)    Y(mm)    Z(mm) KinE(MeV)  dE(MeV) StepLeng TrackLeng  NextVolume ProcName
    0    -80.2     39.3     -143    0.0241        0        0         0 water sphere initStep
    1    -80.2     39.3     -143         0   0.0241   0.0117    0.0117 water sphere eIoni

*********************************************************************************************************
* G4Track Information:   Particle = e-,   Track ID = 5,   Parent ID = 1
*********************************************************************************************************

Step#    X(mm)    Y(mm)    Z(mm) KinE(MeV)  dE(MeV) StepLeng TrackLeng  NextVolume ProcName
    0    -85.2    -6.33    -84.8     0.011        0        0         0 water sphere initStep
    1    -85.3    -6.33    -84.8         0    0.011  0.00294   0.00294 water sphere eIoni

*********************************************************************************************************
* G4Track Information:   Particle = e-,   Track ID = 4,   Parent ID = 1
*********************************************************************************************************

Step#    X(mm)    Y(mm)    Z(mm) KinE(MeV)  dE(MeV) StepLeng TrackLeng  NextVolume ProcName
    0      106    -12.9     11.1    0.0328        0        0         0 water sphere initStep
    1      106    -12.9     11.1         0   0.0328   0.0202    0.0202 water sphere eIoni

*********************************************************************************************************
* G4Track Information:   Particle = e-,   Track ID = 3,   Parent ID = 1
*********************************************************************************************************

Step#    X(mm)    Y(mm)    Z(mm) KinE(MeV)  dE(MeV) StepLeng TrackLeng  NextVolume ProcName
    0      112    -18.6    -7.69    0.0734        0        0         0 water sphere initStep
    1      112    -18.7    -7.72         0   0.0734   0.0832    0.0832 water sphere eIoni

*********************************************************************************************************
* G4Track Information:   Particle = e-,   Track ID = 2,   Parent ID = 1
*********************************************************************************************************

Step#    X(mm)    Y(mm)    Z(mm) KinE(MeV)  dE(MeV) StepLeng TrackLeng  NextVolume ProcName
    0      119        0        0     0.299        0        0         0 water sphere initStep
    1      119    0.195  -0.0657     0.194    0.105     0.32      0.32 water sphere eIoni
    2      119    0.233  -0.0271     0.139    0.055    0.227     0.547 water sphere eIoni
    3      119    0.303  -0.0773    0.0754   0.0638    0.177     0.724 water sphere eIoni
    4      119    0.348  -0.0825         0   0.0754   0.0871     0.811 water sphere eIoni

*********************************************************************************************************
* G4Track Information:   Particle = gamma,   Track ID = 1,   Parent ID = 0
*********************************************************************************************************

Step#    X(mm)    Y(mm)    Z(mm) KinE(MeV)  dE(MeV) StepLeng TrackLeng  NextVolume ProcName
    0        0        0        0     0.511        0        0         0 water sphere initStep
    1      200        0        0     0.511        0      200       200       world Transportation
    2      500        0        0     0.511        0      300       500 CrystalRing Transportation
    3      520        0        0     0.511        0       20       520     Crystal Transportation
    4      534        0        0     0.486   0.0016     13.7       534     Crystal compt
    5      534        0        0     0.486        0        0       534     Crystal Transportation
    6      539   -0.859     1.03     0.143   0.0108      5.9       540     Crystal compt
    7      540   -0.752     1.05     0.136 4.45e-06     0.11       540     Crystal compt
    8      540 -8.88e-16    0.708     0.136        0    0.846       541     Crystal Transportation
    9      540     0.38    0.535         0  0.00924    0.427       541     Crystal phot

*********************************************************************************************************
* G4Track Information:   Particle = e-,   Track ID = 5,   Parent ID = 1
*********************************************************************************************************

Step#    X(mm)    Y(mm)    Z(mm) KinE(MeV)  dE(MeV) StepLeng TrackLeng  NextVolume ProcName
    0      540     0.38    0.535    0.0726        0        0         0     Crystal initStep
    1      540    0.379    0.537         0   0.0726   0.0199    0.0199     Crystal eIoni

*********************************************************************************************************
* G4Track Information:   Particle = e-,   Track ID = 4,   Parent ID = 1
*********************************************************************************************************

Step#    X(mm)    Y(mm)    Z(mm) KinE(MeV)  dE(MeV) StepLeng TrackLeng  NextVolume ProcName
    0      540   -0.752     1.05   0.00654        0        0         0     Crystal initStep
    1      540   -0.752     1.05         0  0.00654 0.000353  0.000353     Crystal eIoni

*********************************************************************************************************
* G4Track Information:   Particle = e-,   Track ID = 3,   Parent ID = 1
*********************************************************************************************************

Step#    X(mm)    Y(mm)    Z(mm) KinE(MeV)  dE(MeV) StepLeng TrackLeng  NextVolume ProcName
    0      539   -0.859     1.03     0.332        0        0         0     Crystal initStep
    1      540   -0.899    0.889     0.161    0.171    0.168     0.168     Crystal eIoni
    2      540   -0.894    0.887         0    0.161   0.0735     0.242     Crystal eIoni

*********************************************************************************************************
* G4Track Information:   Particle = e-,   Track ID = 2,   Parent ID = 1
*********************************************************************************************************

Step#    X(mm)    Y(mm)    Z(mm) KinE(MeV)  dE(MeV) StepLeng TrackLeng  NextVolume ProcName
    0      534        0        0    0.0238        0        0         0     Crystal initStep
    1      534 3.14e-05 -3.84e-05    0.0237 0.000147 5.71e-05  5.71e-05     Crystal msc
    2      534 0.000116 -0.000108    0.0234 0.000296  0.00012  0.000177     Crystal msc
    3      534 0.000132 -6.09e-05     0.023   0.0004  0.00012  0.000298     Crystal msc
    4      534 6.98e-05 -1.74e-05    0.0227 0.000242  0.00012  0.000418     Crystal msc
    5      534 2.09e-05 -0.000111    0.0217  0.00106  0.00012  0.000538     Crystal msc
    6      534 3.56e-06 -0.00016    0.0214 0.000263 5.73e-05  0.000595     Crystal msc
    7      534 9.12e-05 -0.000205    0.0206 0.000771  0.00012  0.000715     Crystal msc
    8      534  7.7e-05 -0.000278    0.0204 0.000225  0.00012  0.000836     Crystal msc
    9      534  4.9e-05 -0.000351    0.0202 0.000241  0.00012  0.000956     Crystal msc
   10      534 1.01e-05 -0.000372    0.0197 0.000424  0.00012   0.00108     Crystal msc
   11      534 8.41e-07 -0.000375    0.0197 4.45e-05 1.07e-05   0.00109     Crystal msc
   12      534 -7.58e-16 -0.000375    0.0197 5.26e-06 9.78e-07   0.00109     Crystal Transportation
   13      534 -1.44e-06 -0.000376    0.0197    9e-06 1.67e-06   0.00109     Crystal msc
   14      534 -5.26e-05 -0.000385    0.0195 0.000198 8.72e-05   0.00118     Crystal msc
   15      534 -5.96e-05 -0.000422     0.019 0.000514 8.72e-05   0.00126     Crystal msc
   16      534 -0.00012 -0.000453    0.0186 0.000353 8.72e-05   0.00135     Crystal msc
   17      534 -0.000177 -0.000483    0.0176  0.00103 8.72e-05   0.00144     Crystal msc
   18      534 -0.000252 -0.000459    0.0172 0.000379 8.72e-05   0.00153     Crystal msc
   19      534 -0.000316 -0.000439    0.0169 0.000273 8.72e-05   0.00161     Crystal msc
   20      534 -0.000366 -0.00047    0.0165 0.000451 8.72e-05    0.0017     Crystal msc
   21      534 -0.000312 -0.000505     0.016 0.000497 8.72e-05   0.00179     Crystal msc
   22      534 -0.000235 -0.000483    0.0157 0.000275 8.72e-05   0.00187     Crystal msc
   23      534 -0.000182 -0.00042     0.015  0.00071 8.72e-05   0.00196     Crystal msc
   24      534 -0.000154 -0.000356    0.0143 0.000724 8.72e-05   0.00205     Crystal msc
   25      534 -0.000171 -0.000355    0.0134 0.000898 8.72e-05   0.00214     Crystal msc
   26      534 -0.000159 -0.000354    0.0132 0.000164 8.72e-05   0.00222     Crystal msc
   27      534 -0.000147 -0.000388    0.0127 0.000505 8.72e-05   0.00231     Crystal msc
   28      534 -8.73e-05 -0.000384    0.0124  0.00029 8.72e-05    0.0024     Crystal msc
   29      534 -8.21e-05 -0.000377    0.0116 0.000786 8.72e-05   0.00249     Crystal msc
   30      534 -4.27e-05 -0.000405    0.0107 0.000981 8.72e-05   0.00257     Crystal msc
   31      534 -6.29e-06 -0.00042    0.0104 0.000233  5.1e-05   0.00262     Crystal msc
   32      534 -1.52e-06 -0.000419    0.0104        0 4.98e-06   0.00263     Crystal msc
   33      534 -6.25e-16 -0.000418    0.0104  3.5e-05 1.66e-06   0.00263     Crystal Transportation
   34      534 1.18e-06 -0.000418    0.0104        0 1.21e-06   0.00263     Crystal msc
   35      534 2.58e-05 -0.000424    0.0102 0.000147 3.01e-05   0.00266     Crystal msc
   36      534 5.09e-05 -0.00044    0.0101 0.000138 3.01e-05   0.00269     Crystal msc
   37      534 7.15e-05 -0.00046      0.01 8.81e-05 3.01e-05   0.00272     Crystal msc
   38      534 9.73e-05 -0.000467   0.00989 0.000121 3.01e-05   0.00275     Crystal msc
   39      534 0.000124 -0.000467   0.00982 7.41e-05 3.01e-05   0.00278     Crystal msc
   40      534 0.000132 -0.000475   0.00971 0.000109 3.01e-05   0.00281     Crystal msc
   41      534  0.00014 -0.000493   0.00952 0.000195 3.01e-05   0.00284     Crystal msc
   42      534 0.000139 -0.000522   0.00941 0.000108 3.01e-05   0.00287     Crystal msc
   43      534 0.000133 -0.000538   0.00939 1.88e-05 3.01e-05    0.0029     Crystal msc
   44      534 0.000143 -0.000537    0.0091 0.000288 3.01e-05   0.00293     Crystal msc
   45      534 0.000146 -0.000543    0.0091        0 3.01e-05   0.00296     Crystal msc
   46      534 0.000129 -0.00054    0.0088 0.000298 3.01e-05   0.00299     Crystal msc
   47      534 0.000103 -0.000543   0.00833 0.000477 3.01e-05   0.00302     Crystal msc
   48      534 9.51e-05 -0.00056   0.00833        0 3.01e-05   0.00305     Crystal msc
   49      534 0.000115 -0.00058   0.00824 8.79e-05 3.01e-05   0.00308     Crystal msc
   50      534 0.000134  -0.0006   0.00779 0.000448 3.01e-05   0.00311     Crystal msc
   51      534 0.000162 -0.000605   0.00753 0.000258 3.01e-05   0.00314     Crystal msc
   52      534 0.000184  -0.0006   0.00703 0.000505 3.01e-05   0.00317     Crystal msc
   53      534 0.000184 -0.000623   0.00674 0.000286 3.01e-05    0.0032     Crystal msc
   54      534 0.000204 -0.000641   0.00656 0.000179 3.01e-05   0.00323     Crystal msc
   55      534 0.000228 -0.000645   0.00624 0.000317 3.01e-05   0.00326     Crystal msc
   56      534 0.000245 -0.000665   0.00558 0.000665 3.01e-05   0.00329     Crystal msc
   57      534 0.000258 -0.000687   0.00522  0.00036 3.01e-05   0.00332     Crystal msc
   58      534 0.000243 -0.000724         0  0.00522 0.000247   0.00357     Crystal eIoni

*********************************************************************************************************
* G4Track Information:   Particle = gamma,   Track ID = 6,   Parent ID = 1
*********************************************************************************************************

Step#    X(mm)    Y(mm)    Z(mm) KinE(MeV)  dE(MeV) StepLeng TrackLeng  NextVolume ProcName
    0      540     0.38    0.535    0.0542        0        0         0     Crystal initStep
    1      540    0.455    0.635         0  0.00041    0.126     0.126     Crystal phot

*********************************************************************************************************
* G4Track Information:   Particle = e-,   Track ID = 7,   Parent ID = 6
*********************************************************************************************************

Step#    X(mm)    Y(mm)    Z(mm) KinE(MeV)  dE(MeV) StepLeng TrackLeng  NextVolume ProcName
    0      540    0.455    0.635    0.0538        0        0         0     Crystal initStep
    1      540    0.455    0.634         0   0.0538    0.012     0.012     Crystal eIoni

*********************************************************************************************************
* G4Track Information:   Particle = gamma,   Track ID = 1,   Parent ID = 0
*********************************************************************************************************

Step#    X(mm)    Y(mm)    Z(mm) KinE(MeV)  dE(MeV) StepLeng TrackLeng  NextVolume ProcName
    0        0        0        0     0.511        0        0         0 water sphere initStep
    1      147        0        0     0.387 1.42e-05      147       147 water sphere compt
    2      194     38.2    -32.6     0.387        0     68.5       216       world Transportation
    3      439      239     -204     0.387        0      361       576 CrystalRing Transportation
    4      458      255     -218     0.387        0     27.5       604     Crystal Transportation
    5      461      257     -220         0   0.0104      4.5       608     Crystal phot

*********************************************************************************************************
* G4Track Information:   Particle = e-,   Track ID = 3,   Parent ID = 1
*********************************************************************************************************

Step#    X(mm)    Y(mm)    Z(mm) KinE(MeV)  dE(MeV) StepLeng TrackLeng  NextVolume ProcName
    0      461      257     -220     0.324        0        0         0     Crystal initStep
    1      461      257     -220    0.0919    0.232    0.165     0.165     Crystal eIoni
    2      461      257     -220         0   0.0919   0.0295     0.195     Crystal eIoni

*********************************************************************************************************
* G4Track Information:   Particle = e-,   Track ID = 2,   Parent ID = 1
*********************************************************************************************************

Step#    X(mm)    Y(mm)    Z(mm) KinE(MeV)  dE(MeV) StepLeng TrackLeng  NextVolume ProcName
    0      147        0        0     0.124        0        0         0 water sphere initStep
    1      147  -0.0412    0.106    0.0651   0.0585    0.161     0.161 water sphere eIoni
    2      147  -0.0668    0.126         0   0.0651   0.0673     0.228 water sphere eIoni

*********************************************************************************************************
* G4Track Information:   Particle = gamma,   Track ID = 4,   Parent ID = 1
*********************************************************************************************************

Step#    X(mm)    Y(mm)    Z(mm) KinE(MeV)  dE(MeV) StepLeng TrackLeng  NextVolume ProcName
    0      461      257     -220    0.0531        0        0         0     Crystal initStep
    1      460      257     -219         0   0.0108    0.932     0.932     Crystal phot

*********************************************************************************************************
* G4Track Information:   Particle = e-,   Track ID = 5,   Parent ID = 4
*********************************************************************************************************

Step#    X(mm)    Y(mm)    Z(mm) KinE(MeV)  dE(MeV) StepLeng TrackLeng  NextVolume ProcName
    0      460      257     -219    0.0422        0        0         0     Crystal initStep
    1      460      257     -219         0   0.0422  0.00795   0.00795     Crystal eIoni

*********************************************************************************************************
* G4Track Information:   Particle = gamma,   Track ID = 1,   Parent ID = 0
*********************************************************************************************************

Step#    X(mm)    Y(mm)    Z(mm) KinE(MeV)  dE(MeV) StepLeng TrackLeng  NextVolume ProcName
    0        0        0        0     0.511        0        0         0 water sphere initStep
    1     28.9        0        0     0.425 2.92e-05     28.9      28.9 water sphere compt
    2     65.1     13.9    -24.1     0.172 1.36e-05     45.7      74.6 water sphere compt
    3     -100    -83.3    -44.8     0.162 2.92e-05      193       267 water sphere compt
    4     -131     -147    -37.5     0.162        0     70.8       338       world Transportation
    5     -264     -425    -5.49     0.162        0      310       648 CrystalRing Transportation
    6     -274     -444    -3.24     0.162        0     21.7       670     Crystal Transportation
    7     -274     -445    -3.12         0   0.0104     1.19       671     Crystal phot

*********************************************************************************************************
* G4Track Information:   Particle = e-,   Track ID = 5,   Parent ID = 1
*********************************************************************************************************

Step#    X(mm)    Y(mm)    Z(mm) KinE(MeV)  dE(MeV) StepLeng TrackLeng  NextVolume ProcName
    0     -274     -445    -3.12     0.099        0        0         0     Crystal initStep
    1     -274     -445    -3.12         0    0.099   0.0333    0.0333     Crystal eIoni

*********************************************************************************************************
* G4Track Information:   Particle = e-,   Track ID = 4,   Parent ID = 1
*********************************************************************************************************

Step#    X(mm)    Y(mm)    Z(mm) KinE(MeV)  dE(MeV) StepLeng TrackLeng  NextVolume ProcName
    0     -100    -83.3    -44.8   0.00973        0        0         0 water sphere initStep
    1     -100    -83.3    -44.8         0  0.00973  0.00236   0.00236 water sphere eIoni

*********************************************************************************************************
* G4Track Information:   Particle = e-,   Track ID = 3,   Parent ID = 1
*********************************************************************************************************

Step#    X(mm)    Y(mm)    Z(mm) KinE(MeV)  dE(MeV) StepLeng TrackLeng  NextVolume ProcName
    0     65.1     13.9    -24.1     0.253        0        0         0 water sphere initStep
    1     65.3     13.9    -24.3      0.17   0.0825    0.278     0.278 water sphere eIoni
    2     65.4       14    -24.4     0.106   0.0644    0.206     0.484 water sphere eIoni
    3     65.3     14.1    -24.3    0.0305   0.0754     0.14     0.624 water sphere eIoni
    4     65.3     14.1    -24.3         0   0.0305   0.0177     0.641 water sphere eIoni

*********************************************************************************************************
* G4Track Information:   Particle = e-,   Track ID = 2,   Parent ID = 1
*********************************************************************************************************

Step#    X(mm)    Y(mm)    Z(mm) KinE(MeV)  dE(MeV) StepLeng TrackLeng  NextVolume ProcName
    0     28.9        0        0    0.0861        0        0         0 water sphere initStep
    1       29   0.0228   0.0112    0.0249   0.0613    0.109     0.109 water sphere eIoni
    2       29   0.0284     0.01         0   0.0249   0.0123     0.121 water sphere eIoni

*********************************************************************************************************
* G4Track Information:   Particle = gamma,   Track ID = 6,   Parent ID = 1
*********************************************************************************************************

Step#    X(mm)    Y(mm)    Z(mm) KinE(MeV)  dE(MeV) StepLeng TrackLeng  NextVolume ProcName
    0     -274     -445    -3.12    0.0531        0        0         0     Crystal initStep
    1     -274     -445    -3.04         0 0.000199    0.335     0.335     Crystal phot

*********************************************************************************************************
* G4Track Information:   Particle = e-,   Track ID = 7,   Parent ID = 6
*********************************************************************************************************

Step#    X(mm)    Y(mm)    Z(mm) KinE(MeV)  dE(MeV) StepLeng TrackLeng  NextVolume ProcName
    0     -274     -445    -3.04    0.0529        0        0         0     Crystal initStep
    1     -274     -445    -3.04         0   0.0529   0.0116    0.0116     Crystal eIoni

*********************************************************************************************************
* G4Track Information:   Particle = gamma,   Track ID = 1,   Parent ID = 0
*********************************************************************************************************

Step#    X(mm)    Y(mm)    Z(mm) KinE(MeV)  dE(MeV) StepLeng TrackLeng  NextVolume ProcName
    0        0        0        0     0.511        0        0         0 water sphere initStep
    1      139        0        0     0.363 1.42e-05      139       139 water sphere compt
    2      188     43.9     51.2     0.363        0     83.5       223       world Transportation
    3    1e+03      768      896     0.363        0 1.38e+03   1.6e+03  OutOfWorld Transportation

*********************************************************************************************************
* G4Track Information:   Particle = e-,   Track ID = 2,   Parent ID = 1
*********************************************************************************************************

Step#    X(mm)    Y(mm)    Z(mm) KinE(MeV)  dE(MeV) StepLeng TrackLeng  NextVolume ProcName
    0      139        0        0     0.148        0        0         0 water sphere initStep
    1      139  -0.0622   -0.107    0.0616   0.0863    0.185     0.185 water sphere eIoni
    2      139  -0.0539   -0.136         0   0.0616   0.0612     0.247 water sphere eIoni

*********************************************************************************************************
* G4Track Information:   Particle = gamma,   Track ID = 1,   Parent ID = 0
*********************************************************************************************************

Step#    X(mm)    Y(mm)    Z(mm) KinE(MeV)  dE(MeV) StepLeng TrackLeng  NextVolume ProcName
    0        0        0        0     0.511        0        0         0 water sphere initStep
    1     22.9        0        0     0.427 2.92e-05     22.9      22.9 water sphere compt
    2     71.2    -30.5     20.2     0.418 1.42e-05     60.6      83.5 water sphere compt
    3     96.9    -56.3       36     0.398 2.92e-05     39.6       123 water sphere compt
    4      102    -59.5     36.7     0.157 0.000537     5.96       129 water sphere compt
    5     99.2    -56.7     36.3     0.133 2.92e-05     3.85       133 water sphere compt
    6     56.9    -54.6     89.5     0.106 0.000537       68       201 water sphere compt
    7     96.1    -83.4      154    0.0765 2.92e-05     80.6       282 water sphere compt
    8     75.3    -72.9      141    0.0666 1.42e-05     26.6       308 water sphere compt
    9     71.4    -91.5      129    0.0585 1.36e-05     22.3       330 water sphere compt
   10      125    -49.9       66    0.0544 0.000537     92.6       423 water sphere compt
   11      144    -32.5     88.5    0.0455 1.36e-05     34.5       458 water sphere compt
   12      142      -32     87.2    0.0448 1.42e-05     2.47       460 water sphere compt
   13      131      -17     71.3    0.0438 1.42e-05     24.8       485 water sphere compt
   14     60.9    -34.7       43    0.0409 1.36e-05     77.5       562 water sphere compt
   15     66.2    -64.9     35.7    0.0409        0     31.5       594 water sphere Rayl
   16     87.7    -63.7     43.3         0 0.000537     22.8       617 water sphere phot

*********************************************************************************************************
* G4Track Information:   Particle = e-,   Track ID = 16,   Parent ID = 1
*********************************************************************************************************

Step#    X(mm)    Y(mm)    Z(mm) KinE(MeV)  dE(MeV) StepLeng TrackLeng  NextVolume ProcName
    0     87.7    -63.7     43.3    0.0403        0        0         0 water sphere initStep
    1     87.7    -63.7     43.3         0   0.0403   0.0291    0.0291 water sphere eIoni

*********************************************************************************************************
* G4Track Information:   Particle = e-,   Track ID = 15,   Parent ID = 1
*********************************************************************************************************

Step#    X(mm)    Y(mm)    Z(mm) KinE(MeV)  dE(MeV) StepLeng TrackLeng  NextVolume ProcName
    0     60.9    -34.7       43   0.00297        0        0         0 water sphere initStep
    1     60.9    -34.7       43         0  0.00297 0.000303  0.000303 water sphere eIoni

*********************************************************************************************************
* G4Track Information:   Particle = e-,   Track ID = 14,   Parent ID = 1
*********************************************************************************************************

Step#    X(mm)    Y(mm)    Z(mm) KinE(MeV)  dE(MeV) StepLeng TrackLeng  NextVolume ProcName
    0      131      -17     71.3  0.000922        0        0         0 water sphere initStep
    1      131      -17     71.3         0 0.000922 4.69e-05  4.69e-05 water sphere eIoni

*********************************************************************************************************
* G4Track Information:   Particle = e-,   Track ID = 13,   Parent ID = 1
*********************************************************************************************************

Step#    X(mm)    Y(mm)    Z(mm) KinE(MeV)  dE(MeV) StepLeng TrackLeng  NextVolume ProcName
    0      142      -32     87.2  0.000742        0        0         0 water sphere initStep
    1      142      -32     87.2         0 0.000742 3.44e-05  3.44e-05 water sphere eIoni

*********************************************************************************************************
* G4Track Information:   Particle = e-,   Track ID = 12,   Parent ID = 1
*********************************************************************************************************

Step#    X(mm)    Y(mm)    Z(mm) KinE(MeV)  dE(MeV) StepLeng TrackLeng  NextVolume ProcName
    0      144    -32.5     88.5   0.00883        0        0         0 water sphere initStep
    1      144    -32.5     88.5         0  0.00883  0.00199   0.00199 water sphere eIoni

*********************************************************************************************************
* G4Track Information:   Particle = e-,   Track ID = 11,   Parent ID = 1
*********************************************************************************************************

Step#    X(mm)    Y(mm)    Z(mm) KinE(MeV)  dE(MeV) StepLeng TrackLeng  NextVolume ProcName
    0      125    -49.9       66    0.0036        0        0         0 water sphere initStep
    1      125    -49.9       66         0   0.0036 0.000421  0.000421 water sphere eIoni

*********************************************************************************************************
* G4Track Information:   Particle = e-,   Track ID = 10,   Parent ID = 1
*********************************************************************************************************

Step#    X(mm)    Y(mm)    Z(mm) KinE(MeV)  dE(MeV) StepLeng TrackLeng  NextVolume ProcName
    0     71.4    -91.5      129   0.00803        0        0         0 water sphere initStep
    1     71.4    -91.5      129         0  0.00803  0.00168   0.00168 water sphere eIoni

*********************************************************************************************************
* G4Track Information:   Particle = e-,   Track ID = 9,   Parent ID = 1
*********************************************************************************************************

Step#    X(mm)    Y(mm)    Z(mm) KinE(MeV)  dE(MeV) StepLeng TrackLeng  NextVolume ProcName
    0     75.3    -72.9      141   0.00997        0        0         0 water sphere initStep
    1     75.3    -72.9      141         0  0.00997  0.00247   0.00247 water sphere eIoni

*********************************************************************************************************
* G4Track Information:   Particle = e-,   Track ID = 8,   Parent ID = 1
*********************************************************************************************************

Step#    X(mm)    Y(mm)    Z(mm) KinE(MeV)  dE(MeV) StepLeng TrackLeng  NextVolume ProcName
    0     96.1    -83.4      154    0.0294        0        0         0 water sphere initStep
    1     96.1    -83.4      154         0   0.0294   0.0166    0.0166 water sphere eIoni

*********************************************************************************************************
* G4Track Information:   Particle = e-,   Track ID = 7,   Parent ID = 1
*********************************************************************************************************

Step#    X(mm)    Y(mm)    Z(mm) KinE(MeV)  dE(MeV) StepLeng TrackLeng  NextVolume ProcName
    0     56.9    -54.6     89.5    0.0263        0        0         0 water sphere initStep
    1     56.8    -54.6     89.5         0   0.0263   0.0136    0.0136 water sphere eIoni

*********************************************************************************************************
* G4Track Information:   Particle = e-,   Track ID = 6,   Parent ID = 1
*********************************************************************************************************

Step#    X(mm)    Y(mm)    Z(mm) KinE(MeV)  dE(MeV) StepLeng TrackLeng  NextVolume ProcName
    0     99.2    -56.7     36.3    0.0241        0        0         0 water sphere initStep
    1     99.2    -56.7     36.3         0   0.0241   0.0117    0.0117 water sphere eIoni

*********************************************************************************************************
* G4Track Information:   Particle = e-,   Track ID = 5,   Parent ID = 1
*********************************************************************************************************

Step#    X(mm)    Y(mm)    Z(mm) KinE(MeV)  dE(MeV) StepLeng TrackLeng  NextVolume ProcName
    0      102    -59.5     36.7      0.24        0        0         0 water sphere initStep
    1      102    -59.6     36.8      0.11    0.131    0.267     0.267 water sphere eIoni
    2      102    -59.7     36.9    0.0346   0.0749    0.145     0.412 water sphere eIoni
    3      102    -59.7     36.9         0   0.0346   0.0222     0.434 water sphere eIoni

*********************************************************************************************************
* G4Track Information:   Particle = e-,   Track ID = 4,   Parent ID = 1
*********************************************************************************************************

Step#    X(mm)    Y(mm)    Z(mm) KinE(MeV)  dE(MeV) StepLeng TrackLeng  NextVolume ProcName
    0     96.9    -56.3       36    0.0206        0        0         0 water sphere initStep
    1     96.9    -56.3       36         0   0.0206  0.00881   0.00881 water sphere eIoni

*********************************************************************************************************
* G4Track Information:   Particle = e-,   Track ID = 3,   Parent ID = 1
*********************************************************************************************************

Step#    X(mm)    Y(mm)    Z(mm) KinE(MeV)  dE(MeV) StepLeng TrackLeng  NextVolume ProcName
    0     71.2    -30.5     20.2   0.00811        0        0         0 water sphere initStep
    1     71.2    -30.5     20.2         0  0.00811  0.00171   0.00171 water sphere eIoni

*********************************************************************************************************
* G4Track Information:   Particle = e-,   Track ID = 2,   Parent ID = 1
*********************************************************************************************************

Step#    X(mm)    Y(mm)    Z(mm) KinE(MeV)  dE(MeV) StepLeng TrackLeng  NextVolume ProcName
    0     22.9        0        0    0.0844        0        0         0 water sphere initStep
    1       23   0.0386  -0.0255         0   0.0844    0.106     0.106 water sphere eIoni
Run terminated.
Run Summary
  Number of events processed : 10
  User=0.52s Real=0.58s Sys=0.03s
*** VRML 2.0 File  g4_05.wrl  is generated.
MESSAGE from VRML2FILE driver:
    Set an environmental variable  G4VRMLFILE_VIEWER
    if you want to visualize the generated VRML file
    automatically.  For example, 
    setenv  G4VRMLFILE_VIEWER  vrwave 
10 events have been kept for refreshing and/or reviewing.
Graphics systems deleted.
Visualization Manager deleting...
