/control/execute exercise4b.in
/gamos/setParam GmGeometryFromText:FileName ../exercise1/pet.geom
/gamos/geometry GmGeometryFromText
/gamos/physicsList GmEMPhysics
/gamos/GmPhysics/addPhysics gamma-lowener

-------- WWWW ------- G4Exception-START -------- WWWW -------
*** G4Exception : WARNING
      issued by : GmPhysicsMessenger::SetNewValue
You are using a deprecated command /gamos/GmPhysics/addPhysics , please use /gamos/GmPhysics/replacePhysics
*** This is just a warning message. ***
-------- WWWW -------- G4Exception-END --------- WWWW -------

GmEMPhysics::Replaceing PhysicsList component gamma-lowener
GmEMPhysics::ReplacePhysicsList: gamma-lowener is registered
/gamos/GmPhysics/addPhysics electron-lowener

-------- WWWW ------- G4Exception-START -------- WWWW -------
*** G4Exception : WARNING
      issued by : GmPhysicsMessenger::SetNewValue
You are using a deprecated command /gamos/GmPhysics/addPhysics , please use /gamos/GmPhysics/replacePhysics
*** This is just a warning message. ***
-------- WWWW -------- G4Exception-END --------- WWWW -------

GmEMPhysics::Replaceing PhysicsList component electron-lowener
GmEMPhysics::ReplacePhysicsList: electron-lowener is registered
/gamos/generator GmGenerator
 GmGenUtils::FileInPath ./isotopes.dat in .
 GmGenUtils::FileInPath /home/arce/gamosnew/GAMOS.5.0.0/data/isotopes.dat in /home/arce/gamosnew/GAMOS.5.0.0/data
/gamos/userAction GmCountProcessesUA
/gamos/userAction GmHitsHistosUA
/gamos/userAction GmRecHitsHistosUA
/gamos/setParam hits.text:FileName myHits.out
/gamos/setParam hits.text:DebugOut 0
/gamos/setParam SD:GmHitsWriteUA:BinFile 0
/gamos/userAction GmHitsWriteUA
/run/initialize
 GmGenUtils::FileInPath ./../exercise1/pet.geom in .
GmEMPhysics PhysicsList: DEFAULT = positron-standard is registered
GmPhysicsGammaLowEner::ConstructProcess 
/gamos/SD/assocSD2LogVol GmSDSimple Calor Crystal
 DeadTimeDUListByBlock: NShift 100
 GmDetUnitIDBuilderFromAncestors sdType Calor
/gamos/SD/recHitBuilder GmRecHitBuilderByBlock Calor
/gamos/generator/addIsotopeSource source F18 1.E9*becquerel
/gamos/generator/positionDist source GmGenerDistPositionInG4Volumes "water sphere"
/run/beamOn 10000

phot:   for  gamma    SubType= 12
      LambdaPrime table from 200 keV to 10 TeV in 54 bins 
      ===== EM models for the G4Region  DefaultRegionForTheWorld ======
 LivermorePhElectric :  Emin=        0 eV    Emax=        1 GeV   AngularGenSauterGavrila  FluoActive
       PhotoElectric :  Emin=        1 GeV   Emax=       10 TeV   AngularGenSauterGavrila  FluoActive

compt:   for  gamma    SubType= 13
      Lambda table from 100 eV  to 1 MeV in 28 bins, spline: 1
      LambdaPrime table from 1 MeV to 10 TeV in 49 bins 
      ===== EM models for the G4Region  DefaultRegionForTheWorld ======
    LivermoreCompton :  Emin=        0 eV    Emax=        1 GeV  FluoActive
       Klein-Nishina :  Emin=        1 GeV   Emax=       10 TeV

conv:   for  gamma    SubType= 14
      Lambda table from 1.022 MeV to 10 TeV in 49 bins, spline: 1
      ===== EM models for the G4Region  DefaultRegionForTheWorld ======
 LivermoreConversion :  Emin=        0 eV    Emax=        1 GeV
        BetheHeitler :  Emin=        1 GeV   Emax=       80 GeV
     BetheHeitlerLPM :  Emin=       80 GeV   Emax=       10 TeV

Rayl:   for  gamma    SubType= 11
      Lambda table from 100 eV  to 100 keV in 21 bins, spline: 0
      LambdaPrime table from 100 keV to 10 TeV in 56 bins 
      ===== EM models for the G4Region  DefaultRegionForTheWorld ======
   LivermoreRayleigh :  Emin=        0 eV    Emax=        1 GeV   CullenGenerator
   LivermoreRayleigh :  Emin=        1 GeV   Emax=       10 TeV   CullenGenerator

msc:   for e-    SubType= 10
      RangeFactor= 0.04, step limit type: 2, lateralDisplacement: 1, skin= 1, geomFactor= 2.5
      ===== EM models for the G4Region  DefaultRegionForTheWorld ======
          UrbanMsc95 :  Emin=        0 eV    Emax=       10 TeV  Table with 77 bins Emin=    100 eV    Emax=     10 TeV

### ===  Deexcitation model UAtomDeexcitation is activated for 1 region:
          DefaultRegionForTheWorld

eIoni:   for  e-    SubType= 2
      dE/dx and range tables from 100 eV  to 10 TeV in 77 bins
      Lambda tables from threshold to 10 TeV in 77 bins, spline: 1
      finalRange(mm)= 0.1, dRoverRange= 0.2, integral: 1, fluct: 1, linLossLimit= 0.01
      ===== EM models for the G4Region  DefaultRegionForTheWorld ======
       LowEnergyIoni :  Emin=        0 eV    Emax=        1 GeV
        MollerBhabha :  Emin=        1 GeV   Emax=       10 TeV

eBrem:   for  e-    SubType= 3
      dE/dx and range tables from 100 eV  to 10 TeV in 77 bins
      Lambda tables from threshold to 10 TeV in 77 bins, spline: 1
      LPM flag: 1 for E > 1 GeV
      ===== EM models for the G4Region  DefaultRegionForTheWorld ======
           LowEnBrem :  Emin=        0 eV    Emax=        1 GeV   AngularGenUrban
            eBremLPM :  Emin=        1 GeV   Emax=       10 TeV   DipBustGen

msc:   for e+    SubType= 10
      RangeFactor= 0.04, step limit type: 1, lateralDisplacement: 1, skin= 1, geomFactor= 2.5
      ===== EM models for the G4Region  DefaultRegionForTheWorld ======
          UrbanMsc95 :  Emin=        0 eV    Emax=       10 TeV  Table with 77 bins Emin=    100 eV    Emax=     10 TeV

eIoni:   for  e+    SubType= 2
      dE/dx and range tables from 100 eV  to 10 TeV in 77 bins
      Lambda tables from threshold to 10 TeV in 77 bins, spline: 1
      finalRange(mm)= 1, dRoverRange= 0.2, integral: 1, fluct: 1, linLossLimit= 0.01
      ===== EM models for the G4Region  DefaultRegionForTheWorld ======
        MollerBhabha :  Emin=        0 eV    Emax=       10 TeV

eBrem:   for  e+    SubType= 3
      dE/dx and range tables from 100 eV  to 10 TeV in 77 bins
      Lambda tables from threshold to 10 TeV in 77 bins, spline: 1
      LPM flag: 1 for E > 1 GeV
      ===== EM models for the G4Region  DefaultRegionForTheWorld ======
             eBremSB :  Emin=        0 eV    Emax=        1 GeV   DipBustGen
            eBremLPM :  Emin=        1 GeV   Emax=       10 TeV   DipBustGen

annihil:   for  e+    SubType= 5
      ===== EM models for the G4Region  DefaultRegionForTheWorld ======
            eplus2gg :  Emin=        0 eV    Emax=       10 TeV

========= Table of registered couples ==============================

Index : 0     used in the geometry : Yes     recalculation needed : No 
 Material : G4_AIR
 Range cuts        :  gamma  100 um     e-  100 um     e+  100 um  proton 100 um 
 Energy thresholds :  gamma  990 eV     e-  990 eV     e+  990 eV  proton -1 MeV
 Region(s) which use this couple : 
    DefaultRegionForTheWorld

Index : 1     used in the geometry : Yes     recalculation needed : No 
 Material : LSO
 Range cuts        :  gamma  100 um     e-  100 um     e+  100 um  proton 100 um 
 Energy thresholds :  gamma  15.1545 keV    e-  205.548 keV    e+  200.096 keV proton -1 MeV
 Region(s) which use this couple : 
    DefaultRegionForTheWorld

Index : 2     used in the geometry : Yes     recalculation needed : No 
 Material : G4_WATER
 Range cuts        :  gamma  100 um     e-  100 um     e+  100 um  proton 100 um 
 Energy thresholds :  gamma  1.10981 keV    e-  84.6589 keV    e+  83.5287 keV proton -1 MeV
 Region(s) which use this couple : 
    DefaultRegionForTheWorld

====================================================================

@@@@@ GmCountProcessesUA GmCountProcessesUA
 CreateHisto1D Hits: SD ALL:Nhits = 201001
 CreateHisto1D Hits: SD ALL:Energy (keV) = 201002
 CreateHisto1D Hits: SD ALL:Width R3 (mm) = 201003
 CreateHisto1D Hits: SD ALL:Width Z (mm) = 201004
 CreateHisto1D Hits: SD ALL:Width phi (deg) = 201005
 CreateHisto1D Hits: SD ALL:N E depos = 201006
 CreateHisto1D Hits: SD ALL:Time span (ns) = 201007
 CreateHisto1D Hits: SD ALL:Distance between hits (mm) = 201008
 CreateHisto1D Hits: SD ALL:X hit (mm) = 201011
 CreateHisto1D Hits: SD ALL:Y hit (mm) = 201012
 CreateHisto1D Hits: SD ALL:Z hit (mm) = 201013
 CreateHisto1D Hits: SD ALL:R2 hit (mm) = 201014
 CreateHisto1D Hits: SD ALL:PHI hit (deg) = 201015
 CreateHisto1D Hits: SD ALL:THETA hit (deg) = 201016
 CreateHisto1D Hits: SD ALL:R3 hit (mm) = 201017
 CreateHisto1D Hits: SD Calor: Nhits = 201101
 CreateHisto1D Hits: SD Calor: Energy (keV) = 201102
 CreateHisto1D Hits: SD Calor: Width R3 (mm) = 201103
 CreateHisto1D Hits: SD Calor: Width Z (mm) = 201104
 CreateHisto1D Hits: SD Calor: Width phi (deg) = 201105
 CreateHisto1D Hits: SD Calor: N E depos = 201106
 CreateHisto1D Hits: SD Calor: Time span (ns) = 201107
 CreateHisto1D Hits: SD Calor: Distance between hits (mm) = 201108
 CreateHisto1D Hits: SD Calor: X hit (mm) = 201111
 CreateHisto1D Hits: SD Calor: Y hit (mm) = 201112
 CreateHisto1D Hits: SD Calor: Z hit (mm) = 201113
 CreateHisto1D Hits: SD Calor: R2 hit (mm) = 201114
 CreateHisto1D Hits: SD Calor: PHI hit (deg) = 201115
 CreateHisto1D Hits: SD Calor: THETA hit (deg) = 201116
 CreateHisto1D Hits: SD Calor: R3 hit (mm) = 201117
 CreateHisto1D RecHits: SD ALL:N rec hits = 202001
 CreateHisto1D RecHits: SD ALL:Energy (keV) = 202002
 CreateHisto1D RecHits: SD ALL:Width R3 (mm) = 202003
 CreateHisto1D RecHits: SD ALL:Width Z (mm) = 202004
 CreateHisto1D RecHits: SD ALL:Width phi (deg) = 202005
 CreateHisto1D RecHits: SD ALL:N sim hits = 202006
 CreateHisto1D RecHits: SD ALL:Time span (ns) = 202007
 CreateHisto1D RecHits: SD ALL:Distance between hits (mm) = 202008
 CreateHisto1D RecHits: SD Calor: N rec hits = 202101
 CreateHisto1D RecHits: SD Calor: Energy (keV) = 202102
 CreateHisto1D RecHits: SD Calor: Width R3 (mm) = 202103
 CreateHisto1D RecHits: SD Calor: Width Z (mm) = 202104
 CreateHisto1D RecHits: SD Calor: Width phi (deg) = 202105
 CreateHisto1D RecHits: SD Calor: N sim hits = 202106
 CreateHisto1D RecHits: SD Calor: Time span (ns) = 202107
 CreateHisto1D RecHits: SD Calor: Distance between hits (mm) = 202108
Start Run processing.
Run terminated.
Run Summary
  Number of events processed : 10000
  User=28.12s Real=28.59s Sys=0.16s
@@@@@ GmCountProcessesUA 
PART_COUNT: e+ = 10000
PART_COUNT: e- = 73702
PART_COUNT: gamma = 26119
PROC_COUNT e+ : Transportation = 24
PROC_COUNT e+ : annihil = 10001
PROC_COUNT e+ : eBrem = 118
PROC_COUNT e+ : eBrem_NoSeco = 4
PROC_COUNT e+ : eIoni = 554
PROC_COUNT e+ : eIoni_NoSeco = 10220
PROC_COUNT e+ : msc = 714
PROC_COUNT e+ : ALL = 21635
PROC_COUNT e- : Transportation = 183
PROC_COUNT e- : eBrem = 678
PROC_COUNT e- : eBrem_NoSeco = 38
PROC_COUNT e- : eIoni = 1606
PROC_COUNT e- : eIoni_NoSeco = 114353
PROC_COUNT e- : msc = 9945
PROC_COUNT e- : ALL = 126803
PROC_COUNT gamma : Rayl = 2785
PROC_COUNT gamma : Transportation = 54282
PROC_COUNT gamma : compt = 57181
PROC_COUNT gamma : phot = 14361
PROC_COUNT gamma : ALL = 128609
PROC_CREATOR_COUNT e+ : Primary = 10000
PROC_CREATOR_COUNT e- : compt = 57181
PROC_CREATOR_COUNT e- : eIoni = 2160
PROC_CREATOR_COUNT e- : phot = 14361
PROC_CREATOR_COUNT gamma : annihil = 20000
PROC_CREATOR_COUNT gamma : compt = 52
PROC_CREATOR_COUNT gamma : eBrem = 796
PROC_CREATOR_COUNT gamma : phot = 5271
Graphics systems deleted.
Visualization Manager deleting...
=== saving histograms in file === hits.root
=== saving histograms in file === recHits.root
