HEADER: 9,"EventID","TrackID","Particle","FinalKineticEnergy","FinalPosX","FinalPosY","FinalPosZ","FinalDirTheta","FinalDirPhi"
1,1,"gamma",0.786899,-0.699691,-1.41488,36,24.8844,-116.314
5,1,"gamma",0.66202,6.91507,2.93556,36,45.1368,23.002
23,1,"gamma",1,0,0,36,0,0
35,1,"gamma",0.92162,-1.30898,2.7459,36,18.6436,115.487
40,1,"gamma",1,0,0,36,0,0
46,1,"gamma",1,0,0,36,0,0
59,1,"gamma",1,0,0,36,0,0
69,1,"gamma",1,0,0,36,0,0
72,1,"gamma",1,0,0,36,0,0
78,1,"gamma",1,0,0,36,0,0
81,1,"gamma",0.756922,-2.04424,0.0979615,36,25.8651,177.256
95,1,"gamma",1,0,0,36,0,0
105,1,"gamma",0.934768,-0.23794,0.0553433,36,13.9304,166.906
107,1,"gamma",1,0,0,36,0,0
108,1,"gamma",0.444736,-9.01888,17.6683,36,41.6989,101.091
109,1,"gamma",0.797288,0.653926,0.101372,36,9.27175,37.4772
122,1,"gamma",1,0,0,36,0,0
137,1,"gamma",1,0,0,36,0,0
138,1,"gamma",0.878136,0.693121,0.298468,36,19.7993,23.2974
155,1,"gamma",0.874803,-1.17176,7.30365,36,22.8397,99.1146
168,1,"gamma",1,0,0,36,0,0
179,1,"gamma",1,0.0594025,0.376946,36,1.62298,81.0445
185,1,"gamma",1,0,0,36,0,0
225,2,"e-",0.652105,-0.00328739,-0.00662272,36,59.1641,-98.7457
231,1,"gamma",1,0,0,36,0,0
237,1,"gamma",1,0,0,36,0,0
247,1,"gamma",0.707349,-8.32701,-4.40458,36,17.758,-120.257
250,1,"gamma",0.962361,2.39216,3.54076,36,16.6534,55.9568
270,1,"gamma",1,0,0,36,0,0
276,1,"gamma",0.668569,4.99223,2.8908,36,49.8397,48.6063
280,1,"gamma",0.940722,0.0783678,0.0986983,36,14.5021,51.5499
283,1,"gamma",1,0,0,36,0,0
288,1,"gamma",0.836937,4.19722,4.74275,36,25.375,48.492
300,1,"gamma",0.554542,-1.1343,5.24264,36,17.7333,71.9521
305,1,"gamma",1,0,0,36,0,0
310,1,"gamma",1,0,0,36,0,0
312,1,"gamma",1,0,0,36,0,0
315,1,"gamma",1,-0.0655628,0.450677,36,0.803474,98.2771
324,1,"gamma",0.972839,-1.59225,4.40129,36,22.1422,112.211
327,1,"gamma",1,0.0852642,0.0429238,36,0.494592,26.7217
329,1,"gamma",0.69937,7.85666,6.82032,36,16.6809,4.67526
339,1,"gamma",0.845943,15.6992,-1.03192,36,24.6379,-3.76067
346,1,"gamma",1,-0.829038,-0.77352,36,4.08256,-136.984
374,1,"gamma",1,-0.129459,0.0962283,36,2.01282,143.376
383,1,"gamma",1,0,0,36,0,0
387,1,"gamma",1,0,0,36,0,0
391,1,"gamma",1,0,0,36,0,0
397,1,"gamma",1,0,0,36,0,0
407,1,"gamma",0.583391,0.46956,-12.3158,36,49.5055,-87.6684
410,1,"gamma",1,0,0,36,0,0
412,1,"gamma",0.919004,-1.80433,2.65155,36,12.8368,-5.92712
416,1,"gamma",1,0,0,36,0,0
418,1,"gamma",0.824173,9.5664,-1.50706,36,29.8456,-8.95261
423,2,"e-",0.639457,0.021209,0.0389385,36,42.6791,129.453
428,1,"gamma",1,0,0,36,0,0
432,1,"gamma",0.94512,-1.02105,-0.640129,36,12.223,-147.915
437,1,"gamma",1,0.0486515,-0.0411076,36,1.08043,-40.1958
439,1,"gamma",1,0,0,36,0,0
447,1,"gamma",0.981907,2.17098,0.338947,36,17.1528,12.4044
449,1,"gamma",0.695363,5.72256,9.53425,36,39.159,59.0274
472,1,"gamma",1,-0.588956,-0.321948,36,1.53913,-151.337
475,1,"gamma",1,0,0,36,0,0
476,1,"gamma",1,0,0,36,0,0
481,1,"gamma",0.839532,-0.0994198,-1.16484,36,32.9596,-99.3287
486,1,"gamma",0.830914,-12.6708,-5.89059,36,27.5006,-155.067
491,1,"gamma",1,0,0,36,0,0
493,1,"gamma",1,0,0,36,0,0
500,1,"gamma",1,0,0,36,0,0
513,1,"gamma",1,0,0,36,0,0
515,1,"gamma",0.83721,2.97793,1.38155,36,24.554,24.888
528,1,"gamma",1,0,0,36,0,0
534,1,"gamma",0.996072,1.35663,-0.338064,36,3.99327,-13.9928
536,1,"gamma",1,0,0,36,0,0
543,1,"gamma",1,0,0,36,0,0
560,1,"gamma",1,0.63659,0.599539,36,1.92815,43.2832
562,1,"gamma",1,0,0,36,0,0
570,1,"gamma",1,0,0,36,0,0
573,1,"gamma",1,0,0,36,0,0
587,1,"gamma",1,0,0,36,0,0
592,1,"gamma",1,0,0,36,0,0
597,1,"gamma",0.976903,1.73756,2.21224,36,12.4478,51.8529
599,1,"gamma",1,0,0,36,0,0
623,1,"gamma",1,0,0,36,0,0
634,1,"gamma",0.943773,3.93081,0.845136,36,13.3737,12.134
643,1,"gamma",0.778649,7.34704,10.0465,36,21.1214,7.37344
648,1,"gamma",0.866762,-0.797723,3.67207,36,24.4726,102.257
656,1,"gamma",0.351484,-2.72654,12.3258,36,38.6578,169.081
661,1,"gamma",1,0,0,36,0,0
665,1,"gamma",1,0,0,36,0,0
678,1,"gamma",1,0,0,36,0,0
687,1,"gamma",1,0,0,36,0,0
689,1,"gamma",1,0,0,36,0,0
694,1,"gamma",0.79144,0.696602,6.23939,36,26.2596,80.9007
695,1,"gamma",1,0.0614389,-0.342791,36,0.869115,-79.8387
698,1,"gamma",0.736477,6.62905,1.23634,36,29.4547,-56.8705
701,1,"gamma",1,0,0,36,0,0
705,1,"gamma",1,-0.165028,2.26632,36,4.20211,94.1648
713,1,"gamma",0.59777,15.7644,-29.9681,36,50.3793,-62.2539
715,1,"gamma",0.639126,1.80529,3.50716,36,52.677,90.5579
717,1,"gamma",1,0,0,36,0,0
722,1,"gamma",1,0,0,36,0,0
738,1,"gamma",1,0,0,36,0,0
754,1,"gamma",1,0,0,36,0,0
765,1,"gamma",1,0,0,36,0,0
766,1,"gamma",1,0.0468484,-0.0512535,36,1.08316,-47.571
772,1,"gamma",0.910911,2.34909,-4.59327,36,15.3462,-53.6691
789,1,"gamma",0.952558,2.54515,3.3928,36,16.1019,63.6975
790,1,"gamma",0.480875,5.0578,5.89975,36,31.6269,-14.2656
794,1,"gamma",1,0,0,36,0,0
797,1,"gamma",0.979434,-3.78601,0.675118,36,9.01463,169.889
803,1,"gamma",1,0.508953,-0.114579,36,1.0787,-12.6873
811,1,"gamma",1,0,0,36,0,0
821,1,"gamma",1,0,0,36,0,0
827,1,"gamma",0.960857,2.33494,1.37238,36,11.8025,30.4453
830,1,"gamma",0.785445,-16.9984,9.71252,36,30.7122,150.457
841,1,"gamma",1,1.6388,-0.731807,36,11.3693,-24.0632
848,1,"gamma",1,0,0,36,0,0
864,1,"gamma",1,0,0,36,0,0
876,1,"gamma",1,0,0,36,0,0
879,1,"gamma",0.798848,-5.99628,-0.116851,36,27.6897,-175.881
880,1,"gamma",0.78769,-12.1761,-1.54866,36,30.0351,-172.752
902,1,"gamma",0.824429,9.46279,-2.24056,36,26.8646,-13.3209
922,1,"gamma",1,0,0,36,0,0
941,1,"gamma",0.9475,0.282266,0.666294,36,12.8612,67.0407
942,1,"gamma",1,0,0,36,0,0
944,1,"gamma",0.938303,1.28801,-5.35781,36,15.2897,-76.4827
948,1,"gamma",0.888806,6.95548,4.14414,36,18.7565,30.7869
951,1,"gamma",1,0,0,36,0,0
965,1,"gamma",0.831285,9.93089,-7.6819,36,26.1958,-37.7232
968,1,"gamma",1,0,0,36,0,0
975,1,"gamma",1,0,0,36,0,0
980,1,"gamma",1,0,0,36,0,0
991,1,"gamma",0.736034,-5.27891,8.47539,36,44.7997,125.168
992,1,"gamma",0.699806,-15.9151,0.547581,36,11.1547,142.776
997,1,"gamma",1,0,0,36,0,0
1031,1,"gamma",1,0,0,36,0,0
1033,1,"gamma",1,0.0641527,0.228946,36,0.40366,74.3467
1062,1,"gamma",1,0,0,36,0,0
1065,1,"gamma",0.797338,-8.41972,-10.8139,36,59.5925,-136.496
1072,1,"gamma",0.838112,-0.0340382,-2.46755,36,25.5855,-90.7903
1079,1,"gamma",0.638344,10.2958,5.74224,36,43.5238,18.3628
1087,1,"gamma",0.976635,4.87154,-0.975565,36,10.3514,-11.3242
1099,1,"gamma",1,0,0,36,0,0
1114,1,"gamma",0.699253,-0.029087,0.0438096,36,33.8972,123.582
1122,1,"gamma",1,0,0,36,0,0
1144,1,"gamma",1,0,0,36,0,0
1152,1,"gamma",0.927473,3.96204,2.27012,36,18.3199,29.8114
1160,1,"gamma",0.652344,21.1693,17.9495,36,43.2598,40.2946
1166,1,"gamma",0.694707,1.81651,2.30432,36,39.169,51.751
1167,1,"gamma",0.714829,-3.53988,-10.0465,36,18.6172,-159.208
1184,1,"gamma",1,0,0,36,0,0
1190,1,"gamma",0.593728,-2.56761,1.48637,36,62.5169,145.091
1196,1,"gamma",1,0,0,36,0,0
1203,1,"gamma",0.955176,1.92639,5.16711,36,14.2013,69.5536
1206,1,"gamma",0.636126,-1.50615,-3.55242,36,44.493,-113.451
1227,4,"gamma",0.646681,-0.00525508,-0.757946,36,27.0155,-58.1845
1232,1,"gamma",1,0,0,36,0,0
1236,1,"gamma",0.791775,18.1657,-4.42426,36,28.9198,-13.688
1237,1,"gamma",1,0,0,36,0,0
1240,1,"gamma",0.707362,-4.49907,-7.0375,36,17.4268,169.053
1246,1,"gamma",0.584225,-2.00564,6.00463,36,37.8985,108.47
1249,1,"gamma",0.870995,9.36005,13.9265,36,27.6551,56.2982
1262,1,"gamma",1,0,0,36,0,0
1279,1,"gamma",0.671521,11.7204,-4.64493,36,38.5704,-21.6189
1290,1,"gamma",0.887802,-1.32361,-1.02017,36,19.6751,-151.853
1291,1,"gamma",0.763046,-10.3338,14.1616,36,32.797,126.119
1306,1,"gamma",0.537154,11.6845,-2.57174,36,26.5905,-12.5034
1310,1,"gamma",1,0,0,36,0,0
1344,1,"gamma",0.722737,4.10469,9.56927,36,19.2777,55.9266
1382,1,"gamma",1,0,0,36,0,0
1398,1,"gamma",1,0,0,36,0,0
1406,1,"gamma",0.464498,-0.749004,4.53029,36,73.6183,98.3997
1416,1,"gamma",0.928237,-5.80476,-4.10877,36,6.29582,-151.008
1424,1,"gamma",0.730269,3.44833,4.50092,36,5.13423,73.8029
1441,1,"gamma",0.57235,-2.6545,-17.2176,36,54.5268,-98.7645
1443,1,"gamma",0.820329,-2.60058,-2.72937,36,13.4902,99.6202
1447,1,"gamma",1,0,0,36,0,0
1450,1,"gamma",0.671961,11.997,-3.22097,36,29.113,-2.00581
1467,1,"gamma",1,0,0,36,0,0
1478,1,"gamma",0.896378,0.00404262,0.116292,36,19.3789,88.009
1493,1,"gamma",0.971763,6.18443,1.42451,36,10.3401,12.8031
1510,1,"gamma",1,0,0,36,0,0
1511,1,"gamma",1,0,0,36,0,0
1528,1,"gamma",0.746386,5.10395,-17.3577,36,35.6615,-60.3944
1529,1,"gamma",0.679571,-2.82533,-11.8075,36,39.5053,-95.864
1530,1,"gamma",1,0,0,36,0,0
1539,1,"gamma",0.711955,0.350205,-0.393383,36,43.7709,-48.3233
1548,1,"gamma",0.859888,11.2571,-7.8686,36,21.3029,-32.962
1552,1,"gamma",0.987366,-1.33106,-3.78046,36,6.52351,-109.397
1553,1,"gamma",0.956259,2.24662,5.34621,36,11.9201,67.2065
1556,1,"gamma",0.901055,0.13055,0.872626,36,18.5329,81.4913
1575,1,"gamma",0.731171,-0.675105,8.43802,36,33.4649,94.5743
1580,1,"gamma",1,-1.11542,-0.665758,36,4.82707,-149.168
1585,1,"gamma",1,0,0,36,0,0
1594,1,"gamma",0.521979,9.44332,-6.9233,36,58.0052,-36.2467
1609,1,"gamma",1,0,0,36,0,0
1619,1,"gamma",1,0,0,36,0,0
1623,1,"gamma",1,0,0,36,0,0
1628,1,"gamma",1,-0.180928,0.0346846,36,32.5196,169.148
1631,1,"gamma",1,0,0,36,0,0
1633,1,"gamma",0.808427,-8.0976,7.43571,36,26.5375,137.44
1646,1,"gamma",1,0,0,36,0,0
1653,1,"gamma",1,0,0,36,0,0
1655,1,"gamma",1,0,0,36,0,0
1664,1,"gamma",1,0,0,36,0,0
1674,1,"gamma",0.546538,27.6342,-13.8451,36,66.052,-46.6338
1675,1,"gamma",0.705176,-10.0652,-9.31229,36,49.7885,-137.274
1679,1,"gamma",0.659739,-1.90652,8.7962,36,17.3483,-53.6557
1683,1,"gamma",0.844401,5.61153,-9.35614,36,25.4309,-59.0459
1689,1,"gamma",1,0,0,36,0,0
1708,1,"gamma",1,-2.22916,1.43773,36,5.75497,147.179
1715,1,"gamma",0.908966,-0.526096,0.328728,36,16.3369,148.001
1716,1,"gamma",1,0,0,36,0,0
1726,1,"gamma",1,0,0,36,0,0
1737,1,"gamma",1,0,0,36,0,0
1738,1,"gamma",1,0,0,36,0,0
1767,1,"gamma",1,0,0,36,0,0
1771,1,"gamma",1,0,0,36,0,0
1787,1,"gamma",0.662648,3.79506,-8.97926,36,37.33,-60.1661
1792,1,"gamma",1,0,0,36,0,0
1796,1,"gamma",1,0,0,36,0,0
1806,1,"gamma",1,0,0,36,0,0
1825,1,"gamma",1,0,0,36,0,0
1830,1,"gamma",1,0,0,36,0,0
1832,1,"gamma",0.548557,0.548237,0.242054,36,42.695,129.061
1835,1,"gamma",1,0,0,36,0,0
1845,1,"gamma",1,0,0,36,0,0
1852,1,"gamma",1,0,0,36,0,0
1878,1,"gamma",0.57073,7.34099,3.49856,36,71.5149,25.3943
1880,1,"gamma",1,-0.0850417,-0.107094,36,1.63184,-128.453
1882,1,"gamma",0.756041,-3.7512,3.96779,36,33.7626,133.393
1886,1,"gamma",1,0,0,36,0,0
1898,1,"gamma",1,0,0,36,0,0
1931,1,"gamma",1,-0.342247,-0.40929,36,1.11446,-129.902
1949,1,"gamma",1,0,0,36,0,0
1959,1,"gamma",0.789809,0.883695,-9.7524,36,30.5792,-84.8224
1960,1,"gamma",0.571559,1.22343,-7.78142,36,36.9733,-33.5731
1985,1,"gamma",1,-0.14203,-0.20177,36,1.04988,-125.142
1990,1,"gamma",1,0,0,36,0,0
1996,1,"gamma",1,0,0,36,0,0
1997,1,"gamma",0.726922,-1.24385,4.32153,36,35.9278,105.455
1999,1,"gamma",1,0,0,36,0,0
2011,1,"gamma",1,0,0,36,0,0
2020,1,"gamma",0.454092,-1.74502,7.34359,36,68.1808,103.367
2021,1,"gamma",0.760913,1.40101,-12.4976,36,38.6975,-85.0191
2025,1,"gamma",0.60388,-0.726645,7.7707,36,32.9034,137.531
2031,1,"gamma",1,0,0,36,0,0
2032,1,"gamma",1,0,0,36,0,0
2034,1,"gamma",0.604745,5.96497,-6.43266,36,53.1483,-56.4284
2047,1,"gamma",1,0,0,36,0,0
2050,1,"gamma",1,0,0,36,0,0
2053,1,"gamma",1,0,0,36,0,0
2055,1,"gamma",0.591746,-1.92444,2.10372,36,34.9052,-34.5208
2076,1,"gamma",1,0,0,36,0,0
2079,1,"gamma",0.81556,-2.8362,-15.7022,36,30.0747,-100.239
2083,1,"gamma",0.647872,-0.155166,2.55592,36,48.6871,113.123
2085,1,"gamma",0.963578,2.08129,-0.522211,36,10.7964,-14.0852
2099,1,"gamma",1,0,0,36,0,0
2100,1,"gamma",1,0,0,36,0,0
2107,1,"gamma",0.902559,-6.83443,5.16965,36,19.9383,142.609
2113,1,"gamma",1,0,0,36,0,0
2126,1,"gamma",0.875555,-2.47682,2.79152,36,22.4566,131.582
2135,1,"gamma",0.422862,-2.97165,13.6043,36,38.723,-174.28
2139,1,"gamma",0.966376,0.694952,0.0905311,36,11.0362,7.4221
2148,1,"gamma",1,0,0,36,0,0
2154,1,"gamma",1,0,0,36,0,0
2160,1,"gamma",1,0,0,36,0,0
2161,1,"gamma",0.724762,9.82079,21.9936,36,36.8399,78.9922
2170,1,"gamma",1,0,0,36,0,0
2171,1,"gamma",0.971474,1.6506,1.56714,36,9.61117,43.5143
2206,1,"gamma",1,0,0,36,0,0
2222,1,"gamma",1,0,0,36,0,0
2227,1,"gamma",1,0,0,36,0,0
2229,1,"gamma",0.649031,0.589136,-1.12756,36,44.227,-62.4134
2236,1,"gamma",1,0.809648,-0.382897,36,2.30265,-25.3103
2237,1,"gamma",0.788852,15.4721,0.0714747,36,30.515,0.26468
2241,1,"gamma",0.732853,3.21414,-3.57212,36,8.87171,108.792
2257,1,"gamma",0.977855,-0.751055,0.151766,36,9.29237,168.576
2262,1,"gamma",0.693482,0.3742,-0.233252,36,40.9165,-31.9368
2264,1,"gamma",1,0,0,36,0,0
2266,1,"gamma",0.752279,-4.31601,3.87846,36,34.3865,138.056
2273,1,"gamma",1,0,0,36,0,0
2301,1,"gamma",0.741697,-4.50485,-6.08401,36,36.9558,-137.407
2304,1,"gamma",0.981534,3.81872,1.34477,36,8.07104,19.3998
2305,1,"gamma",1,0,0,36,0,0
2307,1,"gamma",0.785775,-16.3913,3.86229,36,30.0502,166.741
2316,1,"gamma",1,0,0,36,0,0
2322,1,"gamma",1,0,0,36,0,0
2324,1,"gamma",0.996131,0.038333,-0.264461,36,3.56289,-81.7526
2331,1,"gamma",1,0.0956191,-1.33391,36,5.13332,-85.8999
2332,1,"gamma",0.920334,-0.260719,1.23432,36,4.35841,101.927
2335,1,"gamma",0.455325,6.95111,-0.662038,36,62.771,8.34877
2336,5,"e-",0.684462,7.89263,1.17291,36,31.8767,96.5926
2340,1,"gamma",0.828258,6.11434,-8.22278,36,18.2218,-57.0766
2347,1,"gamma",0.530673,-1.93066,0.218217,36,59.347,173.551
2369,1,"gamma",1,-1.31535,-0.542863,36,2.89445,-157.573
2372,1,"gamma",0.963904,-0.447546,-1.18459,36,9.6903,-110.697
2378,1,"gamma",0.602651,-0.22501,-2.07314,36,8.92455,162.221
2380,1,"gamma",0.425209,0.776044,-4.25699,36,45.5435,-74.6652
2381,1,"gamma",1,0,0,36,0,0
2383,1,"gamma",1,0,0,36,0,0
2391,1,"gamma",1,0,0,36,0,0
2396,1,"gamma",0.858449,-1.72908,9.21172,36,24.5217,100.631
2399,1,"gamma",0.854791,-2.58526,8.24791,36,19.8025,61.7113
2405,1,"gamma",0.912389,3.89365,1.29236,36,17.978,18.3617
2408,1,"gamma",0.9753,5.32857,-4.13866,36,14.049,-37.8362
2417,1,"gamma",0.639929,-10.4048,3.0368,36,29.0793,-156.563
2418,1,"gamma",1,0,0,36,0,0
2422,1,"gamma",1,0,0,36,0,0
2432,1,"gamma",1,0,0,36,0,0
2439,1,"gamma",0.965679,2.54529,0.893954,36,10.7379,19.3523
2441,1,"gamma",0.838849,0.619453,-1.54444,36,25.5195,-68.145
2443,1,"gamma",0.38399,-0.963581,-7.69309,36,57.2778,-107.486
2446,1,"gamma",0.862462,1.96924,-1.97823,36,17.8443,-45.1305
2450,1,"gamma",0.859867,5.99918,-0.959329,36,23.5425,-9.08524
2462,1,"gamma",1,0,0,36,0,0
2464,1,"gamma",1,0,0,36,0,0
2469,1,"gamma",0.61406,-0.0551431,-0.244831,36,41.0469,-102.693
2469,3,"gamma",0.07525,-0.0246342,0.321592,36,48.2153,94.3803
2470,1,"gamma",1,0,0,36,0,0
2476,1,"gamma",1,0,0,36,0,0
2499,1,"gamma",0.725073,0.669032,-0.23375,36,37.7337,-19.2587
2502,1,"gamma",1,0,0,36,0,0
2513,1,"gamma",1,0,0,36,0,0
2517,1,"gamma",1,0,0,36,0,0
2521,1,"gamma",1,0,0,36,0,0
2522,1,"gamma",1,0,0,36,0,0
2531,1,"gamma",1,0,0,36,0,0
2532,1,"gamma",1,0,0,36,0,0
2541,1,"gamma",1,0,0,36,0,0
2549,1,"gamma",0.736944,10.4642,8.42962,36,31.8937,26.1768
2554,1,"gamma",1,0,0,36,0,0
2555,4,"gamma",0.416552,-0.447361,-0.128366,36,53.8844,-171.407
2561,1,"gamma",1,0,0,36,0,0
2572,1,"gamma",1,0,0,36,0,0
2580,1,"gamma",0.559578,16.3833,8.37386,36,56.7948,27.0726
2582,1,"gamma",0.386439,-0.178444,-0.210995,36,77.4281,-82.8138
2582,3,"e-",0.245868,-0.200062,-0.0964927,36,74.4483,148.094
2586,1,"gamma",0.75166,3.3869,1.97429,36,11.4375,-145.009
2599,1,"gamma",1,0,0,36,0,0
2611,1,"gamma",1,0,0,36,0,0
2621,1,"gamma",0.833528,10.7351,-0.614388,36,24.6182,-3.27556
2623,1,"gamma",0.916442,3.9395,3.39676,36,13.562,17.3051
2632,1,"gamma",0.596321,29.1515,-21.7388,36,63.9553,-28.0723
2635,1,"gamma",1,0,0,36,0,0
2645,1,"gamma",0.991631,-1.41183,1.86755,36,4.72897,127.089
2647,1,"gamma",1,0,0,36,0,0
2650,1,"gamma",1,0,0,36,0,0
2670,1,"gamma",1,0,0,36,0,0
2688,1,"gamma",1,0,0,36,0,0
2693,1,"gamma",1,0,0,36,0,0
2697,1,"gamma",0.921644,-1.29727,7.90471,36,17.8517,99.3199
2699,1,"gamma",1,0,0,36,0,0
2703,1,"gamma",1,0,0,36,0,0
2705,1,"gamma",1,0,0,36,0,0
2712,1,"gamma",0.63547,-8.19062,-3.75201,36,46.7987,-154.217
2718,1,"gamma",1,0,0,36,0,0
2720,1,"gamma",0.74879,3.44786,0.477375,36,32.8647,7.8828
2730,1,"gamma",1,0,0,36,0,0
2739,1,"gamma",1,0,0,36,0,0
2758,1,"gamma",0.731069,5.36408,5.60026,36,36.4347,46.234
2761,1,"gamma",0.704351,-1.66114,-2.52724,36,38.2507,-123.317
2765,1,"gamma",0.859542,3.38726,0.430155,36,31.5515,7.23737
2786,1,"gamma",0.634759,-0.315249,-1.7566,36,54.0518,-99.0164
2798,1,"gamma",0.802391,-0.728668,0.808909,36,9.21899,139.229
2813,1,"gamma",0.88329,11.8057,-6.26714,36,20.4155,-27.962
2819,1,"gamma",1,0,0,36,0,0
2827,1,"gamma",1,0,0,36,0,0
2839,1,"gamma",1,0,0,36,0,0
2842,1,"gamma",1,0.0624262,-0.0496453,36,0.41822,-38.4939
2847,1,"gamma",1,0,0,36,0,0
2853,1,"gamma",0.808761,-1.37825,-7.82067,36,25.3262,-99.0175
2856,1,"gamma",0.957849,-2.15371,1.16741,36,16.1444,151.54
2864,1,"gamma",0.668092,-1.30279,-18.4652,36,52.9681,-94.0357
2866,1,"gamma",1,0,0,36,0,0
2880,1,"gamma",0.957925,-1.12706,2.15759,36,8.89671,117.581
2884,1,"gamma",1,0,0,36,0,0
2891,1,"gamma",0.675405,8.83221,-0.0664944,36,6.49023,-73.5506
2893,1,"gamma",0.940598,-1.65372,-6.81079,36,14.0764,-103.648
2896,1,"gamma",0.87537,1.87644,-2.3253,36,16.4442,-51.0976
2905,1,"gamma",0.947777,-2.99336,5.23322,36,13.8548,119.356
2911,1,"gamma",1,0,0,36,0,0
2923,1,"gamma",1,0,0,36,0,0
2927,1,"gamma",1,0,0,36,0,0
2933,1,"gamma",1,0,0,36,0,0
2935,1,"gamma",1,0,0,36,0,0
2945,1,"gamma",1,0,0,36,0,0
2948,1,"gamma",0.790662,-0.777656,7.73873,36,34.7636,96.2672
2959,1,"gamma",1,0,0,36,0,0
2978,1,"gamma",1,0,0,36,0,0
2985,1,"gamma",0.915678,-9.59782,2.3498,36,22.4532,165.574
2993,1,"gamma",0.727785,-7.13037,8.87876,36,44.7082,151.555
2996,1,"gamma",1,0,0,36,0,0
3010,1,"gamma",1,0.521955,0.448537,36,3.398,40.6738
3027,1,"gamma",1,0,0,36,0,0
3034,1,"gamma",1,0,0,36,0,0
3059,1,"gamma",0.847289,8.02951,1.01627,36,25.0319,7.21338
3066,1,"gamma",0.737035,2.53176,2.38733,36,19.2783,85.7489
3068,4,"e-",0.750312,-1.47692,3.93081,36,29.4331,-76.9924
3068,5,"gamma",0.0847407,-1.48666,3.91847,36,41.2048,-110.239
3086,1,"gamma",0.520155,3.24139,-0.961656,36,17.0544,-29.7667
3087,1,"gamma",0.850565,7.99897,6.52685,36,45.6618,43.4687
3088,1,"gamma",1,0,0,36,0,0
3097,1,"gamma",1,0,0,36,0,0
3101,1,"gamma",1,0,0,36,0,0
3112,1,"gamma",1,0,0,36,0,0
3114,1,"gamma",0.971787,-3.88498,-0.122593,36,10.1962,-178.193
3115,1,"gamma",1,0,0,36,0,0
3123,1,"gamma",1,0,0,36,0,0
3140,1,"gamma",1,0,0,36,0,0
3141,1,"gamma",1,0,0,36,0,0
3154,1,"gamma",1,-0.122172,0.130382,36,0.930274,133.138
3175,1,"gamma",1,0,0,36,0,0
3176,1,"gamma",1,0,0,36,0,0
3199,1,"gamma",0.823519,-5.85016,-8.01966,36,26.0791,-126.11
3205,1,"gamma",0.956805,-0.107267,1.91339,36,12.7271,93.2087
3206,1,"gamma",0.964748,5.72087,-0.654646,36,13.9902,-6.52802
3210,1,"gamma",0.958742,-7.53356,-1.91236,36,13.6463,-165.757
3233,1,"gamma",1,0,0,36,0,0
3253,1,"gamma",0.412257,-5.26264,11.1268,36,46.4471,-152.304
3261,1,"gamma",1,0,0,36,0,0
3266,1,"gamma",1,0,0,36,0,0
3268,1,"gamma",1,0,0,36,0,0
3275,1,"gamma",0.79611,0.501901,-2.76036,36,30.3195,-79.6948
3278,1,"gamma",0.700375,-9.6929,6.94653,36,38.4155,144.372
3280,1,"gamma",1,0,0,36,0,0
3296,1,"gamma",1,0,0,36,0,0
3297,1,"gamma",1,0,0,36,0,0
3320,1,"gamma",1,0,0,36,0,0
3324,1,"gamma",1,0,0,36,0,0
3338,1,"gamma",1,0,0,36,0,0
3344,1,"gamma",0.779935,2.83626,2.77175,36,31.7981,45.1497
3349,1,"gamma",0.809939,-7.78581,8.26033,36,22.3317,133.306
3359,1,"gamma",1,0,0,36,0,0
3365,1,"gamma",0.922268,1.08711,-3.20558,36,16.875,-71.2666
3371,1,"gamma",0.538065,1.60854,0.519797,36,55.9228,17.9082
3374,1,"gamma",1,0,0,36,0,0
3377,1,"gamma",0.572117,-1.28806,-0.113374,36,41.6936,-174.97
3391,1,"gamma",1,0,0,36,0,0
3402,1,"gamma",1,0,0,36,0,0
3417,1,"gamma",1,0,0,36,0,0
3419,1,"gamma",0.803594,-2.88171,1.09452,36,28.054,159.202
3428,1,"gamma",0.97493,5.24364,2.96929,36,12.047,29.5213
3430,1,"gamma",1,0,0,36,0,0
3432,1,"gamma",1,-1.78333,-1.40381,36,8.28797,-141.791
3448,1,"gamma",0.95071,1.08785,-3.64013,36,18.7593,-75.1247
3463,1,"gamma",0.888534,-0.0667724,1.49275,36,22.5809,45.3312
3465,1,"gamma",0.876493,-8.34825,-4.62633,36,24.8665,-147.266
3471,1,"gamma",1,0,0,36,0,0
3479,1,"gamma",0.647486,-0.972842,-0.988543,36,45.8067,-134.541
3489,1,"gamma",1,0,0,36,0,0
3501,1,"gamma",1,0,0,36,0,0
3530,1,"gamma",0.680673,4.3084,6.48618,36,44.6013,43.0217
3538,1,"gamma",1,0,0,36,0,0
3540,1,"gamma",1,0,0,36,0,0
3553,1,"gamma",1,0,0,36,0,0
3559,1,"gamma",1,0,0,36,0,0
3561,1,"gamma",1,0,0,36,0,0
3571,1,"gamma",1,0,0,36,0,0
3590,1,"gamma",1,0,0,36,0,0
3591,1,"gamma",1,0,0,36,0,0
3621,1,"gamma",0.537258,-20.6611,-12.3097,36,59.6487,-149.214
3630,1,"gamma",1,0.256441,-0.293675,36,0.710017,-48.872
3660,1,"gamma",0.672505,1.65542,-4.14841,36,40.8261,-68.2455
3661,1,"gamma",0.880185,0.119756,1.76553,36,21.6751,86.1196
3662,1,"gamma",1,0,0,36,0,0
3672,1,"gamma",1,0,0,36,0,0
3678,1,"gamma",1,0,0,36,0,0
3708,1,"gamma",0.936054,-0.867177,-5.31288,36,15.7229,-99.2702
3709,1,"gamma",0.97633,-1.36202,4.32077,36,8.4151,107.496
3714,1,"gamma",1,0,0,36,0,0
3718,1,"gamma",0.930814,-0.80462,3.92287,36,7.52827,97.4858
3739,1,"gamma",1,0,0,36,0,0
3759,1,"gamma",1,0,0,36,0,0
3761,4,"gamma",0.073039,0.731122,3.13546,36,42.7628,-80.7193
3768,1,"gamma",1,0.00039345,0.0654438,36,0.976976,89.6555
3769,1,"gamma",1,0,0,36,0,0
3776,1,"gamma",0.912466,1.33087,-1.19485,36,16.9574,-41.9172
3778,1,"gamma",0.855778,5.18919,9.00399,36,36.5913,69.6743
3783,1,"gamma",0.489009,-4.94821,-5.83284,36,43.2557,-85.4976
3784,1,"gamma",1,0,0,36,0,0
3785,1,"gamma",1,0.457301,-0.685265,36,1.54026,-56.2835
3800,1,"gamma",1,0,0,36,0,0
3813,1,"gamma",1,0,0,36,0,0
3817,1,"gamma",0.848475,4.94379,-4.27081,36,19.8123,-57.6861
3818,1,"gamma",0.784462,-3.02648,-2.93445,36,29.7727,-135.885
3819,1,"gamma",0.652176,-15.4781,5.23725,36,48.2641,161.306
3822,1,"gamma",1,0,0,36,0,0
3823,1,"gamma",1,0,0,36,0,0
3829,1,"gamma",0.613227,-4.0137,-4.14445,36,57.9974,-119.408
3841,1,"gamma",0.41605,0.336626,-7.96378,36,29.6879,-117.807
3850,1,"gamma",0.939826,-4.60715,1.52696,36,13.0734,161.663
3853,1,"gamma",1,0,0,36,0,0
3857,1,"gamma",1,0.881055,-0.343323,36,3.1046,-21.2895
3863,1,"gamma",0.618539,-0.0405515,1.51754,36,47.2097,91.5307
3865,1,"gamma",1,-0.687534,2.02245,36,4.51113,108.776
3866,1,"gamma",1,0,0,36,0,0
3873,1,"gamma",0.933826,2.93383,-2.46451,36,14.0202,-40.0312
3879,1,"gamma",1,0,0,36,0,0
3882,1,"gamma",0.306466,-6.3248,17.7366,36,25.5234,-119.09
3918,1,"gamma",1,0,0,36,0,0
3926,1,"gamma",0.863267,-0.132385,-0.223994,36,24.0077,-120.584
3967,1,"gamma",1,0,0,36,0,0
3972,1,"gamma",1,0,0,36,0,0
4006,1,"gamma",0.929983,0.402951,-3.26638,36,16.2397,-82.9674
4021,1,"gamma",0.71663,0.0758019,0.0610854,36,36.9456,38.8638
4034,1,"gamma",1,0,0,36,0,0
4039,1,"gamma",1,0,0,36,0,0
4042,1,"gamma",1,0,0,36,0,0
4044,1,"gamma",1,0,0,36,0,0
4053,1,"gamma",0.905504,-10.6617,-2.34057,36,20.8502,-175.315
4064,1,"gamma",1,0,0,36,0,0
4067,1,"gamma",0.84878,5.95625,-3.98352,36,30.3153,-40.2691
4071,1,"gamma",1,0,0,36,0,0
4080,1,"gamma",1,1.95914,-5.93167,36,26.237,-71.7224
4084,1,"gamma",1,0,0,36,0,0
4096,1,"gamma",1,0,0,36,0,0
4119,1,"gamma",1,0.272863,0.514942,36,1.0086,62.0813
4120,1,"gamma",1,0,0,36,0,0
4122,1,"gamma",1,0,0,36,0,0
4133,1,"gamma",1,0,0,36,0,0
4139,1,"gamma",1,0,0,36,0,0
4154,1,"gamma",1,0,0,36,0,0
4176,1,"gamma",0.828273,2.98634,-5.92286,36,19.8669,-49.4388
4182,1,"gamma",1,0,0,36,0,0
4183,1,"gamma",1,0,0,36,0,0
4188,1,"gamma",1,0,0,36,0,0
4194,1,"gamma",0.831328,-1.36669,0.720123,36,27.6809,152.215
4200,1,"gamma",0.958932,0.379449,-0.843578,36,17.0696,-65.7813
4203,1,"gamma",0.936432,-1.19026,-4.22008,36,10.5636,-55.4622
4218,1,"gamma",1,0,0,36,0,0
4223,1,"gamma",0.651191,-2.85438,3.40868,36,43.9902,129.942
4229,1,"gamma",1,0,0,36,0,0
4235,1,"gamma",1,0,0,36,0,0
4239,1,"gamma",0.668052,2.82491,-9.08899,36,41.8506,-72.7344
4251,1,"gamma",1,0,0,36,0,0
4256,1,"gamma",0.992499,0.882343,-1.54328,36,5.41942,-60.242
4258,1,"gamma",1,0,0,36,0,0
4271,1,"gamma",1,0,0,36,0,0
4278,1,"gamma",0.748238,4.01493,4.17514,36,20.476,3.58734
4281,1,"gamma",0.543817,0.959169,-1.65022,36,49.7281,-59.8333
4288,1,"gamma",0.915144,-5.07206,-8.19314,36,17.7657,-121.76
4296,1,"gamma",1,0,0,36,0,0
4310,1,"gamma",1,0,0,36,0,0
4315,1,"gamma",0.923277,0.425976,3.17873,36,18.8876,82.3674
4317,1,"gamma",0.870407,2.85093,0.141284,36,22.7773,2.83709
4322,1,"gamma",1,0,0,36,0,0
4327,1,"gamma",1,0,0,36,0,0
4330,1,"gamma",1,0,0,36,0,0
4331,1,"gamma",1,0,0,36,0,0
4335,1,"gamma",0.989003,-2.71208,2.06404,36,6.11258,142.727
4337,1,"gamma",1,0,0,36,0,0
4345,1,"gamma",1,0,0,36,0,0
4364,1,"gamma",0.86205,-12.8426,-4.79419,36,24.5447,-161.555
4365,1,"gamma",0.450553,1.8162,-1.34137,36,38.0511,-8.17849
4367,1,"gamma",0.392034,-2.81978,11.1903,36,57.9483,30.2985
4384,1,"gamma",0.977937,-2.21109,3.85339,36,8.97715,119.847
4390,1,"gamma",0.714662,-0.453308,3.36131,36,12.2594,147.781
4397,1,"gamma",1,0,0,36,0,0
4404,1,"gamma",1,0,0,36,0,0
4410,1,"gamma",1,0,0,36,0,0
4421,1,"gamma",1,0,0,36,0,0
4430,1,"gamma",1,0,0,36,0,0
4434,1,"gamma",1,-0.115608,-0.0678933,36,0.674248,-149.576
4435,1,"gamma",1,0,0,36,0,0
4442,1,"gamma",0.690912,-1.17788,-1.68054,36,41.4167,-125.027
4444,1,"gamma",0.700215,10.1395,-2.25101,36,50.1442,-10.7752
4448,1,"gamma",1,0,0,36,0,0
4452,1,"gamma",0.635294,-7.51948,1.52485,36,44.8353,97.2731
4458,1,"gamma",0.616568,9.38746,-14.4772,36,47.2702,-57.0394
4461,1,"gamma",1,0,0,36,0,0
4470,1,"gamma",0.921233,0.149733,0.301333,36,16.6538,63.577
4471,1,"gamma",1,0,0,36,0,0
4472,1,"gamma",0.897256,1.80976,-2.55068,36,19.7431,-55.1474
4474,1,"gamma",0.99945,-0.0722012,-0.444693,36,0.824947,-99.2222
4479,1,"gamma",1,0,0,36,0,0
4507,1,"gamma",1,0,0,36,0,0
4525,1,"gamma",1,0,0,36,0,0
4527,1,"gamma",0.448382,6.85058,-10.4482,36,22.1695,-55.9503
4529,1,"gamma",1,0,0,36,0,0
4536,1,"gamma",0.522139,-9.83505,16.7719,36,51.9053,114.864
4550,1,"gamma",1,0,0,36,0,0
4551,1,"gamma",1,0,0,36,0,0
4553,1,"gamma",1,0.705925,-3.20706,36,7.01759,-77.5862
4557,1,"gamma",1,0,0,36,0,0
4562,1,"gamma",1,0,0,36,0,0
4564,1,"gamma",0.599694,-19.6345,-29.2098,36,53.8377,-127.92
4570,1,"gamma",0.816364,-18.1392,9.37809,36,30.1476,152.661
4582,1,"gamma",0.853978,-2.53811,-10.1649,36,26.9248,-104.02
4604,3,"e-",0.397354,-0.85552,-14.6937,36,71.1929,125.075
4615,1,"gamma",1,0,0,36,0,0
4618,1,"gamma",0.992567,0.0492783,-0.204162,36,5.49022,-76.4301
4626,1,"gamma",0.432929,0.0353228,-0.788573,36,48.8699,-87.4353
4628,1,"gamma",0.84506,-2.80789,15.549,36,26.107,100.236
4640,1,"gamma",1,0,0,36,0,0
4645,1,"gamma",0.503519,9.61161,13.8939,36,61.8515,55.8474
4647,1,"gamma",0.837689,5.40943,0.0134349,36,29.7362,-1.47605
4653,1,"gamma",0.727031,0.621172,-4.5733,36,35.3502,-84.6366
4661,1,"gamma",0.819514,17.5139,5.63516,36,27.2367,17.8358
4663,1,"gamma",0.795375,1.07325,-2.31762,36,28.029,-65.1519
4667,1,"gamma",1,0,0,36,0,0
4672,1,"gamma",1,0,0,36,0,0
4714,1,"gamma",1,0,0,36,0,0
4722,1,"gamma",0.881442,7.74353,4.7374,36,19.0281,31.4578
4729,1,"gamma",1,0,0,36,0,0
4743,1,"gamma",0.767264,-17.4103,-3.66822,36,30.4296,-168.102
4749,1,"gamma",1,0,0,36,0,0
4762,1,"gamma",1,0,0,36,0,0
4786,1,"gamma",1,0,0,36,0,0
4790,1,"gamma",1,0,0,36,0,0
4810,1,"gamma",0.667641,3.46406,23.0297,36,61.2838,60.2929
4822,1,"gamma",1,0,0,36,0,0
4830,1,"gamma",1,0,0,36,0,0
4832,1,"gamma",1,0,0,36,0,0
4837,1,"gamma",1,0,0,36,0,0
4839,1,"gamma",0.522576,-3.3115,-2.43845,36,57.9788,-143.442
4851,1,"gamma",0.874588,-2.08631,-3.06691,36,8.62788,-103.387
4857,1,"gamma",0.628296,5.51678,3.09637,36,29.9313,92.7604
4862,1,"gamma",1,0,0,36,0,0
4881,1,"gamma",1,0,0,36,0,0
4890,1,"gamma",1,0,0,36,0,0
4895,1,"gamma",1,0,0,36,0,0
4907,1,"gamma",0.845174,9.49333,0.129681,36,25.0662,0.782626
4913,1,"gamma",1,0,0,36,0,0
4918,1,"gamma",1,0,0,36,0,0
4937,1,"gamma",1,0,0,36,0,0
4938,1,"gamma",1,0,0,36,0,0
4942,1,"gamma",0.691728,2.14065,7.87745,36,38.3444,74.7973
4948,1,"gamma",0.541187,-1.80958,2.52901,36,60.2998,81.0868
4950,1,"gamma",0.519171,-2.71318,-3.54639,36,76.3695,-135.693
4963,1,"gamma",1,0,0,36,0,0
4976,1,"gamma",1,0,0,36,0,0
4980,1,"gamma",0.875002,-2.89078,-5.81712,36,23.0286,-116.425
4998,1,"gamma",1,0,0,36,0,0
5002,1,"gamma",0.721931,8.50241,-1.92162,36,11.147,34.4491
5010,1,"gamma",0.959652,7.91736,-2.5129,36,13.5564,-17.609
5030,1,"gamma",1,0,0,36,0,0
5031,1,"gamma",1,0,0,36,0,0
5041,1,"gamma",1,0,0,36,0,0
5045,1,"gamma",0.824356,4.11707,3.23722,36,26.5108,92.1628
5047,1,"gamma",0.683838,-0.837314,-1.13918,36,21.4562,-87.854
5049,1,"gamma",0.792484,12.4436,-0.649753,36,23.0024,-29.2157
5052,1,"gamma",1,0,0,36,0,0
5056,1,"gamma",0.997514,0.328349,-0.319528,36,2.734,-44.22
5075,1,"gamma",0.845173,9.9025,-10.3316,36,22.8151,-46.2149
5077,1,"gamma",1,0,0,36,0,0
5086,1,"gamma",1,0,0,36,0,0
5107,1,"gamma",0.781572,-1.81065,0.844384,36,30.9926,154.998
5110,1,"gamma",0.948846,-2.31313,4.08862,36,12.801,119.499
5116,1,"gamma",0.464595,-0.805594,1.13287,36,63.1088,125.417
5143,1,"gamma",1,0,0,36,0,0
5144,1,"gamma",1,0,0,36,0,0
5154,1,"gamma",0.867439,-0.833042,-0.0218354,36,9.54663,158.493
5159,1,"gamma",1,0,0,36,0,0
5173,1,"gamma",0.674586,-1.96976,-23.8774,36,26.6405,-110.718
5174,1,"gamma",1,0,0,36,0,0
5178,1,"gamma",0.765958,-15.8361,-11.8631,36,32.4314,-143.162
5190,1,"gamma",1,0,0,36,0,0
5191,1,"gamma",1,0,0,36,0,0
5200,1,"gamma",0.81627,-5.13935,4.141,36,10.149,138.41
5206,1,"gamma",0.698208,8.36889,-0.442423,36,42.738,-3.02613
5212,1,"gamma",0.907395,-6.87789,5.22893,36,18.3414,142.756
5220,1,"gamma",1,0,0,36,0,0
5221,1,"gamma",0.613799,-0.0681452,3.84564,36,27.2902,-15.051
5245,1,"gamma",1,0,0,36,0,0
5248,1,"gamma",0.82954,-13.2266,-13.8441,36,28.2273,-132.833
5253,1,"gamma",1,0,0,36,0,0
5254,1,"gamma",1,0,0,36,0,0
5290,1,"gamma",1,0,0,36,0,0
5293,1,"gamma",0.911498,-2.03348,-2.59903,36,17.7547,-128.04
5298,1,"gamma",0.814783,-1.06897,-5.3499,36,12.355,19.1528
5317,1,"gamma",0.755835,6.04661,-6.86725,36,31.3542,-48.1344
5323,1,"gamma",0.521249,-14.8134,15.7656,36,41.5672,138.659
5336,1,"gamma",1,0,0,36,0,0
5346,1,"gamma",0.946465,-2.97126,5.63077,36,13.4559,117.82
5349,1,"gamma",1,0,0,36,0,0
5356,1,"gamma",0.951981,-4.49159,-1.35614,36,13.1897,-163.199
5359,1,"gamma",1,0,0,36,0,0
5363,1,"gamma",0.953209,0.672265,1.72864,36,12.4275,68.749
5375,1,"gamma",1,0,0,36,0,0
5378,1,"gamma",0.645149,-6.14126,14.0523,36,23.1603,111.375
5389,1,"gamma",1,0,0,36,0,0
5402,1,"gamma",0.808151,4.74614,-4.28597,36,28.8739,-42.0834
5405,1,"gamma",0.885766,-3.02078,-1.69368,36,22.6259,-150.722
5423,1,"gamma",1,0,0,36,0,0
5429,1,"gamma",0.669253,0.0846283,4.84844,36,41.2905,124.172
5434,1,"gamma",1,0,0,36,0,0
5442,1,"gamma",1,0,0,36,0,0
5446,1,"gamma",0.788124,8.90953,14.1491,36,30.0113,57.8018
5450,1,"gamma",1,0,0,36,0,0
5477,1,"gamma",0.927438,-5.98551,-8.65031,36,34.3021,-124.681
5508,1,"gamma",1,0,0,36,0,0
5513,1,"gamma",0.70747,-12.5176,3.19879,36,21.9879,-162.472
5522,1,"gamma",1,0,0,36,0,0
5526,1,"gamma",0.816172,3.37057,-1.85068,36,36.2009,-35.3939
5530,1,"gamma",1,-0.868189,2.59757,36,5.67405,108.481
5543,1,"gamma",0.759932,-5.89015,-1.65341,36,32.6809,-164.32
5555,1,"gamma",1,0,0,36,0,0
5564,1,"gamma",1,0,0,36,0,0
5567,1,"gamma",1,0,0,36,0,0
5568,1,"gamma",0.795495,3.06239,0.375345,36,28.3053,6.98767
5591,1,"gamma",1,0,0,36,0,0
5604,1,"gamma",1,0,0,36,0,0
5623,1,"gamma",0.941182,1.35145,-1.09879,36,14.5261,-39.1126
5624,1,"gamma",1,0,0,36,0,0
5638,1,"gamma",1,0.00472309,0.0666252,36,2.20727,85.9451
5639,1,"gamma",0.643978,4.49795,2.57993,36,43.7268,29.8174
5645,1,"gamma",1,0,0,36,0,0
5646,1,"gamma",1,0,0,36,0,0
5655,1,"gamma",1,-0.920069,-1.4796,36,6.07839,-121.875
5669,1,"gamma",0.360833,-5.21975,-2.28121,36,33.9578,-129.505
5683,1,"gamma",0.993865,0.423766,-2.89499,36,4.74759,-81.6722
5686,1,"gamma",1,0,0,36,0,0
5691,1,"gamma",1,0,0,36,0,0
5699,1,"gamma",1,0,0,36,0,0
5704,1,"gamma",1,0,0,36,0,0
5711,1,"gamma",0.944639,0.885494,2.73251,36,13.4495,72.0446
5712,1,"gamma",1,0,0,36,0,0
5749,1,"gamma",0.936908,-2.69981,2.64436,36,13.5815,135.595
5760,1,"gamma",0.520762,0.243614,0.80846,36,46.0161,73.2308
5762,1,"gamma",0.475491,0.464964,0.244742,36,61.2337,27.7608
5771,1,"gamma",1,0,0,36,0,0
5785,1,"gamma",1,0,0,36,0,0
5787,1,"gamma",0.532874,-11.284,0.834087,36,53.8241,-171.248
5791,1,"gamma",0.81363,-9.93792,-5.56262,36,29.4046,-150.763
5807,1,"gamma",0.918452,-0.110332,0.994553,36,17.6379,96.3303
5818,1,"gamma",1,0,0,36,0,0
5819,1,"gamma",1,0,0,36,0,0
5821,1,"gamma",0.808767,-6.30986,4.46282,36,15.8262,151.595
5826,1,"gamma",1,0,0,36,0,0
5833,1,"gamma",0.87345,13.8263,1.11898,36,21.7374,4.62696
5835,1,"gamma",0.848405,19.6256,-18.5859,36,23.1713,-94.2111
5840,1,"gamma",1,0,0,36,0,0
5842,1,"gamma",0.559946,2.32024,0.551969,36,55.4113,13.3815
5845,1,"gamma",1,0,0,36,0,0
5851,1,"gamma",1,0,0,36,0,0
5858,1,"gamma",0.495332,-16.4277,-14.1071,36,55.4327,-140.866
5865,1,"gamma",0.699183,-11.9744,19.2961,36,49.2122,127.842
5873,1,"gamma",0.745811,-9.30576,-10.9545,36,29.595,-130.348
5884,1,"gamma",1,0,0,36,0,0
5892,1,"gamma",1,0,0,36,0,0
5907,1,"gamma",0.940792,-0.282846,-3.48025,36,20.4988,-94.6463
5911,1,"gamma",1,0,0,36,0,0
5913,1,"gamma",1,0,0,36,0,0
5914,1,"gamma",1,0,0,36,0,0
5918,1,"gamma",1,0,0,36,0,0
5920,1,"gamma",0.705928,12.2294,9.90549,36,32.6222,24.9055
5924,1,"gamma",1,0,0,36,0,0
5938,1,"gamma",0.909901,-6.8316,1.85241,36,18.2845,164.829
5950,1,"gamma",1,0.375814,0.243221,36,2.74117,32.9103
5953,1,"gamma",0.427339,7.4073,-4.50872,36,58.0013,-179.579
5961,1,"gamma",0.800438,-10.1218,2.10417,36,29.2302,168.339
5963,1,"gamma",1,0,0,36,0,0
5971,1,"gamma",0.636869,-0.0189661,0.320186,36,44.5734,93.3899
5973,1,"gamma",0.910144,0.807401,1.10193,36,18.7626,53.7691
5974,1,"gamma",1,0,0,36,0,0
5977,1,"gamma",1,0,0,36,0,0
5980,1,"gamma",0.844802,-0.0971603,0.986175,36,24.8999,95.6268
5981,1,"gamma",0.532658,3.32529,0.141761,36,51.0248,2.44111
5998,1,"gamma",0.809301,3.22524,-12.7576,36,26.6939,-75.8124
6005,1,"gamma",1,0,0,36,0,0
6009,1,"gamma",1,0,0,36,0,0
6021,1,"gamma",1,0,0,36,0,0
6036,1,"gamma",0.716306,0.460436,-5.95463,36,33.773,-83.9705
6045,1,"gamma",1,0,0,36,0,0
6051,1,"gamma",0.894789,0.573814,0.386202,36,20.3752,33.9423
6054,1,"gamma",0.921476,-1.87578,-5.44292,36,17.4188,-109.015
6073,1,"gamma",0.897995,-1.62146,-1.31026,36,19.4042,-147.867
6089,1,"gamma",1,0,0,36,0,0
6092,1,"gamma",0.762928,-5.10598,15.7709,36,34.8446,124.251
6096,1,"gamma",1,0,0,36,0,0
6105,1,"gamma",1,0,0,36,0,0
6110,1,"gamma",0.518489,6.62548,9.16997,36,60.0623,54.1512
6112,1,"gamma",1,-6.71956,1.81614,36,36.6444,168.175
6115,1,"gamma",1,0,0,36,0,0
6134,1,"gamma",1,0,0,36,0,0
6140,1,"gamma",0.770528,-7.28993,-27.852,36,52.4548,-114.142
6142,1,"gamma",0.998001,-0.229243,0.82161,36,3.14572,105.59
6153,1,"gamma",0.932152,2.79602,-1.82356,36,17.02,-35.1468
6164,1,"gamma",1,-4.63194,-0.299329,36,15.2825,-176.303
6167,1,"gamma",1,-1.12197,-0.395164,36,2.06292,-160.597
6168,1,"gamma",1,0,0,36,0,0
6174,1,"gamma",0.867962,0.102429,0.131263,36,22.6342,52.0337
6189,1,"gamma",0.971171,2.12069,4.35852,36,8.94557,64.0542
6196,1,"gamma",0.993323,-0.28322,2.47572,36,5.41655,96.5262
6206,1,"gamma",0.922852,-5.36524,-1.01786,36,17.7209,-169.258
6215,1,"gamma",0.794696,-17.9688,-5.49103,36,29.8116,-163.008
6225,1,"gamma",1,-0.390719,-0.256625,36,1.58756,-146.703
6229,1,"gamma",0.863145,3.8595,1.62896,36,20.8751,22.883
6244,1,"gamma",1,0,0,36,0,0
6247,1,"gamma",1,0,0,36,0,0
6250,1,"gamma",1,0,0,36,0,0
6251,1,"gamma",0.94837,2.26194,-4.36334,36,13.3912,-62.5979
6259,1,"gamma",0.888492,2.19923,0.711255,36,12.6979,16.5921
6264,1,"gamma",1,0,0,36,0,0
6268,1,"gamma",0.914295,-4.21904,-4.11794,36,19.0745,-135.695
6271,1,"gamma",1,0,0,36,0,0
6277,1,"gamma",1,0,0,36,0,0
6290,1,"gamma",0.843014,-1.46976,-0.840099,36,25.1665,-150.248
6295,1,"gamma",1,0,0,36,0,0
6317,1,"gamma",1,0,0,36,0,0
6322,1,"gamma",0.559099,11.7039,0.631287,36,49.9792,3.08744
6349,1,"gamma",1,0,0,36,0,0
6356,1,"gamma",0.806704,15.2856,8.20117,36,29.3473,-29.7528
6359,1,"gamma",1,0,0,36,0,0
6362,1,"gamma",0.732033,4.22958,24.8561,36,35.5723,80.3429
6376,1,"gamma",0.567765,1.51385,10.6189,36,59.5627,81.8864
6377,1,"gamma",1,0,0,36,0,0
6388,1,"gamma",0.770786,-6.80487,-1.67924,36,42.4629,-177.258
6390,1,"gamma",0.789387,2.18641,-0.079645,36,23.981,-2.68371
6396,1,"gamma",0.573516,-1.59692,-1.78368,36,54.2288,-134.552
6401,1,"gamma",0.482977,-2.15341,-3.74444,36,19.3997,-24.4469
6406,1,"gamma",0.440795,11.9152,2.24694,36,69.7645,10.6792
6433,1,"gamma",1,0,0,36,0,0
6441,1,"gamma",1,0,0,36,0,0
6444,1,"gamma",1,0,0,36,0,0
6446,1,"gamma",1,0,0,36,0,0
6449,1,"gamma",1,0,0,36,0,0
6525,1,"gamma",0.562243,-4.80676,-2.07524,36,15.995,-131.227
6531,1,"gamma",1,0,0,36,0,0
6537,1,"gamma",1,0,0,36,0,0
6541,1,"gamma",0.762904,3.2281,-19.9885,36,38.6126,-86.4781
6607,1,"gamma",1,0,0,36,0,0
6613,1,"gamma",0.94852,-3.16833,3.89077,36,13.4179,129.157
6621,1,"gamma",1,0,0,36,0,0
6629,1,"gamma",0.963039,-2.36335,-1.03492,36,11.6638,-156.351
6634,1,"gamma",1,0,0,36,0,0
6666,1,"gamma",0.799001,0.39956,-0.904562,36,29.271,-66.1681
6671,1,"gamma",1,0,0,36,0,0
6677,1,"gamma",0.574948,-0.853961,2.93896,36,76.78,104.864
6687,1,"gamma",0.884212,-1.7867,7.09161,36,20.5531,102.402
6690,1,"gamma",0.83488,-9.6443,2.48027,36,23.0671,165.578
6692,1,"gamma",0.95748,1.0175,2.63761,36,12.123,68.9051
6699,1,"gamma",1,0,0,36,0,0
6705,1,"gamma",0.76698,-0.388999,-2.60583,36,28.1125,-60.2329
6706,1,"gamma",1,-3.64677,2.07918,36,7.37459,149.514
6714,1,"gamma",1,-2.21532,0.259336,36,7.1299,168.326
6716,1,"gamma",1,0,0,36,0,0
6719,1,"gamma",1,0,0,36,0,0
6734,1,"gamma",1,0,0,36,0,0
6746,3,"gamma",0.073039,-0.32985,0.440406,36,47.729,126.832
6751,1,"gamma",1,0,0,36,0,0
6787,1,"gamma",1,0,0,36,0,0
6795,1,"gamma",0.896643,-5.69781,6.07973,36,19.7998,133.143
6797,1,"gamma",1,0,0,36,0,0
6803,1,"gamma",0.941709,-5.56879,-0.459912,36,18.7265,155.664
6806,1,"gamma",1,0,0,36,0,0
6810,1,"gamma",0.992102,2.01749,-3.79188,36,7.06559,-61.9846
6816,1,"gamma",1,0,0,36,0,0
6825,1,"gamma",1,0,0,36,0,0
6829,1,"gamma",0.673098,2.76496,-12.2469,36,41.1545,-77.2777
6841,1,"gamma",1,0,0,36,0,0
6865,1,"gamma",1,0,0,36,0,0
6885,1,"gamma",1,0,0,36,0,0
6894,1,"gamma",0.731871,-0.0199722,-7.53857,36,24.6649,-96.942
6900,1,"gamma",1,-0.433729,0.27016,36,1.21334,148.082
6916,1,"gamma",1,0,0,36,0,0
6919,1,"gamma",1,0,0,36,0,0
6920,1,"gamma",1,0,0,36,0,0
6978,1,"gamma",0.483011,-8.71468,5.05735,36,23.5512,72.1805
7016,1,"gamma",0.76564,6.88373,1.11084,36,24.2907,9.16691
7023,1,"gamma",1,0,0,36,0,0
7029,1,"gamma",1,0,0,36,0,0
7033,1,"gamma",0.887524,8.86669,9.58889,36,20.8811,47.2409
7038,1,"gamma",1,0,0,36,0,0
7043,1,"gamma",0.847541,7.13616,-8.47434,36,29.4466,-49.8996
7055,1,"gamma",1,0,0,36,0,0
7066,1,"gamma",1,0,0,36,0,0
7078,1,"gamma",0.911131,0.0453621,0.00266172,36,18.6221,3.3581
7088,1,"gamma",1,0,0,36,0,0
7098,1,"gamma",0.99371,-0.519941,1.50373,36,4.19887,109.074
7103,1,"gamma",1,0,0,36,0,0
7106,1,"gamma",1,0,0,36,0,0
7116,1,"gamma",1,0,0,36,0,0
7127,1,"gamma",1,0,0,36,0,0
7131,1,"gamma",0.666294,-17.4275,-13.9265,36,34.2711,-138.817
7145,1,"gamma",1,0,0,36,0,0
7146,1,"gamma",1,0,0,36,0,0
7147,1,"gamma",1,0,0,36,0,0
7151,1,"gamma",0.781684,-4.41419,10.4566,36,30.0856,112.887
7165,1,"gamma",1,0,0,36,0,0
7176,1,"gamma",1,0,0,36,0,0
7181,1,"gamma",0.816742,2.81099,-12.8165,36,20.9805,-77.6294
7197,1,"gamma",1,0,0,36,0,0
7211,1,"gamma",1,0.208272,0.575898,36,3.29456,70.1176
7222,1,"gamma",0.537238,14.4258,-8.42495,36,31.4601,-31.4366
7238,1,"gamma",1,0,0,36,0,0
7246,1,"gamma",0.595301,-2.13874,-1.19329,36,18.2547,-169.48
7260,1,"gamma",1,0,0,36,0,0
7289,1,"gamma",0.612264,1.34393,5.96087,36,60.139,52.6306
7298,1,"gamma",1,0,0,36,0,0
7316,1,"gamma",0.939677,0.251889,-0.0325029,36,14.9335,-7.35262
7326,1,"gamma",1,0,0,36,0,0
7327,1,"gamma",1,0,0,36,0,0
7337,1,"gamma",0.648666,5.10122,2.07806,36,39.6333,128.76
7338,1,"gamma",1,0,0,36,0,0
7347,1,"gamma",0.37777,1.38695,-0.306104,36,59.451,43.9193
7356,1,"gamma",0.993474,-1.08692,-1.98662,36,4.64567,-118.684
7362,1,"gamma",0.992703,0.0588286,-0.126768,36,5.15309,-65.1056
7375,1,"gamma",0.998291,-2.93208,0.3181,36,8.06842,171.856
7378,1,"gamma",0.976713,2.52907,0.184946,36,6.94668,4.18249
7395,1,"gamma",0.86865,-3.69542,6.78377,36,22.3045,118.579
7397,1,"gamma",0.939562,-1.07384,-8.56973,36,14.1596,-97.1423
7405,1,"gamma",1,0,0,36,0,0
7409,1,"gamma",1,0,0,36,0,0
7418,1,"gamma",0.54062,-7.49625,3.05194,36,26.1911,156.961
7421,1,"gamma",1,0,0,36,0,0
7436,2,"e-",0.817084,-0.0533295,-0.0134718,36,3.60804,111.52
7444,1,"gamma",0.899897,-2.96411,-5.41376,36,20.939,-118.701
7447,1,"gamma",0.984059,-2.83672,3.0787,36,11.7887,156.43
7452,1,"gamma",0.693957,28.799,-13.2398,36,52.022,-24.721
7454,1,"gamma",1,0,0,36,0,0
7458,1,"gamma",1,0,0,36,0,0
7459,1,"gamma",0.88562,-3.40059,-9.4558,36,20.7671,-109.78
7463,1,"gamma",1,-0.233883,-1.47594,36,2.50393,-99.0044
7468,1,"gamma",0.773996,-10.842,-5.94991,36,41.1026,-143.66
7475,1,"gamma",0.793014,-4.94308,-4.12949,36,32.3369,-140.124
7488,1,"gamma",1,0,0,36,0,0
7509,1,"gamma",0.85007,5.08601,2.79948,36,24.9446,28.8296
7518,1,"gamma",0.98578,-4.16232,-2.37984,36,8.02448,-148.899
7530,1,"gamma",0.914007,-0.0676695,1.99897,36,16.3965,91.9389
7536,1,"gamma",0.73302,3.87593,-4.8536,36,35.728,-51.3902
7539,1,"gamma",1,0,0,36,0,0
7543,1,"gamma",0.87796,-1.34637,-6.05017,36,28.9914,-91.8307
7548,1,"gamma",1,0,0,36,0,0
7550,1,"gamma",1,0,0,36,0,0
7554,1,"gamma",1,-2.37029,1.71173,36,20.8785,144.165
7577,1,"gamma",1,0,0,36,0,0
7592,1,"gamma",1,0,0,36,0,0
7594,1,"gamma",0.896978,4.97971,-5.34624,36,20.1606,-47.0329
7635,1,"gamma",0.694847,5.39502,7.85781,36,39.6068,55.5273
7642,1,"gamma",0.83768,-0.000581827,0.00684,36,25.2103,94.862
7642,2,"e-",0.0609376,0.000727438,0.00155223,36,21.2466,127.716
7644,1,"gamma",1,0,0,36,0,0
7660,1,"gamma",0.85883,0.484512,7.75367,36,19.6302,50.8316
7669,1,"gamma",1,0,0,36,0,0
7674,1,"gamma",1,0,0,36,0,0
7680,1,"gamma",0.439247,-0.238835,0.0309753,36,8.66145,-37.7073
7687,1,"gamma",1,0,0,36,0,0
7693,1,"gamma",0.512892,0.367395,-3.04713,36,31.1677,-100.822
7697,1,"gamma",1,-1.79284,-0.195446,36,5.33504,-173.778
7699,1,"gamma",0.406738,11.5598,-3.39533,36,74.5452,-14.1981
7706,1,"gamma",0.529641,-3.87593,0.401133,36,57.191,174.091
7709,1,"gamma",1,0,0,36,0,0
7710,1,"gamma",0.52779,2.54961,0.080614,36,59.8418,1.81098
7712,1,"gamma",1,0,0,36,0,0
7714,1,"gamma",0.57702,-0.349955,-2.10036,36,24.684,-113.575
7725,1,"gamma",1,0,0,36,0,0
7728,1,"gamma",1,0,0,36,0,0
7730,1,"gamma",0.997967,2.69241,-1.80898,36,11.5366,-33.8964
7731,1,"gamma",1,0,0,36,0,0
7733,3,"gamma",0.073039,1.72278,-0.492248,36,19.992,-99.0378
7735,1,"gamma",1,0,0,36,0,0
7738,1,"gamma",1,0,0,36,0,0
7764,1,"gamma",0.616691,15.2383,14.0626,36,35.7424,47.5339
7774,1,"gamma",0.755299,3.6927,3.74805,36,32.8635,45.4262
7775,1,"gamma",1,0,0,36,0,0
7793,1,"gamma",1,0,0,36,0,0
7798,1,"gamma",1,0,0,36,0,0
7816,1,"gamma",1,0,0,36,0,0
7819,1,"gamma",1,0,0,36,0,0
7823,5,"gamma",0.073039,-1.62204,3.87673,36,42.5767,20.992
7842,1,"gamma",1,0,0,36,0,0
7855,1,"gamma",1,0,0,36,0,0
7859,1,"gamma",1,0,0,36,0,0
7861,1,"gamma",0.644501,-0.437266,-0.320532,36,39.9127,-143.757
7865,1,"gamma",1,0,0,36,0,0
7867,1,"gamma",0.960018,-1.4894,2.99564,36,12.0478,116.436
7874,1,"gamma",1,0,0,36,0,0
7878,1,"gamma",1,0,0,36,0,0
7885,1,"gamma",1,0,0,36,0,0
7911,1,"gamma",0.971332,2.86606,5.22761,36,10.1185,61.2661
7920,1,"gamma",0.547248,19.5649,1.25448,36,57.2537,3.40276
7933,1,"gamma",0.609314,5.27467,-8.7012,36,47.9988,-56.6337
7940,1,"gamma",1,0,0,36,0,0
7943,1,"gamma",1,0,0,36,0,0
7948,1,"gamma",1,0,0,36,0,0
7955,1,"gamma",1,0,0,36,0,0
7956,1,"gamma",1,0,0,36,0,0
7966,1,"gamma",1,0,0,36,0,0
7969,1,"gamma",0.933274,-5.35855,-7.18362,36,15.616,-126.721
7983,1,"gamma",1,0,0,36,0,0
7993,1,"gamma",0.952393,4.02795,-0.507017,36,13.7523,-7.17435
8001,1,"gamma",0.828515,-1.70534,8.20172,36,12.593,143.853
8010,1,"gamma",1,0.052876,-0.0920237,36,0.619522,-60.1187
8014,1,"gamma",1,0,0,36,0,0
8026,1,"gamma",0.388988,-9.59351,7.90104,36,28.7137,-178.18
8052,1,"gamma",1,0,0,36,0,0
8063,1,"gamma",0.827416,0.0969781,0.601729,36,23.6655,-160.625
8071,1,"gamma",1,0,0,36,0,0
8080,1,"gamma",1,0,0,36,0,0
8082,1,"gamma",1,0,0,36,0,0
8091,1,"gamma",1,0,0,36,0,0
8105,1,"gamma",1,0,0,36,0,0
8114,1,"gamma",1,0,0,36,0,0
8136,1,"gamma",1,0,0,36,0,0
8145,1,"gamma",1,0,0,36,0,0
8174,1,"gamma",1,0,0,36,0,0
8182,1,"gamma",1,0,0,36,0,0
8184,1,"gamma",1,0,0,36,0,0
8187,1,"gamma",1,0,0,36,0,0
8192,1,"gamma",1,0,0,36,0,0
8218,1,"gamma",0.983069,0.593707,0.78267,36,7.4438,52.8173
8230,1,"gamma",0.84953,0.195824,-2.6733,36,25.1753,-85.8105
8256,1,"gamma",0.606989,2.8159,16.6753,36,64.954,125.71
8275,1,"gamma",1,0,0,36,0,0
8281,1,"gamma",0.420881,5.1635,-1.64172,36,64.7517,-51.204
8282,1,"gamma",0.792329,-3.39704,-1.65899,36,31.5861,-110.86
8288,1,"gamma",0.937552,2.84028,-5.75879,36,17.8894,-63.7471
8295,1,"gamma",1,0,0,36,0,0
8296,1,"gamma",0.67685,1.68307,-2.05173,36,41.1549,-50.6374
8298,1,"gamma",0.758969,3.80582,0.91416,36,32.9937,13.5066
8316,1,"gamma",0.757422,-7.69864,-22.6015,36,36.5856,-108.81
8318,1,"gamma",0.739139,0.800193,-0.973331,36,35.8661,-50.5757
8325,1,"gamma",1,0,0,36,0,0
8365,1,"gamma",0.968567,-2.16898,3.71791,36,10.707,120.259
8368,1,"gamma",1,0,0,36,0,0
8373,1,"gamma",1,0,0,36,0,0
8385,1,"gamma",0.97255,0.25687,4.98662,36,9.67515,87.0512
8387,1,"gamma",1,0,0,36,0,0
8395,1,"gamma",1,0,0,36,0,0
8397,1,"gamma",1,0,0,36,0,0
8411,1,"gamma",0.969425,1.56645,3.65834,36,10.333,66.82
8416,1,"gamma",1,0,0,36,0,0
8417,1,"gamma",1,0,0,36,0,0
8445,1,"gamma",0.619237,6.33927,-3.76724,36,41.6153,-30.7911
8451,1,"gamma",0.81458,2.70635,5.97326,36,28.4807,65.6258
8472,1,"gamma",1,0,0,36,0,0
8483,1,"gamma",1,0,0,36,0,0
8486,1,"gamma",1,0,0,36,0,0
8487,1,"gamma",1,0,0,36,0,0
8488,1,"gamma",1,0,0,36,0,0
8492,1,"gamma",1,0,0,36,0,0
8499,1,"gamma",1,0,0,36,0,0
8504,1,"gamma",0.857209,-0.120498,-0.458076,36,25.7408,-104.738
8518,1,"gamma",0.716195,-21.1858,-0.942995,36,37.6921,-167.036
8535,1,"gamma",1,0,0,36,0,0
8543,1,"gamma",1,0,0,36,0,0
8546,1,"gamma",0.769161,0.869537,-0.744629,36,34.7319,-40.5751
8548,1,"gamma",0.835552,12.4833,-10.8362,36,25.0975,-40.9599
8554,1,"gamma",0.905178,0.27125,-1.05868,36,17.4314,-75.6292
8555,1,"gamma",1,0,0,36,0,0
8556,1,"gamma",1,0,0,36,0,0
8565,1,"gamma",1,0,0,36,0,0
8580,1,"gamma",0.891752,-1.90186,-5.99124,36,15.3828,-106.714
8586,1,"gamma",0.711337,-4.95895,7.88665,36,37.0572,122.161
8588,1,"gamma",1,0,0,36,0,0
8604,1,"gamma",1,0,0,36,0,0
8608,1,"gamma",1,0,0,36,0,0
8614,1,"gamma",0.565857,-4.85861,-1.97248,36,23.0137,59.3704
8617,1,"gamma",1,0,0,36,0,0
8622,1,"gamma",0.727583,2.83187,6.48663,36,35.9321,66.4154
8624,1,"gamma",1,0.0138222,-0.13482,36,0.411345,-84.1463
8630,1,"gamma",0.908019,-7.28645,1.83449,36,18.4724,165.868
8633,1,"gamma",0.980137,-0.00804671,-0.0100079,36,9.10822,-128.801
8639,1,"gamma",0.63961,-6.82503,-9.63328,36,49.199,-125.317
8654,1,"gamma",0.99489,0.484246,-0.233406,36,4.81579,-25.734
8661,1,"gamma",1,0,0,36,0,0
8669,1,"gamma",1,0,0,36,0,0
8677,1,"gamma",1,0,0,36,0,0
8694,1,"gamma",1,-0.0248119,-0.0329064,36,0.601081,-127.017
8696,3,"gamma",0.180166,-0.0105317,0.499107,36,75.3527,91.3351
8698,1,"gamma",1,0,0,36,0,0
8707,1,"gamma",1,0,0,36,0,0
8710,1,"gamma",1,0,0,36,0,0
8711,1,"gamma",0.945183,-2.21366,0.35643,36,12.092,170.853
8720,1,"gamma",0.734068,1.21038,-5.40565,36,34.7865,-77.3791
8763,1,"gamma",1,0,0,36,0,0
8793,1,"gamma",0.950962,2.45138,6.72924,36,12.9348,69.9839
8794,1,"gamma",0.956513,7.74225,0.154768,36,18.7226,1.1452
8799,1,"gamma",1,0,0,36,0,0
8803,1,"gamma",0.95253,2.22595,0.840745,36,14.5075,20.6916
8804,1,"gamma",1,0,0,36,0,0
8823,1,"gamma",1,0,0,36,0,0
8827,1,"gamma",0.69766,3.66015,8.64377,36,12.5407,66.342
8831,1,"gamma",1,0,0,36,0,0
8836,1,"gamma",1,0,0,36,0,0
8840,1,"gamma",0.86236,-1.46304,-0.510614,36,24.3213,-160.76
8842,1,"gamma",0.955878,-0.856911,0.86497,36,12.7625,134.732
8846,1,"gamma",0.812827,-10.1536,4.04911,36,30.4749,140.178
8847,1,"gamma",0.940082,-4.99484,5.33725,36,12.3242,133.102
8871,1,"gamma",0.806694,13.3314,-10.8766,36,34.8878,-48.3647
8873,1,"gamma",1,0,0,36,0,0
8877,1,"gamma",0.671795,-10.4598,9.97409,36,65.5146,142.892
8894,1,"gamma",1,0.219853,0.550053,36,7.94171,68.2137
8928,1,"gamma",0.873121,1.73202,-6.37625,36,11.3495,-68.8412
8934,1,"gamma",1,0,0,36,0,0
8940,1,"gamma",1,0,0,36,0,0
8941,1,"gamma",0.501174,13.0396,-4.1269,36,31.3138,-52.7311
8945,1,"gamma",1,0,0,36,0,0
8947,1,"gamma",1,0,0,36,0,0
8952,1,"gamma",0.707201,-4.56981,-8.34031,36,35.4853,-118.719
8959,1,"gamma",0.646752,7.24333,2.58623,36,43.4624,19.6491
8970,1,"gamma",1,0,0,36,0,0
8972,1,"gamma",0.998904,-0.0599036,-0.163597,36,1.82033,-110.111
9018,1,"gamma",0.310772,3.66703,18.0246,36,48.3478,-32.8474
9019,1,"gamma",0.863693,-0.717238,-0.447943,36,22.28,-148.014
9033,1,"gamma",0.635647,-0.907029,0.58362,36,24.6258,128.844
9034,1,"gamma",1,0,0,36,0,0
9043,1,"gamma",0.451976,1.18719,0.329647,36,45.9075,98.2049
9050,4,"gamma",0.367326,-0.755843,2.23524,36,25.2134,80.397
9065,1,"gamma",1,-0.172165,-0.240664,36,2.15143,-125.579
9074,1,"gamma",1,0,0,36,0,0
9080,1,"gamma",0.88875,3.42613,-4.81628,36,21.6709,-54.5733
9086,1,"gamma",1,0.525117,-0.245953,36,1.60805,-25.0973
9104,1,"gamma",1,0,0,36,0,0
9124,1,"gamma",1,0,0,36,0,0
9173,1,"gamma",0.93666,2.19724,2.8969,36,13.7059,52.8205
9185,1,"gamma",1,0,0,36,0,0
9196,1,"gamma",1,0,0,36,0,0
9198,1,"gamma",1,0,0,36,0,0
9201,1,"gamma",0.982984,-0.422935,-1.16327,36,7.45234,-85.7444
9207,1,"gamma",0.959924,4.37295,-0.368298,36,11.4642,-4.8142
9215,1,"gamma",1,0,0,36,0,0
9238,1,"gamma",1,0,0,36,0,0
9240,1,"gamma",1,0,0,36,0,0
9241,1,"gamma",1,0,0,36,0,0
9258,1,"gamma",1,0,0,36,0,0
9273,1,"gamma",0.61472,1.08303,1.73951,36,43.5798,-166.902
9274,1,"gamma",0.847031,9.76649,7.45766,36,33.0697,37.5041
9288,1,"gamma",1,0,0,36,0,0
9290,1,"gamma",1,0,0,36,0,0
9298,1,"gamma",1,0,0,36,0,0
9299,1,"gamma",1,0,0,36,0,0
9311,1,"gamma",1,0,0,36,0,0
9320,1,"gamma",1,0,0,36,0,0
9322,1,"gamma",0.742101,10.2946,-6.41799,36,6.95325,-28.2839
9334,1,"gamma",0.749616,2.28255,-1.92777,36,32.5535,-32.392
9341,1,"gamma",1,0,0,36,0,0
9343,1,"gamma",1,0,0,36,0,0
9349,1,"gamma",1,0,0,36,0,0
9354,1,"gamma",1,0,0,36,0,0
9371,1,"gamma",1,0,0,36,0,0
9380,1,"gamma",1,0,0,36,0,0
9381,1,"gamma",1,0,0,36,0,0
9383,1,"gamma",1,0,0,36,0,0
9390,1,"gamma",1,-0.816495,-0.969808,36,4.06441,-130.095
9401,1,"gamma",0.329062,-13.7075,2.89368,36,29.6291,-174.306
9422,1,"gamma",1,0,0,36,0,0
9435,1,"gamma",1,0,0,36,0,0
9436,1,"gamma",0.75676,-8.34267,-11.2699,36,36.1988,-126.511
9437,1,"gamma",1,0,0,36,0,0
9456,1,"gamma",0.729474,0.827529,-6.81576,36,36.0718,-83.0774
9461,1,"gamma",1,0,0,36,0,0
9462,1,"gamma",0.581973,13.9357,18.4002,36,56.792,53.7303
9470,1,"gamma",0.515155,3.2193,-1.15708,36,58.2355,-19.7695
9474,1,"gamma",1,0,0,36,0,0
9480,1,"gamma",0.867117,-2.64749,-8.07078,36,22.7585,-159.976
9481,1,"gamma",1,0,0,36,0,0
9497,1,"gamma",0.961984,3.65758,3.43969,36,13.0197,43.2415
9498,1,"gamma",1,0,0,36,0,0
9499,1,"gamma",1,0,0,36,0,0
9508,1,"gamma",0.994082,0.270119,-0.415158,36,4.73803,-56.9503
9527,1,"gamma",1,0,0,36,0,0
9529,1,"gamma",1,0,0,36,0,0
9547,1,"gamma",0.668256,3.03634,19.5974,36,33.127,64.1554
9554,1,"gamma",1,0,0,36,0,0
9570,1,"gamma",0.578514,-2.76442,-14.0152,36,50.4174,-102.92
9585,1,"gamma",0.846316,-8.1756,18.9428,36,51.2933,109.769
9587,1,"gamma",0.972717,-0.088571,1.68788,36,7.57386,93.0038
9592,1,"gamma",0.761712,0.754547,4.54341,36,32.1491,80.5707
9597,1,"gamma",1,0,0,36,0,0
9607,1,"gamma",1,0,0,36,0,0
9623,1,"gamma",1,0,0,36,0,0
9627,1,"gamma",1,0,0,36,0,0
9633,1,"gamma",0.914219,-3.88598,10.0006,36,19.0876,111.235
9635,1,"gamma",0.777186,5.48468,-1.11752,36,30.0488,-11.7721
9653,1,"gamma",1,0,0,36,0,0
9658,1,"gamma",0.815898,-0.842634,1.83336,36,27.6936,114.684
9693,1,"gamma",1,0,0,36,0,0
9704,1,"gamma",1,0,0,36,0,0
9708,1,"gamma",1,0,0,36,0,0
9727,1,"gamma",0.759942,0.111948,-1.29092,36,32.9341,-85.0437
9731,1,"gamma",1,0,0,36,0,0
9744,1,"gamma",0.912566,-7.87604,-3.67134,36,17.8592,-155.008
9745,1,"gamma",1,0,0,36,0,0
9747,1,"gamma",0.796112,-0.0269928,14.3055,36,41.4976,91.3906
9765,1,"gamma",1,-0.07638,0.0320874,36,0.907652,157.213
9770,1,"gamma",0.805587,5.47879,8.70324,36,27.4408,68.7201
9771,1,"gamma",0.937103,2.89676,8.56603,36,24.1676,61.2359
9776,1,"gamma",1,0,0,36,0,0
9783,1,"gamma",1,0,0,36,0,0
9785,5,"gamma",0.07525,11.1893,13.7936,36,51.8251,37.0295
9805,1,"gamma",0.691481,17.6805,-1.35728,36,39.1767,-4.38981
9822,1,"gamma",1,0,0,36,0,0
9827,1,"gamma",0.606707,3.99522,1.61556,36,44.7933,22.0171
9843,1,"gamma",1,0,0,36,0,0
9845,1,"gamma",0.800667,-0.254606,1.95547,36,28.9573,99.0381
9869,1,"gamma",0.841618,1.3268,4.31885,36,23.4395,63.6027
9873,1,"gamma",0.698523,-2.88989,-1.07107,36,38.3247,-159.664
9885,1,"gamma",1,0,0,36,0,0
9903,1,"gamma",1,0,0,36,0,0
9908,1,"gamma",1,0,0,36,0,0
9915,1,"gamma",1,0,0,36,0,0
9918,1,"gamma",1,0,0,36,0,0
9928,1,"gamma",1,0,0,36,0,0
9933,1,"gamma",1,0,0,36,0,0
9943,1,"gamma",1,0,0,36,0,0
9946,1,"gamma",0.805246,8.40886,-1.2925,36,28.2375,-9.82342
9973,1,"gamma",1,0,0,36,0,0
9985,1,"gamma",1,0,0,36,0,0
