/control/execute exercise2e.in
/gamos/setParam GmAnalysisMgr:FileNameSuffix ex2e
/gamos/setParam GmGeometryFromText:FileName marinelli_beaker.geom
/gamos/geometry GmGeometryFromText
/gamos/physicsList GmEMExtendedPhysics
/gamos/generator GmGenerator
 GmGenUtils::FileInPath ./isotopes.dat in .
 GmGenUtils::FileInPath /home/arce/gamosnew/GAMOS.5.0.0/data/isotopes.dat in /home/arce/gamosnew/GAMOS.5.0.0/data
/run/initialize
 GmGenUtils::FileInPath ./marinelli_beaker.geom in .
GmEMPhysics PhysicsList:DEFAULT = gamma-lowener is registered
GmEMPhysics PhysicsList: DEFAULT = electron-lowener is registered
GmEMPhysics PhysicsList: DEFAULT = positron-standard is registered
GmPhysicsGammaLowEner::ConstructProcess 
/gamos/generator/addSingleParticleSource source1 Co57[0.0] 0*MeV
/gamos/generator/positionDist source1 GmGenerDistPositionInG4Volumes SOLUTION_*
/gamos/generator/timeDist source1 GmGenerDistTimeDecay 1E6*Bq
    theTimeDistribution->SetParticleSource( this ) 0x1a91170 0x1a9a0d0
/gamos/generator/addSingleParticleSource source2 Cs137[0.0] 0*MeV
/gamos/generator/positionDist source2 GmGenerDistPositionInG4Volumes SOLUTION_*
/gamos/generator/timeDist source2 GmGenerDistTimeDecay 2E6*Bq
    theTimeDistribution->SetParticleSource( this ) 0x1aa1bd0 0x1aaa5a0
/gamos/generator/addSingleParticleSource source3 Cd109[0.0] 0*MeV
/gamos/generator/positionDist source3 GmGenerDistPositionInG4Volumes SOLUTION_*
/gamos/generator/timeDist source3 GmGenerDistTimeDecay 3E6*Bq
    theTimeDistribution->SetParticleSource( this ) 0x1ab22c0 0x1abb0f0
/gamos/userAction GmNoUseG4RadDecayTimeUA
/gamos/analysis/histo1Max *Energy* 750
/gamos/analysis/histo1NBins *Energy* 300
/gamos/SD/assocSD2LogVol GmSDSeparateByTime Detector DETECTOR_Ge
 DeadTimeDUListByBlock: NShift 100
 GmDetUnitIDBuilderFromAncestors sdType Detector
/gamos/userAction GmHitsHistosUA
/gamos/userAction GmCountTracksUA
/gamos/analysis/histo1Max *Time* 0.02
/gamos/setParam GmTrackDataHistosUA_GmPrimaryFilter_GmClassifierByParticle:DataList InitialTime/second
/gamos/userAction GmTrackDataHistosUA GmPrimaryFilter GmClassifierByParticle
/gamos/userAction GmCountProcessesUA
/run/beamOn 100000

phot:   for  gamma    SubType= 12
      LambdaPrime table from 200 keV to 10 TeV in 54 bins 
      ===== EM models for the G4Region  DefaultRegionForTheWorld ======
 LivermorePhElectric :  Emin=        0 eV    Emax=        1 GeV   AngularGenSauterGavrila  FluoActive
       PhotoElectric :  Emin=        1 GeV   Emax=       10 TeV   AngularGenSauterGavrila  FluoActive

compt:   for  gamma    SubType= 13
      Lambda table from 100 eV  to 1 MeV in 28 bins, spline: 1
      LambdaPrime table from 1 MeV to 10 TeV in 49 bins 
      ===== EM models for the G4Region  DefaultRegionForTheWorld ======
    LivermoreCompton :  Emin=        0 eV    Emax=        1 GeV  FluoActive
       Klein-Nishina :  Emin=        1 GeV   Emax=       10 TeV

conv:   for  gamma    SubType= 14
      Lambda table from 1.022 MeV to 10 TeV in 49 bins, spline: 1
      ===== EM models for the G4Region  DefaultRegionForTheWorld ======
 LivermoreConversion :  Emin=        0 eV    Emax=        1 GeV
        BetheHeitler :  Emin=        1 GeV   Emax=       80 GeV
     BetheHeitlerLPM :  Emin=       80 GeV   Emax=       10 TeV

Rayl:   for  gamma    SubType= 11
      Lambda table from 100 eV  to 100 keV in 21 bins, spline: 0
      LambdaPrime table from 100 keV to 10 TeV in 56 bins 
      ===== EM models for the G4Region  DefaultRegionForTheWorld ======
   LivermoreRayleigh :  Emin=        0 eV    Emax=        1 GeV   CullenGenerator
   LivermoreRayleigh :  Emin=        1 GeV   Emax=       10 TeV   CullenGenerator

msc:   for e-    SubType= 10
      RangeFactor= 0.04, step limit type: 2, lateralDisplacement: 1, skin= 1, geomFactor= 2.5
      ===== EM models for the G4Region  DefaultRegionForTheWorld ======
          UrbanMsc95 :  Emin=        0 eV    Emax=       10 TeV  Table with 77 bins Emin=    100 eV    Emax=     10 TeV

### ===  Deexcitation model UAtomDeexcitation is activated for 1 region:
          DefaultRegionForTheWorld

eIoni:   for  e-    SubType= 2
      dE/dx and range tables from 100 eV  to 10 TeV in 77 bins
      Lambda tables from threshold to 10 TeV in 77 bins, spline: 1
      finalRange(mm)= 0.1, dRoverRange= 0.2, integral: 1, fluct: 1, linLossLimit= 0.01
      ===== EM models for the G4Region  DefaultRegionForTheWorld ======
       LowEnergyIoni :  Emin=        0 eV    Emax=        1 GeV
        MollerBhabha :  Emin=        1 GeV   Emax=       10 TeV

eBrem:   for  e-    SubType= 3
      dE/dx and range tables from 100 eV  to 10 TeV in 77 bins
      Lambda tables from threshold to 10 TeV in 77 bins, spline: 1
      LPM flag: 1 for E > 1 GeV
      ===== EM models for the G4Region  DefaultRegionForTheWorld ======
           LowEnBrem :  Emin=        0 eV    Emax=        1 GeV   AngularGenUrban
            eBremLPM :  Emin=        1 GeV   Emax=       10 TeV   DipBustGen

msc:   for e+    SubType= 10
      RangeFactor= 0.04, step limit type: 1, lateralDisplacement: 1, skin= 1, geomFactor= 2.5
      ===== EM models for the G4Region  DefaultRegionForTheWorld ======
          UrbanMsc95 :  Emin=        0 eV    Emax=       10 TeV  Table with 77 bins Emin=    100 eV    Emax=     10 TeV

eIoni:   for  e+    SubType= 2
      dE/dx and range tables from 100 eV  to 10 TeV in 77 bins
      Lambda tables from threshold to 10 TeV in 77 bins, spline: 1
      finalRange(mm)= 1, dRoverRange= 0.2, integral: 1, fluct: 1, linLossLimit= 0.01
      ===== EM models for the G4Region  DefaultRegionForTheWorld ======
        MollerBhabha :  Emin=        0 eV    Emax=       10 TeV

eBrem:   for  e+    SubType= 3
      dE/dx and range tables from 100 eV  to 10 TeV in 77 bins
      Lambda tables from threshold to 10 TeV in 77 bins, spline: 1
      LPM flag: 1 for E > 1 GeV
      ===== EM models for the G4Region  DefaultRegionForTheWorld ======
             eBremSB :  Emin=        0 eV    Emax=        1 GeV   DipBustGen
            eBremLPM :  Emin=        1 GeV   Emax=       10 TeV   DipBustGen

annihil:   for  e+    SubType= 5
      ===== EM models for the G4Region  DefaultRegionForTheWorld ======
            eplus2gg :  Emin=        0 eV    Emax=       10 TeV

msc:   for proton    SubType= 10
      RangeFactor= 0.2, stepLimitType: 0, latDisplacement: 1
      ===== EM models for the G4Region  DefaultRegionForTheWorld ======
          UrbanMsc95 :  Emin=        0 eV    Emax=       10 TeV  Table with 77 bins Emin=    100 eV    Emax=     10 TeV

hIoni:   for  proton    SubType= 2
      dE/dx and range tables from 100 eV  to 10 TeV in 77 bins
      Lambda tables from threshold to 10 TeV in 77 bins, spline: 1
      finalRange(mm)= 0.05, dRoverRange= 0.2, integral: 1, fluct: 1, linLossLimit= 0.01
      ===== EM models for the G4Region  DefaultRegionForTheWorld ======
               Bragg :  Emin=        0 eV    Emax=        2 MeV
          BetheBloch :  Emin=        2 MeV   Emax=       10 TeV

hBrems:   for  proton    SubType= 3
      dE/dx and range tables from 100 eV  to 10 TeV in 77 bins
      Lambda tables from threshold to 10 TeV in 77 bins, spline: 1
      ===== EM models for the G4Region  DefaultRegionForTheWorld ======
               hBrem :  Emin=        0 eV    Emax=       10 TeV

hPairProd:   for  proton    SubType= 4
      dE/dx and range tables from 100 eV  to 10 TeV in 77 bins
      Lambda tables from threshold to 10 TeV in 77 bins, spline: 1
      ===== EM models for the G4Region  DefaultRegionForTheWorld ======
           hPairProd :  Emin=        0 eV    Emax=       10 TeV

### ===  Deexcitation model UAtomDeexcitation is activated for 1 region:
          DefaultRegionForTheWorld

msc:   for GenericIon    SubType= 10
      RangeFactor= 0.2, stepLimitType: 0, latDisplacement: 0
      ===== EM models for the G4Region  DefaultRegionForTheWorld ======
          UrbanMsc95 :  Emin=        0 eV    Emax=       10 TeV

ionIoni:   for  GenericIon    SubType= 2
      dE/dx and range tables from 100 eV  to 10 TeV in 77 bins
      Lambda tables from threshold to 10 TeV in 77 bins, spline: 1
      finalRange(mm)= 0.01, dRoverRange= 0.1, integral: 1, fluct: 1, linLossLimit= 0.02
      Stopping Power data for 17 ion/material pairs 
      ===== EM models for the G4Region  DefaultRegionForTheWorld ======
         ParamICRU73 :  Emin=        0 eV    Emax=       10 TeV

nuclearStopping:   for  GenericIon    SubType= 8
      ===== EM models for the G4Region  DefaultRegionForTheWorld ======
   ICRU49NucStopping :  Emin=        0 eV    Emax=       10 TeV

msc:   for alpha    SubType= 10
      RangeFactor= 0.2, stepLimitType: 0, latDisplacement: 0
      ===== EM models for the G4Region  DefaultRegionForTheWorld ======
          UrbanMsc95 :  Emin=        0 eV    Emax=       10 TeV  Table with 77 bins Emin=    100 eV    Emax=     10 TeV

ionIoni:   for  alpha    SubType= 2
      dE/dx and range tables from 100 eV  to 10 TeV in 77 bins
      Lambda tables from threshold to 10 TeV in 77 bins, spline: 1
      finalRange(mm)= 0.02, dRoverRange= 0.1, integral: 1, fluct: 1, linLossLimit= 0.02
      ===== EM models for the G4Region  DefaultRegionForTheWorld ======
            BraggIon :  Emin=        0 eV    Emax=   7.9452 MeV
          BetheBloch :  Emin=   7.9452 MeV   Emax=       10 TeV

nuclearStopping:   for  alpha    SubType= 8
      ===== EM models for the G4Region  DefaultRegionForTheWorld ======
   ICRU49NucStopping :  Emin=        0 eV    Emax=       10 TeV

msc:   for anti_proton    SubType= 10
      RangeFactor= 0.2, stepLimitType: 0, latDisplacement: 1
      ===== EM models for the G4Region  DefaultRegionForTheWorld ======
          UrbanMsc95 :  Emin=        0 eV    Emax=       10 TeV  Table with 77 bins Emin=    100 eV    Emax=     10 TeV

hIoni:   for  anti_proton    SubType= 2
      dE/dx and range tables from 100 eV  to 10 TeV in 77 bins
      Lambda tables from threshold to 10 TeV in 77 bins, spline: 1
      finalRange(mm)= 0.1, dRoverRange= 0.2, integral: 1, fluct: 1, linLossLimit= 0.01
      ===== EM models for the G4Region  DefaultRegionForTheWorld ======
            ICRU73QO :  Emin=        0 eV    Emax=        2 MeV
          BetheBloch :  Emin=        2 MeV   Emax=       10 TeV

msc:   for kaon+    SubType= 10
      RangeFactor= 0.2, stepLimitType: 0, latDisplacement: 1
      ===== EM models for the G4Region  DefaultRegionForTheWorld ======
          UrbanMsc95 :  Emin=        0 eV    Emax=       10 TeV  Table with 77 bins Emin=    100 eV    Emax=     10 TeV

hIoni:   for  kaon+    SubType= 2
      dE/dx and range tables from 100 eV  to 10 TeV in 77 bins
      Lambda tables from threshold to 10 TeV in 77 bins, spline: 1
      finalRange(mm)= 0.05, dRoverRange= 0.2, integral: 1, fluct: 1, linLossLimit= 0.01
      ===== EM models for the G4Region  DefaultRegionForTheWorld ======
               Bragg :  Emin=        0 eV    Emax=  1.05231 MeV
          BetheBloch :  Emin=  1.05231 MeV   Emax=       10 TeV

hBrems:   for  kaon+    SubType= 3
      dE/dx and range tables from 100 eV  to 10 TeV in 77 bins
      Lambda tables from threshold to 10 TeV in 77 bins, spline: 1
      ===== EM models for the G4Region  DefaultRegionForTheWorld ======
               hBrem :  Emin=        0 eV    Emax=       10 TeV

hPairProd:   for  kaon+    SubType= 4
      dE/dx and range tables from 100 eV  to 10 TeV in 77 bins
      Lambda tables from threshold to 10 TeV in 77 bins, spline: 1
      ===== EM models for the G4Region  DefaultRegionForTheWorld ======
           hPairProd :  Emin=        0 eV    Emax=       10 TeV

msc:   for kaon-    SubType= 10
      RangeFactor= 0.2, stepLimitType: 0, latDisplacement: 1
      ===== EM models for the G4Region  DefaultRegionForTheWorld ======
          UrbanMsc95 :  Emin=        0 eV    Emax=       10 TeV  Table with 77 bins Emin=    100 eV    Emax=     10 TeV

hIoni:   for  kaon-    SubType= 2
      dE/dx and range tables from 100 eV  to 10 TeV in 77 bins
      Lambda tables from threshold to 10 TeV in 77 bins, spline: 1
      finalRange(mm)= 0.05, dRoverRange= 0.2, integral: 1, fluct: 1, linLossLimit= 0.01
      ===== EM models for the G4Region  DefaultRegionForTheWorld ======
            ICRU73QO :  Emin=        0 eV    Emax=  1.05231 MeV
          BetheBloch :  Emin=  1.05231 MeV   Emax=       10 TeV

hBrems:   for  kaon-    SubType= 3
      dE/dx and range tables from 100 eV  to 10 TeV in 77 bins
      Lambda tables from threshold to 10 TeV in 77 bins, spline: 1
      ===== EM models for the G4Region  DefaultRegionForTheWorld ======
               hBrem :  Emin=        0 eV    Emax=       10 TeV

hPairProd:   for  kaon-    SubType= 4
      dE/dx and range tables from 100 eV  to 10 TeV in 77 bins
      Lambda tables from threshold to 10 TeV in 77 bins, spline: 1
      ===== EM models for the G4Region  DefaultRegionForTheWorld ======
           hPairProd :  Emin=        0 eV    Emax=       10 TeV

msc:   for mu+    SubType= 10
      RangeFactor= 0.2, step limit type: 0, lateralDisplacement: 1, polarAngleLimit(deg)= 0
      ===== EM models for the G4Region  DefaultRegionForTheWorld ======
        WentzelVIUni :  Emin=        0 eV    Emax=       10 TeV  Table with 77 bins Emin=    100 eV    Emax=     10 TeV

muIoni:   for  mu+    SubType= 2
      dE/dx and range tables from 100 eV  to 10 TeV in 77 bins
      Lambda tables from threshold to 10 TeV in 77 bins, spline: 1
      finalRange(mm)= 0.05, dRoverRange= 0.2, integral: 1, fluct: 1, linLossLimit= 0.01
      ===== EM models for the G4Region  DefaultRegionForTheWorld ======
               Bragg :  Emin=        0 eV    Emax=      200 keV
          BetheBloch :  Emin=      200 keV   Emax=        1 GeV
        MuBetheBloch :  Emin=        1 GeV   Emax=       10 TeV

muBrems:   for  mu+    SubType= 3
      dE/dx and range tables from 100 eV  to 10 TeV in 77 bins
      Lambda tables from threshold to 10 TeV in 77 bins, spline: 1
      ===== EM models for the G4Region  DefaultRegionForTheWorld ======
              MuBrem :  Emin=        0 eV    Emax=       10 TeV

muPairProd:   for  mu+    SubType= 4
      dE/dx and range tables from 100 eV  to 10 TeV in 77 bins
      Lambda tables from threshold to 10 TeV in 77 bins, spline: 1
      ===== EM models for the G4Region  DefaultRegionForTheWorld ======
          muPairProd :  Emin=        0 eV    Emax=       10 TeV

CoulombScat:   for  mu+    SubType= 1
      Lambda table from 100 eV  to 10 TeV in 77 bins, spline: 1
      0 < Theta(degree) < 180; pLimit(GeV^1)= 0.139531
      ===== EM models for the G4Region  DefaultRegionForTheWorld ======
  eCoulombScattering :  Emin=        0 eV    Emax=       10 TeV

msc:   for mu-    SubType= 10
      RangeFactor= 0.2, step limit type: 0, lateralDisplacement: 1, polarAngleLimit(deg)= 0
      ===== EM models for the G4Region  DefaultRegionForTheWorld ======
        WentzelVIUni :  Emin=        0 eV    Emax=       10 TeV  Table with 77 bins Emin=    100 eV    Emax=     10 TeV

muIoni:   for  mu-    SubType= 2
      dE/dx and range tables from 100 eV  to 10 TeV in 77 bins
      Lambda tables from threshold to 10 TeV in 77 bins, spline: 1
      finalRange(mm)= 0.05, dRoverRange= 0.2, integral: 1, fluct: 1, linLossLimit= 0.01
      ===== EM models for the G4Region  DefaultRegionForTheWorld ======
            ICRU73QO :  Emin=        0 eV    Emax=      200 keV
          BetheBloch :  Emin=      200 keV   Emax=        1 GeV
        MuBetheBloch :  Emin=        1 GeV   Emax=       10 TeV

muBrems:   for  mu-    SubType= 3
      dE/dx and range tables from 100 eV  to 10 TeV in 77 bins
      Lambda tables from threshold to 10 TeV in 77 bins, spline: 1
      ===== EM models for the G4Region  DefaultRegionForTheWorld ======
              MuBrem :  Emin=        0 eV    Emax=       10 TeV

muPairProd:   for  mu-    SubType= 4
      dE/dx and range tables from 100 eV  to 10 TeV in 77 bins
      Lambda tables from threshold to 10 TeV in 77 bins, spline: 1
      ===== EM models for the G4Region  DefaultRegionForTheWorld ======
          muPairProd :  Emin=        0 eV    Emax=       10 TeV

CoulombScat:   for  mu-    SubType= 1
      Lambda table from 100 eV  to 10 TeV in 77 bins, spline: 1
      0 < Theta(degree) < 180; pLimit(GeV^1)= 0.139531
      ===== EM models for the G4Region  DefaultRegionForTheWorld ======
  eCoulombScattering :  Emin=        0 eV    Emax=       10 TeV

msc:   for pi+    SubType= 10
      RangeFactor= 0.2, stepLimitType: 0, latDisplacement: 1
      ===== EM models for the G4Region  DefaultRegionForTheWorld ======
          UrbanMsc95 :  Emin=        0 eV    Emax=       10 TeV  Table with 77 bins Emin=    100 eV    Emax=     10 TeV

hIoni:   for  pi+    SubType= 2
      dE/dx and range tables from 100 eV  to 10 TeV in 77 bins
      Lambda tables from threshold to 10 TeV in 77 bins, spline: 1
      finalRange(mm)= 0.05, dRoverRange= 0.2, integral: 1, fluct: 1, linLossLimit= 0.01
      ===== EM models for the G4Region  DefaultRegionForTheWorld ======
               Bragg :  Emin=        0 eV    Emax=  297.505 keV
          BetheBloch :  Emin=  297.505 keV   Emax=       10 TeV

hBrems:   for  pi+    SubType= 3
      dE/dx and range tables from 100 eV  to 10 TeV in 77 bins
      Lambda tables from threshold to 10 TeV in 77 bins, spline: 1
      ===== EM models for the G4Region  DefaultRegionForTheWorld ======
               hBrem :  Emin=        0 eV    Emax=       10 TeV

hPairProd:   for  pi+    SubType= 4
      dE/dx and range tables from 100 eV  to 10 TeV in 77 bins
      Lambda tables from threshold to 10 TeV in 77 bins, spline: 1
      ===== EM models for the G4Region  DefaultRegionForTheWorld ======
           hPairProd :  Emin=        0 eV    Emax=       10 TeV

msc:   for pi-    SubType= 10
      RangeFactor= 0.2, stepLimitType: 0, latDisplacement: 1
      ===== EM models for the G4Region  DefaultRegionForTheWorld ======
          UrbanMsc95 :  Emin=        0 eV    Emax=       10 TeV  Table with 77 bins Emin=    100 eV    Emax=     10 TeV

hIoni:   for  pi-    SubType= 2
      dE/dx and range tables from 100 eV  to 10 TeV in 77 bins
      Lambda tables from threshold to 10 TeV in 77 bins, spline: 1
      finalRange(mm)= 0.05, dRoverRange= 0.2, integral: 1, fluct: 1, linLossLimit= 0.01
      ===== EM models for the G4Region  DefaultRegionForTheWorld ======
            ICRU73QO :  Emin=        0 eV    Emax=  297.505 keV
          BetheBloch :  Emin=  297.505 keV   Emax=       10 TeV

hBrems:   for  pi-    SubType= 3
      dE/dx and range tables from 100 eV  to 10 TeV in 77 bins
      Lambda tables from threshold to 10 TeV in 77 bins, spline: 1
      ===== EM models for the G4Region  DefaultRegionForTheWorld ======
               hBrem :  Emin=        0 eV    Emax=       10 TeV

hPairProd:   for  pi-    SubType= 4
      dE/dx and range tables from 100 eV  to 10 TeV in 77 bins
      Lambda tables from threshold to 10 TeV in 77 bins, spline: 1
      ===== EM models for the G4Region  DefaultRegionForTheWorld ======
           hPairProd :  Emin=        0 eV    Emax=       10 TeV

========= Table of registered couples ==============================

Index : 0     used in the geometry : Yes     recalculation needed : No 
 Material : G4_AIR
 Range cuts        :  gamma  100 um     e-  100 um     e+  100 um  proton 100 um 
 Energy thresholds :  gamma  990 eV     e-  990 eV     e+  990 eV  proton 10 keV
 Region(s) which use this couple : 
    DefaultRegionForTheWorld

Index : 1     used in the geometry : Yes     recalculation needed : No 
 Material : G4_Al
 Range cuts        :  gamma  100 um     e-  100 um     e+  100 um  proton 100 um 
 Energy thresholds :  gamma  2.3478 keV    e-  131.031 keV    e+  128.416 keV proton 10 keV
 Region(s) which use this couple : 
    DefaultRegionForTheWorld

Index : 2     used in the geometry : Yes     recalculation needed : No 
 Material : G4_WATER
 Range cuts        :  gamma  100 um     e-  100 um     e+  100 um  proton 100 um 
 Energy thresholds :  gamma  1.10981 keV    e-  84.6589 keV    e+  83.5287 keV proton 10 keV
 Region(s) which use this couple : 
    DefaultRegionForTheWorld

Index : 3     used in the geometry : Yes     recalculation needed : No 
 Material : G4_Ge
 Range cuts        :  gamma  100 um     e-  100 um     e+  100 um  proton 100 um 
 Energy thresholds :  gamma  5.95485 keV    e-  174.932 keV    e+  170.292 keV proton 10 keV
 Region(s) which use this couple : 
    DefaultRegionForTheWorld

Index : 4     used in the geometry : Yes     recalculation needed : No 
 Material : G4_Cu
 Range cuts        :  gamma  100 um     e-  100 um     e+  100 um  proton 100 um 
 Energy thresholds :  gamma  7.33405 keV    e-  249.775 keV    e+  243.15 keV proton 10 keV
 Region(s) which use this couple : 
    DefaultRegionForTheWorld

====================================================================

 CreateHisto1D Hits: SD ALL:Nhits = 201001
 CreateHisto1D Hits: SD ALL:Energy (keV) = 201002
 CreateHisto1D Hits: SD ALL:Width R3 (mm) = 201003
 CreateHisto1D Hits: SD ALL:Width Z (mm) = 201004
 CreateHisto1D Hits: SD ALL:Width phi (deg) = 201005
 CreateHisto1D Hits: SD ALL:N E depos = 201006
 CreateHisto1D Hits: SD ALL:Time span (ns) = 201007
 CreateHisto1D Hits: SD ALL:Distance between hits (mm) = 201008
 CreateHisto1D Hits: SD ALL:X hit (mm) = 201011
 CreateHisto1D Hits: SD ALL:Y hit (mm) = 201012
 CreateHisto1D Hits: SD ALL:Z hit (mm) = 201013
 CreateHisto1D Hits: SD ALL:R2 hit (mm) = 201014
 CreateHisto1D Hits: SD ALL:PHI hit (deg) = 201015
 CreateHisto1D Hits: SD ALL:THETA hit (deg) = 201016
 CreateHisto1D Hits: SD ALL:R3 hit (mm) = 201017
 CreateHisto1D Hits: SD Detector: Nhits = 201101
 CreateHisto1D Hits: SD Detector: Energy (keV) = 201102
 CreateHisto1D Hits: SD Detector: Width R3 (mm) = 201103
 CreateHisto1D Hits: SD Detector: Width Z (mm) = 201104
 CreateHisto1D Hits: SD Detector: Width phi (deg) = 201105
 CreateHisto1D Hits: SD Detector: N E depos = 201106
 CreateHisto1D Hits: SD Detector: Time span (ns) = 201107
 CreateHisto1D Hits: SD Detector: Distance between hits (mm) = 201108
 CreateHisto1D Hits: SD Detector: X hit (mm) = 201111
 CreateHisto1D Hits: SD Detector: Y hit (mm) = 201112
 CreateHisto1D Hits: SD Detector: Z hit (mm) = 201113
 CreateHisto1D Hits: SD Detector: R2 hit (mm) = 201114
 CreateHisto1D Hits: SD Detector: PHI hit (deg) = 201115
 CreateHisto1D Hits: SD Detector: THETA hit (deg) = 201116
 CreateHisto1D Hits: SD Detector: R3 hit (mm) = 201117
@@@@@ GmCountProcessesUA GmCountProcessesUA
Start Run processing.
 CreateHisto1D GmTrackDataHistosUA_GmPrimaryFilter_GmClassifierByParticle:Cs137[0.0]:InitialTime/second = 286000101
 %%% EVENT 0 NTRACKS 4 TOTAL NTRACKS 4
 CreateHisto1D GmTrackDataHistosUA_GmPrimaryFilter_GmClassifierByParticle:Cd109[0.0]:InitialTime/second = 286000201
 CreateHisto1D GmTrackDataHistosUA_GmPrimaryFilter_GmClassifierByParticle:Co57[0.0]:InitialTime/second = 286000301
 %%% EVENT 1000 NTRACKS 3 TOTAL NTRACKS 6718
 %%% EVENT 2000 NTRACKS 4 TOTAL NTRACKS 13363
 %%% EVENT 3000 NTRACKS 8 TOTAL NTRACKS 20192
 %%% EVENT 4000 NTRACKS 6 TOTAL NTRACKS 27017
 %%% EVENT 5000 NTRACKS 6 TOTAL NTRACKS 33866
 %%% EVENT 6000 NTRACKS 4 TOTAL NTRACKS 40619
 %%% EVENT 7000 NTRACKS 7 TOTAL NTRACKS 47635
 %%% EVENT 8000 NTRACKS 4 TOTAL NTRACKS 54300
 %%% EVENT 9000 NTRACKS 11 TOTAL NTRACKS 61207
 %%% EVENT 10000 NTRACKS 4 TOTAL NTRACKS 67998
 %%% EVENT 11000 NTRACKS 7 TOTAL NTRACKS 74839
 %%% EVENT 12000 NTRACKS 6 TOTAL NTRACKS 81528
 %%% EVENT 13000 NTRACKS 7 TOTAL NTRACKS 88282
 %%% EVENT 14000 NTRACKS 4 TOTAL NTRACKS 94984
 %%% EVENT 15000 NTRACKS 8 TOTAL NTRACKS 101759
 %%% EVENT 16000 NTRACKS 4 TOTAL NTRACKS 108382
 %%% EVENT 17000 NTRACKS 5 TOTAL NTRACKS 115060
 %%% EVENT 18000 NTRACKS 10 TOTAL NTRACKS 121948
 %%% EVENT 19000 NTRACKS 8 TOTAL NTRACKS 128720
 %%% EVENT 20000 NTRACKS 8 TOTAL NTRACKS 135529
 %%% EVENT 21000 NTRACKS 4 TOTAL NTRACKS 142169
 %%% EVENT 22000 NTRACKS 4 TOTAL NTRACKS 148913
 %%% EVENT 23000 NTRACKS 8 TOTAL NTRACKS 155537
 %%% EVENT 24000 NTRACKS 9 TOTAL NTRACKS 162347
 %%% EVENT 25000 NTRACKS 4 TOTAL NTRACKS 169159
 %%% EVENT 26000 NTRACKS 10 TOTAL NTRACKS 175929
 %%% EVENT 27000 NTRACKS 4 TOTAL NTRACKS 182688
 %%% EVENT 28000 NTRACKS 4 TOTAL NTRACKS 189478
 %%% EVENT 29000 NTRACKS 4 TOTAL NTRACKS 196277
 %%% EVENT 30000 NTRACKS 4 TOTAL NTRACKS 203227
 %%% EVENT 31000 NTRACKS 4 TOTAL NTRACKS 210021
 %%% EVENT 32000 NTRACKS 4 TOTAL NTRACKS 216895
 %%% EVENT 33000 NTRACKS 9 TOTAL NTRACKS 223982
 %%% EVENT 34000 NTRACKS 8 TOTAL NTRACKS 230712
 %%% EVENT 35000 NTRACKS 5 TOTAL NTRACKS 237623
 %%% EVENT 36000 NTRACKS 6 TOTAL NTRACKS 244572
 %%% EVENT 37000 NTRACKS 4 TOTAL NTRACKS 251391
 %%% EVENT 38000 NTRACKS 5 TOTAL NTRACKS 258175
 %%% EVENT 39000 NTRACKS 8 TOTAL NTRACKS 264874
 %%% EVENT 40000 NTRACKS 6 TOTAL NTRACKS 271792
 %%% EVENT 41000 NTRACKS 9 TOTAL NTRACKS 278631
 %%% EVENT 42000 NTRACKS 3 TOTAL NTRACKS 285418
 %%% EVENT 43000 NTRACKS 13 TOTAL NTRACKS 292313
 %%% EVENT 44000 NTRACKS 8 TOTAL NTRACKS 299035
 %%% EVENT 45000 NTRACKS 7 TOTAL NTRACKS 305698
 %%% EVENT 46000 NTRACKS 4 TOTAL NTRACKS 312362
 %%% EVENT 47000 NTRACKS 4 TOTAL NTRACKS 319230
 %%% EVENT 48000 NTRACKS 6 TOTAL NTRACKS 326042
 %%% EVENT 49000 NTRACKS 4 TOTAL NTRACKS 332836
 %%% EVENT 50000 NTRACKS 9 TOTAL NTRACKS 339437
 %%% EVENT 51000 NTRACKS 6 TOTAL NTRACKS 346226
 %%% EVENT 52000 NTRACKS 8 TOTAL NTRACKS 353101
 %%% EVENT 53000 NTRACKS 11 TOTAL NTRACKS 359916
 %%% EVENT 54000 NTRACKS 6 TOTAL NTRACKS 366736
 %%% EVENT 55000 NTRACKS 15 TOTAL NTRACKS 373473
 %%% EVENT 56000 NTRACKS 8 TOTAL NTRACKS 380261
 %%% EVENT 57000 NTRACKS 6 TOTAL NTRACKS 387063
 %%% EVENT 58000 NTRACKS 14 TOTAL NTRACKS 393889
 %%% EVENT 59000 NTRACKS 8 TOTAL NTRACKS 400692
 %%% EVENT 60000 NTRACKS 9 TOTAL NTRACKS 407367
 %%% EVENT 61000 NTRACKS 6 TOTAL NTRACKS 414034
 %%% EVENT 62000 NTRACKS 7 TOTAL NTRACKS 420823
 %%% EVENT 63000 NTRACKS 12 TOTAL NTRACKS 427363
 %%% EVENT 64000 NTRACKS 8 TOTAL NTRACKS 434262
 %%% EVENT 65000 NTRACKS 4 TOTAL NTRACKS 441033
 %%% EVENT 66000 NTRACKS 10 TOTAL NTRACKS 447743
 %%% EVENT 67000 NTRACKS 7 TOTAL NTRACKS 454609
 %%% EVENT 68000 NTRACKS 4 TOTAL NTRACKS 461469
 %%% EVENT 69000 NTRACKS 5 TOTAL NTRACKS 468180
 %%% EVENT 70000 NTRACKS 4 TOTAL NTRACKS 474961
 %%% EVENT 71000 NTRACKS 4 TOTAL NTRACKS 481626
 %%% EVENT 72000 NTRACKS 21 TOTAL NTRACKS 488495
 %%% EVENT 73000 NTRACKS 7 TOTAL NTRACKS 495334
 %%% EVENT 74000 NTRACKS 7 TOTAL NTRACKS 502154
 %%% EVENT 75000 NTRACKS 4 TOTAL NTRACKS 508710
 %%% EVENT 76000 NTRACKS 4 TOTAL NTRACKS 515488
 %%% EVENT 77000 NTRACKS 4 TOTAL NTRACKS 522021
 %%% EVENT 78000 NTRACKS 7 TOTAL NTRACKS 528701
 %%% EVENT 79000 NTRACKS 8 TOTAL NTRACKS 535471
 %%% EVENT 80000 NTRACKS 6 TOTAL NTRACKS 542095
 %%% EVENT 81000 NTRACKS 7 TOTAL NTRACKS 548956
 %%% EVENT 82000 NTRACKS 12 TOTAL NTRACKS 555711
 %%% EVENT 83000 NTRACKS 8 TOTAL NTRACKS 562576
 %%% EVENT 84000 NTRACKS 4 TOTAL NTRACKS 569207
 %%% EVENT 85000 NTRACKS 5 TOTAL NTRACKS 575983
 %%% EVENT 86000 NTRACKS 5 TOTAL NTRACKS 582769
 %%% EVENT 87000 NTRACKS 7 TOTAL NTRACKS 589473
 %%% EVENT 88000 NTRACKS 7 TOTAL NTRACKS 596188
 %%% EVENT 89000 NTRACKS 5 TOTAL NTRACKS 602817
 %%% EVENT 90000 NTRACKS 8 TOTAL NTRACKS 609641
 %%% EVENT 91000 NTRACKS 6 TOTAL NTRACKS 616167
 %%% EVENT 92000 NTRACKS 10 TOTAL NTRACKS 622985
 %%% EVENT 93000 NTRACKS 9 TOTAL NTRACKS 629680
 %%% EVENT 94000 NTRACKS 5 TOTAL NTRACKS 636291
 %%% EVENT 95000 NTRACKS 4 TOTAL NTRACKS 643181
 %%% EVENT 96000 NTRACKS 8 TOTAL NTRACKS 649968
 %%% EVENT 97000 NTRACKS 5 TOTAL NTRACKS 656880
 %%% EVENT 98000 NTRACKS 4 TOTAL NTRACKS 663565
 %%% EVENT 99000 NTRACKS 5 TOTAL NTRACKS 670319
Run terminated.
Run Summary
  Number of events processed : 100000
  User=10022.9s Real=10759s Sys=295.21s
@@@@@ GmCountProcessesUA 
PART_COUNT: Ag109[0.0] = 7
PART_COUNT: Ag109[88.0] = 49983
PART_COUNT: Ba137[0.0] = 1934
PART_COUNT: Ba137[661.7] = 31459
PART_COUNT: Cd109[0.0] = 49983
PART_COUNT: Co57[0.0] = 16624
PART_COUNT: Cs137[0.0] = 33393
PART_COUNT: Fe57[0.0] = 16624
PART_COUNT: Fe57[136.5] = 16596
PART_COUNT: Fe57[136.8] = 2
PART_COUNT: Fe57[14.4] = 14673
PART_COUNT: Fe57[14.7] = 27
PART_COUNT: Fe57[706.8] = 28
PART_COUNT: anti_nu_e = 33393
PART_COUNT: e- = 282031
PART_COUNT: gamma = 63658
PART_COUNT: nu_e = 66607
PROC_COUNT Ag109[0.0] : RadioactiveDecay = 7
PROC_COUNT Ag109[0.0] : ALL = 7
PROC_COUNT Ag109[88.0] : RadioactiveDecay = 49983
PROC_COUNT Ag109[88.0] : ionIoni_NoSeco = 49983
PROC_COUNT Ag109[88.0] : ALL = 99966
PROC_COUNT Ba137[0.0] : RadioactiveDecay = 1934
PROC_COUNT Ba137[0.0] : ionIoni_NoSeco = 1934
PROC_COUNT Ba137[0.0] : ALL = 3868
PROC_COUNT Ba137[661.7] : RadioactiveDecay = 31459
PROC_COUNT Ba137[661.7] : ionIoni_NoSeco = 31459
PROC_COUNT Ba137[661.7] : ALL = 62918
PROC_COUNT Cd109[0.0] : RadioactiveDecay = 49983
PROC_COUNT Cd109[0.0] : ALL = 49983
PROC_COUNT Co57[0.0] : RadioactiveDecay = 16624
PROC_COUNT Co57[0.0] : ALL = 16624
PROC_COUNT Cs137[0.0] : RadioactiveDecay = 33393
PROC_COUNT Cs137[0.0] : ALL = 33393
PROC_COUNT Fe57[0.0] : RadioactiveDecay = 16624
PROC_COUNT Fe57[0.0] : ALL = 16624
PROC_COUNT Fe57[136.5] : RadioactiveDecay = 16596
PROC_COUNT Fe57[136.5] : ionIoni_NoSeco = 16595
PROC_COUNT Fe57[136.5] : ALL = 33191
PROC_COUNT Fe57[136.8] : RadioactiveDecay = 2
PROC_COUNT Fe57[136.8] : ALL = 2
PROC_COUNT Fe57[14.4] : RadioactiveDecay = 14673
PROC_COUNT Fe57[14.4] : ALL = 14673
PROC_COUNT Fe57[14.7] : RadioactiveDecay = 27
PROC_COUNT Fe57[14.7] : ALL = 27
PROC_COUNT Fe57[706.8] : RadioactiveDecay = 28
PROC_COUNT Fe57[706.8] : ionIoni_NoSeco = 24
PROC_COUNT Fe57[706.8] : ALL = 52
PROC_COUNT anti_nu_e : Transportation = 119067
PROC_COUNT anti_nu_e : ALL = 119067
PROC_COUNT e- : Transportation = 523
PROC_COUNT e- : eBrem = 446
PROC_COUNT e- : eBrem_NoSeco = 9
PROC_COUNT e- : eIoni = 641
PROC_COUNT e- : eIoni_NoSeco = 343473
PROC_COUNT e- : msc = 28607
PROC_COUNT e- : ALL = 373699
PROC_COUNT gamma : Rayl = 7356
PROC_COUNT gamma : Transportation = 71529
PROC_COUNT gamma : compt = 34959
PROC_COUNT gamma : phot = 49205
PROC_COUNT gamma : ALL = 163049
PROC_COUNT nu_e : Transportation = 237873
PROC_COUNT nu_e : ALL = 237873
PROC_CREATOR_COUNT Ag109[0.0] : RadioactiveDecay = 7
PROC_CREATOR_COUNT Ag109[88.0] : RadioactiveDecay = 49983
PROC_CREATOR_COUNT Ba137[0.0] : RadioactiveDecay = 1934
PROC_CREATOR_COUNT Ba137[661.7] : RadioactiveDecay = 31459
PROC_CREATOR_COUNT Cd109[0.0] : Primary = 49983
PROC_CREATOR_COUNT Co57[0.0] : Primary = 16624
PROC_CREATOR_COUNT Cs137[0.0] : Primary = 33393
PROC_CREATOR_COUNT Fe57[0.0] : RadioactiveDecay = 16624
PROC_CREATOR_COUNT Fe57[136.5] : RadioactiveDecay = 16596
PROC_CREATOR_COUNT Fe57[136.8] : RadioactiveDecay = 2
PROC_CREATOR_COUNT Fe57[14.4] : RadioactiveDecay = 14673
PROC_CREATOR_COUNT Fe57[14.7] : RadioactiveDecay = 27
PROC_CREATOR_COUNT Fe57[706.8] : RadioactiveDecay = 28
PROC_CREATOR_COUNT anti_nu_e : RadioactiveDecay = 33393
PROC_CREATOR_COUNT e- : RadioactiveDecay = 197364
PROC_CREATOR_COUNT e- : compt = 34933
PROC_CREATOR_COUNT e- : eIoni = 552
PROC_CREATOR_COUNT e- : phot = 49182
PROC_CREATOR_COUNT gamma : RadioactiveDecay = 63201
PROC_CREATOR_COUNT gamma : eBrem = 445
PROC_CREATOR_COUNT gamma : phot = 12
PROC_CREATOR_COUNT nu_e : RadioactiveDecay = 66607
Graphics systems deleted.
Visualization Manager deleting...
=== saving histograms in file === GmTrackDataHistosUA_GmPrimaryFilter_GmClassifierByParticleex2e.root
=== saving histograms in file === hitsex2e.root
%%%%% Table of indices for GmClassifierByParticle GmClassifierByParticle
GmClassifierByParticle: Co57[0.0] = 3
GmClassifierByParticle: Cs137[0.0] = 1
GmClassifierByParticle: Cd109[0.0] = 2
