/control/execute exercise1a.in
/gamos/setParam GmAnalysisMgr:FileNameSuffix ex1a
/gamos/setParam GmGeometryFromText:FileName detector.geom
/gamos/geometry GmGeometryFromText
/gamos/physicsList GmEMPhysics
/gamos/generator GmGenerator
 GmGenUtils::FileInPath ./isotopes.dat in .
 GmGenUtils::FileInPath /home/arce/gamosnew/GAMOS.5.0.0/data/isotopes.dat in /home/arce/gamosnew/GAMOS.5.0.0/data
/run/initialize
 GmGenUtils::FileInPath ./detector.geom in .
GmEMPhysics PhysicsList:DEFAULT = gamma-lowener is registered
GmEMPhysics PhysicsList: DEFAULT = electron-lowener is registered
GmEMPhysics PhysicsList: DEFAULT = positron-standard is registered
GmPhysicsGammaLowEner::ConstructProcess 
/gamos/generator/addSingleParticleSource source1 gamma 1173*keV
/gamos/generator/positionDist source1 GmGenerDistPositionPoint 0. 0. -5*cm
/gamos/generator/addSingleParticleSource source2 gamma 1333*keV
/gamos/generator/positionDist source2 GmGenerDistPositionPoint 0. 0. -5*cm
/gamos/analysis/histo1Max *Energy* 3000
/gamos/analysis/histo1NBins *Energy* 300
/gamos/SD/assocSD2LogVol GmSDSimple Calor crystal
 DeadTimeDUListByBlock: NShift 100
 GmDetUnitIDBuilderFromAncestors sdType Calor
/gamos/userAction GmHitsHistosUA
/gamos/userAction GmCountTracksUA
/run/beamOn 100000

phot:   for  gamma    SubType= 12
      LambdaPrime table from 200 keV to 10 TeV in 54 bins 
      ===== EM models for the G4Region  DefaultRegionForTheWorld ======
 LivermorePhElectric :  Emin=        0 eV    Emax=        1 GeV   AngularGenSauterGavrila  FluoActive
       PhotoElectric :  Emin=        1 GeV   Emax=       10 TeV   AngularGenSauterGavrila  FluoActive

compt:   for  gamma    SubType= 13
      Lambda table from 100 eV  to 1 MeV in 28 bins, spline: 1
      LambdaPrime table from 1 MeV to 10 TeV in 49 bins 
      ===== EM models for the G4Region  DefaultRegionForTheWorld ======
    LivermoreCompton :  Emin=        0 eV    Emax=        1 GeV  FluoActive
       Klein-Nishina :  Emin=        1 GeV   Emax=       10 TeV

conv:   for  gamma    SubType= 14
      Lambda table from 1.022 MeV to 10 TeV in 49 bins, spline: 1
      ===== EM models for the G4Region  DefaultRegionForTheWorld ======
 LivermoreConversion :  Emin=        0 eV    Emax=        1 GeV
        BetheHeitler :  Emin=        1 GeV   Emax=       80 GeV
     BetheHeitlerLPM :  Emin=       80 GeV   Emax=       10 TeV

Rayl:   for  gamma    SubType= 11
      Lambda table from 100 eV  to 100 keV in 21 bins, spline: 0
      LambdaPrime table from 100 keV to 10 TeV in 56 bins 
      ===== EM models for the G4Region  DefaultRegionForTheWorld ======
   LivermoreRayleigh :  Emin=        0 eV    Emax=        1 GeV   CullenGenerator
   LivermoreRayleigh :  Emin=        1 GeV   Emax=       10 TeV   CullenGenerator

msc:   for e-    SubType= 10
      RangeFactor= 0.04, step limit type: 2, lateralDisplacement: 1, skin= 1, geomFactor= 2.5
      ===== EM models for the G4Region  DefaultRegionForTheWorld ======
          UrbanMsc95 :  Emin=        0 eV    Emax=       10 TeV  Table with 77 bins Emin=    100 eV    Emax=     10 TeV

### ===  Deexcitation model UAtomDeexcitation is activated for 1 region:
          DefaultRegionForTheWorld

eIoni:   for  e-    SubType= 2
      dE/dx and range tables from 100 eV  to 10 TeV in 77 bins
      Lambda tables from threshold to 10 TeV in 77 bins, spline: 1
      finalRange(mm)= 0.1, dRoverRange= 0.2, integral: 1, fluct: 1, linLossLimit= 0.01
      ===== EM models for the G4Region  DefaultRegionForTheWorld ======
       LowEnergyIoni :  Emin=        0 eV    Emax=        1 GeV
        MollerBhabha :  Emin=        1 GeV   Emax=       10 TeV

eBrem:   for  e-    SubType= 3
      dE/dx and range tables from 100 eV  to 10 TeV in 77 bins
      Lambda tables from threshold to 10 TeV in 77 bins, spline: 1
      LPM flag: 1 for E > 1 GeV
      ===== EM models for the G4Region  DefaultRegionForTheWorld ======
           LowEnBrem :  Emin=        0 eV    Emax=        1 GeV   AngularGenUrban
            eBremLPM :  Emin=        1 GeV   Emax=       10 TeV   DipBustGen

msc:   for e+    SubType= 10
      RangeFactor= 0.04, step limit type: 1, lateralDisplacement: 1, skin= 1, geomFactor= 2.5
      ===== EM models for the G4Region  DefaultRegionForTheWorld ======
          UrbanMsc95 :  Emin=        0 eV    Emax=       10 TeV  Table with 77 bins Emin=    100 eV    Emax=     10 TeV

eIoni:   for  e+    SubType= 2
      dE/dx and range tables from 100 eV  to 10 TeV in 77 bins
      Lambda tables from threshold to 10 TeV in 77 bins, spline: 1
      finalRange(mm)= 1, dRoverRange= 0.2, integral: 1, fluct: 1, linLossLimit= 0.01
      ===== EM models for the G4Region  DefaultRegionForTheWorld ======
        MollerBhabha :  Emin=        0 eV    Emax=       10 TeV

eBrem:   for  e+    SubType= 3
      dE/dx and range tables from 100 eV  to 10 TeV in 77 bins
      Lambda tables from threshold to 10 TeV in 77 bins, spline: 1
      LPM flag: 1 for E > 1 GeV
      ===== EM models for the G4Region  DefaultRegionForTheWorld ======
             eBremSB :  Emin=        0 eV    Emax=        1 GeV   DipBustGen
            eBremLPM :  Emin=        1 GeV   Emax=       10 TeV   DipBustGen

annihil:   for  e+    SubType= 5
      ===== EM models for the G4Region  DefaultRegionForTheWorld ======
            eplus2gg :  Emin=        0 eV    Emax=       10 TeV

========= Table of registered couples ==============================

Index : 0     used in the geometry : Yes     recalculation needed : No 
 Material : G4_AIR
 Range cuts        :  gamma  100 um     e-  100 um     e+  100 um  proton 100 um 
 Energy thresholds :  gamma  990 eV     e-  990 eV     e+  990 eV  proton -1 MeV
 Region(s) which use this couple : 
    DefaultRegionForTheWorld

Index : 1     used in the geometry : Yes     recalculation needed : No 
 Material : G4_Al
 Range cuts        :  gamma  100 um     e-  100 um     e+  100 um  proton 100 um 
 Energy thresholds :  gamma  2.3478 keV    e-  131.031 keV    e+  128.416 keV proton -1 MeV
 Region(s) which use this couple : 
    DefaultRegionForTheWorld

Index : 2     used in the geometry : Yes     recalculation needed : No 
 Material : NaI
 Range cuts        :  gamma  100 um     e-  100 um     e+  100 um  proton 100 um 
 Energy thresholds :  gamma  7.28493 keV    e-  133.699 keV    e+  130.153 keV proton -1 MeV
 Region(s) which use this couple : 
    DefaultRegionForTheWorld

====================================================================

 CreateHisto1D Hits: SD ALL:Nhits = 201001
 CreateHisto1D Hits: SD ALL:Energy (keV) = 201002
 CreateHisto1D Hits: SD ALL:Width R3 (mm) = 201003
 CreateHisto1D Hits: SD ALL:Width Z (mm) = 201004
 CreateHisto1D Hits: SD ALL:Width phi (deg) = 201005
 CreateHisto1D Hits: SD ALL:N E depos = 201006
 CreateHisto1D Hits: SD ALL:Time span (ns) = 201007
 CreateHisto1D Hits: SD ALL:Distance between hits (mm) = 201008
 CreateHisto1D Hits: SD ALL:X hit (mm) = 201011
 CreateHisto1D Hits: SD ALL:Y hit (mm) = 201012
 CreateHisto1D Hits: SD ALL:Z hit (mm) = 201013
 CreateHisto1D Hits: SD ALL:R2 hit (mm) = 201014
 CreateHisto1D Hits: SD ALL:PHI hit (deg) = 201015
 CreateHisto1D Hits: SD ALL:THETA hit (deg) = 201016
 CreateHisto1D Hits: SD ALL:R3 hit (mm) = 201017
 CreateHisto1D Hits: SD Calor: Nhits = 201101
 CreateHisto1D Hits: SD Calor: Energy (keV) = 201102
 CreateHisto1D Hits: SD Calor: Width R3 (mm) = 201103
 CreateHisto1D Hits: SD Calor: Width Z (mm) = 201104
 CreateHisto1D Hits: SD Calor: Width phi (deg) = 201105
 CreateHisto1D Hits: SD Calor: N E depos = 201106
 CreateHisto1D Hits: SD Calor: Time span (ns) = 201107
 CreateHisto1D Hits: SD Calor: Distance between hits (mm) = 201108
 CreateHisto1D Hits: SD Calor: X hit (mm) = 201111
 CreateHisto1D Hits: SD Calor: Y hit (mm) = 201112
 CreateHisto1D Hits: SD Calor: Z hit (mm) = 201113
 CreateHisto1D Hits: SD Calor: R2 hit (mm) = 201114
 CreateHisto1D Hits: SD Calor: PHI hit (deg) = 201115
 CreateHisto1D Hits: SD Calor: THETA hit (deg) = 201116
 CreateHisto1D Hits: SD Calor: R3 hit (mm) = 201117
Start Run processing.
 %%% EVENT 0 NTRACKS 2 TOTAL NTRACKS 2
 %%% EVENT 1000 NTRACKS 2 TOTAL NTRACKS 2351
 %%% EVENT 2000 NTRACKS 2 TOTAL NTRACKS 4760
 %%% EVENT 3000 NTRACKS 2 TOTAL NTRACKS 7137
 %%% EVENT 4000 NTRACKS 2 TOTAL NTRACKS 9467
 %%% EVENT 5000 NTRACKS 2 TOTAL NTRACKS 11862
 %%% EVENT 6000 NTRACKS 2 TOTAL NTRACKS 14237
 %%% EVENT 7000 NTRACKS 2 TOTAL NTRACKS 16569
 %%% EVENT 8000 NTRACKS 2 TOTAL NTRACKS 18879
 %%% EVENT 9000 NTRACKS 2 TOTAL NTRACKS 21190
 %%% EVENT 10000 NTRACKS 2 TOTAL NTRACKS 23526
 %%% EVENT 11000 NTRACKS 5 TOTAL NTRACKS 25931
 %%% EVENT 12000 NTRACKS 2 TOTAL NTRACKS 28234
 %%% EVENT 13000 NTRACKS 2 TOTAL NTRACKS 30584
 %%% EVENT 14000 NTRACKS 2 TOTAL NTRACKS 32873
 %%% EVENT 15000 NTRACKS 2 TOTAL NTRACKS 35182
 %%% EVENT 16000 NTRACKS 2 TOTAL NTRACKS 37507
 %%% EVENT 17000 NTRACKS 2 TOTAL NTRACKS 39880
 %%% EVENT 18000 NTRACKS 2 TOTAL NTRACKS 42166
 %%% EVENT 19000 NTRACKS 5 TOTAL NTRACKS 44654
 %%% EVENT 20000 NTRACKS 2 TOTAL NTRACKS 46931
 %%% EVENT 21000 NTRACKS 2 TOTAL NTRACKS 49344
 %%% EVENT 22000 NTRACKS 2 TOTAL NTRACKS 51642
 %%% EVENT 23000 NTRACKS 2 TOTAL NTRACKS 54049
 %%% EVENT 24000 NTRACKS 2 TOTAL NTRACKS 56405
 %%% EVENT 25000 NTRACKS 2 TOTAL NTRACKS 58790
 %%% EVENT 26000 NTRACKS 4 TOTAL NTRACKS 61139
 %%% EVENT 27000 NTRACKS 2 TOTAL NTRACKS 63502
 %%% EVENT 28000 NTRACKS 2 TOTAL NTRACKS 65757
 %%% EVENT 29000 NTRACKS 2 TOTAL NTRACKS 68152
 %%% EVENT 30000 NTRACKS 2 TOTAL NTRACKS 70471
 %%% EVENT 31000 NTRACKS 2 TOTAL NTRACKS 72904
 %%% EVENT 32000 NTRACKS 2 TOTAL NTRACKS 75186
 %%% EVENT 33000 NTRACKS 4 TOTAL NTRACKS 77542
 %%% EVENT 34000 NTRACKS 2 TOTAL NTRACKS 79928
 %%% EVENT 35000 NTRACKS 2 TOTAL NTRACKS 82412
 %%% EVENT 36000 NTRACKS 2 TOTAL NTRACKS 84771
 %%% EVENT 37000 NTRACKS 2 TOTAL NTRACKS 87101
 %%% EVENT 38000 NTRACKS 2 TOTAL NTRACKS 89441
 %%% EVENT 39000 NTRACKS 2 TOTAL NTRACKS 91815
 %%% EVENT 40000 NTRACKS 2 TOTAL NTRACKS 94166
 %%% EVENT 41000 NTRACKS 2 TOTAL NTRACKS 96609
 %%% EVENT 42000 NTRACKS 2 TOTAL NTRACKS 98935
 %%% EVENT 43000 NTRACKS 2 TOTAL NTRACKS 101265
 %%% EVENT 44000 NTRACKS 2 TOTAL NTRACKS 103597
 %%% EVENT 45000 NTRACKS 2 TOTAL NTRACKS 106033
 %%% EVENT 46000 NTRACKS 2 TOTAL NTRACKS 108495
 %%% EVENT 47000 NTRACKS 2 TOTAL NTRACKS 110808
 %%% EVENT 48000 NTRACKS 2 TOTAL NTRACKS 113226
 %%% EVENT 49000 NTRACKS 2 TOTAL NTRACKS 115706
 %%% EVENT 50000 NTRACKS 2 TOTAL NTRACKS 118125
 %%% EVENT 51000 NTRACKS 2 TOTAL NTRACKS 120501
 %%% EVENT 52000 NTRACKS 7 TOTAL NTRACKS 122913
 %%% EVENT 53000 NTRACKS 2 TOTAL NTRACKS 125225
 %%% EVENT 54000 NTRACKS 4 TOTAL NTRACKS 127612
 %%% EVENT 55000 NTRACKS 2 TOTAL NTRACKS 130019
 %%% EVENT 56000 NTRACKS 2 TOTAL NTRACKS 132359
 %%% EVENT 57000 NTRACKS 2 TOTAL NTRACKS 134694
 %%% EVENT 58000 NTRACKS 2 TOTAL NTRACKS 137086
 %%% EVENT 59000 NTRACKS 2 TOTAL NTRACKS 139502
 %%% EVENT 60000 NTRACKS 2 TOTAL NTRACKS 141806
 %%% EVENT 61000 NTRACKS 2 TOTAL NTRACKS 144199
 %%% EVENT 62000 NTRACKS 2 TOTAL NTRACKS 146564
 %%% EVENT 63000 NTRACKS 2 TOTAL NTRACKS 148915
 %%% EVENT 64000 NTRACKS 2 TOTAL NTRACKS 151261
 %%% EVENT 65000 NTRACKS 2 TOTAL NTRACKS 153594
 %%% EVENT 66000 NTRACKS 2 TOTAL NTRACKS 155969
 %%% EVENT 67000 NTRACKS 2 TOTAL NTRACKS 158323
 %%% EVENT 68000 NTRACKS 2 TOTAL NTRACKS 160616
 %%% EVENT 69000 NTRACKS 2 TOTAL NTRACKS 163022
 %%% EVENT 70000 NTRACKS 2 TOTAL NTRACKS 165397
 %%% EVENT 71000 NTRACKS 2 TOTAL NTRACKS 167821
 %%% EVENT 72000 NTRACKS 2 TOTAL NTRACKS 170102
 %%% EVENT 73000 NTRACKS 2 TOTAL NTRACKS 172455
 %%% EVENT 74000 NTRACKS 2 TOTAL NTRACKS 174801
 %%% EVENT 75000 NTRACKS 2 TOTAL NTRACKS 177150
 %%% EVENT 76000 NTRACKS 2 TOTAL NTRACKS 179540
 %%% EVENT 77000 NTRACKS 2 TOTAL NTRACKS 181957
 %%% EVENT 78000 NTRACKS 2 TOTAL NTRACKS 184378
 %%% EVENT 79000 NTRACKS 3 TOTAL NTRACKS 186778
 %%% EVENT 80000 NTRACKS 4 TOTAL NTRACKS 189137
 %%% EVENT 81000 NTRACKS 2 TOTAL NTRACKS 191590
 %%% EVENT 82000 NTRACKS 9 TOTAL NTRACKS 193939
 %%% EVENT 83000 NTRACKS 2 TOTAL NTRACKS 196317
 %%% EVENT 84000 NTRACKS 2 TOTAL NTRACKS 198675
 %%% EVENT 85000 NTRACKS 2 TOTAL NTRACKS 200966
 %%% EVENT 86000 NTRACKS 2 TOTAL NTRACKS 203304
 %%% EVENT 87000 NTRACKS 2 TOTAL NTRACKS 205716
 %%% EVENT 88000 NTRACKS 2 TOTAL NTRACKS 208067
 %%% EVENT 89000 NTRACKS 5 TOTAL NTRACKS 210441
 %%% EVENT 90000 NTRACKS 2 TOTAL NTRACKS 212800
 %%% EVENT 91000 NTRACKS 2 TOTAL NTRACKS 215156
 %%% EVENT 92000 NTRACKS 2 TOTAL NTRACKS 217478
 %%% EVENT 93000 NTRACKS 2 TOTAL NTRACKS 219800
 %%% EVENT 94000 NTRACKS 2 TOTAL NTRACKS 222186
 %%% EVENT 95000 NTRACKS 2 TOTAL NTRACKS 224512
 %%% EVENT 96000 NTRACKS 2 TOTAL NTRACKS 226872
 %%% EVENT 97000 NTRACKS 2 TOTAL NTRACKS 229220
 %%% EVENT 98000 NTRACKS 2 TOTAL NTRACKS 231525
 %%% EVENT 99000 NTRACKS 2 TOTAL NTRACKS 233804
Run terminated.
Run Summary
  Number of events processed : 100000
  User=40.3s Real=40.63s Sys=0s
Graphics systems deleted.
Visualization Manager deleting...
=== saving histograms in file === hitsex1a.root
