/control/execute exercise1b.in
/gamos/setParam GmGeometryFromText:FileName exercise1.geom
/gamos/geometry GmGeometryFromText
/gamos/physicsList GmEMPhysics
/gamos/generator GmGenerator
 GmGenUtils::FileInPath ./isotopes.dat in .
 GmGenUtils::FileInPath /home/arce/gamosnew/GAMOS.5.0.0/data/isotopes.dat in /home/arce/gamosnew/GAMOS.5.0.0/data
/gamos/verbosity GmAnalysisVerbosity debug
/run/initialize
 GmGenUtils::FileInPath ./exercise1.geom in .
GmEMPhysics PhysicsList:DEFAULT = gamma-lowener is registered
GmEMPhysics PhysicsList: DEFAULT = electron-lowener is registered
GmEMPhysics PhysicsList: DEFAULT = positron-standard is registered
GmPhysicsGammaLowEner::ConstructProcess 
/gamos/generator/addSingleParticleSource source gamma 1.*MeV
/gamos/generator/positionDist source GmGenerDistPositionInG4Volumes source
/gamos/filter detectorFilter GmInLogicalVolumeFilter detector
/gamos/setParam GmTrackDataHistosUA_detectorFilter:FileName mystep
/gamos/setParam GmTrackDataHistosUA_detectorFilter:DataList AccumulatedEnergyDeposited
/gamos/userAction GmTrackDataHistosUA detectorFilter
 userHName mystep original hname GmTrackDataHistosUA_detectorFilter
 GmVHistoBuilder: FileName= mystep HistoFileName= mystep HistoNumber= 286000000
/gamos/setParam GmStepDataHistosUA_GmClassifierByLogicalVolume:DataList AccumulatedEnergyLost
/gamos/userAction GmStepDataHistosUA GmClassifierByLogicalVolume
 userHName  original hname GmStepDataHistosUA_GmClassifierByLogicalVolume
 GmVHistoBuilder: FileName= GmStepDataHistosUA_GmClassifierByLogicalVolume HistoFileName= GmStepDataHistosUA_GmClassifierByLogicalVolume HistoNumber= 366000000
/gamos/filter enterDetectorFilter GmEnterLogicalVolumeFilter detector
/gamos/setParam GmStepDataHistosUA_enterDetectorFilter_GmClassifierByParticle:DataList FinalKineticEnergy
/gamos/analysis/histo1Max GmStepDataHistosUA_enterDetectorFilter_GmClassifierByParticle:*:FinalKineticEnergy 1.1
/gamos/userAction GmStepDataHistosUA enterDetectorFilter GmClassifierByParticle
 userHName  original hname GmStepDataHistosUA_enterDetectorFilter_GmClassifierByParticle
 GmVHistoBuilder: FileName= GmStepDataHistosUA_enterDetectorFilter_GmClassifierByParticle HistoFileName= GmStepDataHistosUA_enterDetectorFilter_GmClassifierByParticle HistoNumber= 942000000
/run/beamOn 10000

phot:   for  gamma    SubType= 12
      LambdaPrime table from 200 keV to 10 TeV in 54 bins 
      ===== EM models for the G4Region  DefaultRegionForTheWorld ======
 LivermorePhElectric :  Emin=        0 eV    Emax=        1 GeV   AngularGenSauterGavrila  FluoActive
       PhotoElectric :  Emin=        1 GeV   Emax=       10 TeV   AngularGenSauterGavrila  FluoActive

compt:   for  gamma    SubType= 13
      Lambda table from 100 eV  to 1 MeV in 28 bins, spline: 1
      LambdaPrime table from 1 MeV to 10 TeV in 49 bins 
      ===== EM models for the G4Region  DefaultRegionForTheWorld ======
    LivermoreCompton :  Emin=        0 eV    Emax=        1 GeV  FluoActive
       Klein-Nishina :  Emin=        1 GeV   Emax=       10 TeV

conv:   for  gamma    SubType= 14
      Lambda table from 1.022 MeV to 10 TeV in 49 bins, spline: 1
      ===== EM models for the G4Region  DefaultRegionForTheWorld ======
 LivermoreConversion :  Emin=        0 eV    Emax=        1 GeV
        BetheHeitler :  Emin=        1 GeV   Emax=       80 GeV
     BetheHeitlerLPM :  Emin=       80 GeV   Emax=       10 TeV

Rayl:   for  gamma    SubType= 11
      Lambda table from 100 eV  to 100 keV in 21 bins, spline: 0
      LambdaPrime table from 100 keV to 10 TeV in 56 bins 
      ===== EM models for the G4Region  DefaultRegionForTheWorld ======
   LivermoreRayleigh :  Emin=        0 eV    Emax=        1 GeV   CullenGenerator
   LivermoreRayleigh :  Emin=        1 GeV   Emax=       10 TeV   CullenGenerator

msc:   for e-    SubType= 10
      RangeFactor= 0.04, step limit type: 2, lateralDisplacement: 1, skin= 1, geomFactor= 2.5
      ===== EM models for the G4Region  DefaultRegionForTheWorld ======
          UrbanMsc95 :  Emin=        0 eV    Emax=       10 TeV  Table with 77 bins Emin=    100 eV    Emax=     10 TeV

### ===  Deexcitation model UAtomDeexcitation is activated for 1 region:
          DefaultRegionForTheWorld

eIoni:   for  e-    SubType= 2
      dE/dx and range tables from 100 eV  to 10 TeV in 77 bins
      Lambda tables from threshold to 10 TeV in 77 bins, spline: 1
      finalRange(mm)= 0.1, dRoverRange= 0.2, integral: 1, fluct: 1, linLossLimit= 0.01
      ===== EM models for the G4Region  DefaultRegionForTheWorld ======
       LowEnergyIoni :  Emin=        0 eV    Emax=        1 GeV
        MollerBhabha :  Emin=        1 GeV   Emax=       10 TeV

eBrem:   for  e-    SubType= 3
      dE/dx and range tables from 100 eV  to 10 TeV in 77 bins
      Lambda tables from threshold to 10 TeV in 77 bins, spline: 1
      LPM flag: 1 for E > 1 GeV
      ===== EM models for the G4Region  DefaultRegionForTheWorld ======
           LowEnBrem :  Emin=        0 eV    Emax=        1 GeV   AngularGenUrban
            eBremLPM :  Emin=        1 GeV   Emax=       10 TeV   DipBustGen

msc:   for e+    SubType= 10
      RangeFactor= 0.04, step limit type: 1, lateralDisplacement: 1, skin= 1, geomFactor= 2.5
      ===== EM models for the G4Region  DefaultRegionForTheWorld ======
          UrbanMsc95 :  Emin=        0 eV    Emax=       10 TeV  Table with 77 bins Emin=    100 eV    Emax=     10 TeV

eIoni:   for  e+    SubType= 2
      dE/dx and range tables from 100 eV  to 10 TeV in 77 bins
      Lambda tables from threshold to 10 TeV in 77 bins, spline: 1
      finalRange(mm)= 1, dRoverRange= 0.2, integral: 1, fluct: 1, linLossLimit= 0.01
      ===== EM models for the G4Region  DefaultRegionForTheWorld ======
        MollerBhabha :  Emin=        0 eV    Emax=       10 TeV

eBrem:   for  e+    SubType= 3
      dE/dx and range tables from 100 eV  to 10 TeV in 77 bins
      Lambda tables from threshold to 10 TeV in 77 bins, spline: 1
      LPM flag: 1 for E > 1 GeV
      ===== EM models for the G4Region  DefaultRegionForTheWorld ======
             eBremSB :  Emin=        0 eV    Emax=        1 GeV   DipBustGen
            eBremLPM :  Emin=        1 GeV   Emax=       10 TeV   DipBustGen

annihil:   for  e+    SubType= 5
      ===== EM models for the G4Region  DefaultRegionForTheWorld ======
            eplus2gg :  Emin=        0 eV    Emax=       10 TeV

========= Table of registered couples ==============================

Index : 0     used in the geometry : Yes     recalculation needed : No 
 Material : G4_AIR
 Range cuts        :  gamma  100 um     e-  100 um     e+  100 um  proton 100 um 
 Energy thresholds :  gamma  990 eV     e-  990 eV     e+  990 eV  proton -1 MeV
 Region(s) which use this couple : 
    DefaultRegionForTheWorld

Index : 1     used in the geometry : Yes     recalculation needed : No 
 Material : G4_WATER
 Range cuts        :  gamma  100 um     e-  100 um     e+  100 um  proton 100 um 
 Energy thresholds :  gamma  1.10981 keV    e-  84.6589 keV    e+  83.5287 keV proton -1 MeV
 Region(s) which use this couple : 
    DefaultRegionForTheWorld

Index : 2     used in the geometry : Yes     recalculation needed : No 
 Material : G4_Al
 Range cuts        :  gamma  100 um     e-  100 um     e+  100 um  proton 100 um 
 Energy thresholds :  gamma  2.3478 keV    e-  131.031 keV    e+  128.416 keV proton -1 MeV
 Region(s) which use this couple : 
    DefaultRegionForTheWorld

Index : 3     used in the geometry : Yes     recalculation needed : No 
 Material : G4_Si
 Range cuts        :  gamma  100 um     e-  100 um     e+  100 um  proton 100 um 
 Energy thresholds :  gamma  2.32425 keV    e-  121.694 keV    e+  120.07 keV proton -1 MeV
 Region(s) which use this couple : 
    DefaultRegionForTheWorld

====================================================================

Start Run processing.
 CreateHisto1D GmStepDataHistosUA_GmClassifierByLogicalVolume:source:AccumulatedEnergyLost = 366000101
 CreateHisto1D GmStepDataHistosUA_GmClassifierByLogicalVolume:world:AccumulatedEnergyLost = 366000201
 CreateHisto1D GmStepDataHistosUA_GmClassifierByLogicalVolume:container:AccumulatedEnergyLost = 366000301
 CreateHisto1D GmStepDataHistosUA_enterDetectorFilter_GmClassifierByParticle:gamma:FinalKineticEnergy = 942000101
 CreateHisto1D GmTrackDataHistosUA_detectorFilter:AccumulatedEnergyDeposited = 286000001
 CreateHisto1D GmStepDataHistosUA_GmClassifierByLogicalVolume:detector:AccumulatedEnergyLost = 366000401
 CreateHisto1D GmStepDataHistosUA_enterDetectorFilter_GmClassifierByParticle:e-:FinalKineticEnergy = 942000201
Run terminated.
Run Summary
  Number of events processed : 10000
  User=3.01s Real=3.19s Sys=0.01s
Graphics systems deleted.
Visualization Manager deleting...
=== saving histograms in file === GmStepDataHistosUA_GmClassifierByLogicalVolume.root
=== saving histograms in file === GmStepDataHistosUA_enterDetectorFilter_GmClassifierByParticle.root
=== saving histograms in file === mystep.root
%%%%% Table of indices for GmClassifierByLogicalVolume GmClassifierByLogicalVolume
GmClassifierByLogicalVolume: world = 2
GmClassifierByLogicalVolume: source = 1
GmClassifierByLogicalVolume: container = 3
GmClassifierByLogicalVolume: detector = 4
%%%%% Table of indices for GmClassifierByParticle GmClassifierByParticle
GmClassifierByParticle: gamma = 1
GmClassifierByParticle: e- = 2
