/control/execute exercise1c.in
/gamos/setParam GmGeometryFromText:FileName exercise1.geom
/gamos/geometry GmGeometryFromText
/gamos/physicsList GmEMPhysics
/gamos/generator GmGenerator
 GmGenUtils::FileInPath ./isotopes.dat in .
 GmGenUtils::FileInPath /home/arce/gamosnew/GAMOS.5.0.0/data/isotopes.dat in /home/arce/gamosnew/GAMOS.5.0.0/data
/run/initialize
 GmGenUtils::FileInPath ./exercise1.geom in .
GmEMPhysics PhysicsList:DEFAULT = gamma-lowener is registered
GmEMPhysics PhysicsList: DEFAULT = electron-lowener is registered
GmEMPhysics PhysicsList: DEFAULT = positron-standard is registered
GmPhysicsGammaLowEner::ConstructProcess 
/gamos/generator/addSingleParticleSource source gamma 1.*MeV
/gamos/generator/positionDist source GmGenerDistPositionInG4Volumes source
/gamos/analysis/histo1Max GmTrackDataHistosUA_GmPrimaryFilter:AccumulatedEnergyLost 1.1
/gamos/setParam GmTrackDataHistosUA_GmPrimaryFilter:DataList AccumulatedEnergyLost
/gamos/userAction GmTrackDataHistosUA GmPrimaryFilter
/gamos/filter comptonFilter GmProcessFilter compt
gamma GetG4Process compt compt 0x1418c60
/gamos/filter comptonInHistoryFilter GmHistoryFilter comptonFilter
/gamos/filter detectorEnterFilter GmEnterLogicalVolumeFilter detector
/gamos/setParam GmStepDataHistosUA_comptonInHistoryFilter_detectorEnterFilter_GmPrimaryFilter:DataList FinalKineticEnergy
/gamos/analysis/histo1Max GmStepDataHistosUA_*HistoryFilter_detectorEnterFilter_GmPrimaryFilter:FinalKineticEnergy 1.1
/gamos/userAction GmStepDataHistosUA comptonInHistoryFilter detectorEnterFilter GmPrimaryFilter
/gamos/filter noComptonInHistoryFilter GmInverseFilter comptonInHistoryFilter
/gamos/setParam GmStepDataHistosUA_noComptonInHistoryFilter_detectorEnterFilter_GmPrimaryFilter:DataList FinalKineticEnergy
/gamos/userAction GmStepDataHistosUA noComptonInHistoryFilter detectorEnterFilter GmPrimaryFilter
/gamos/userAction GmCountProcessesUA
/gamos/setParam GmSecondaryTrackDataHistosUA_comptonFilter_GmPrimaryFilter:DataList InitialPrimSecoAngle
/gamos/userAction GmSecondaryTrackDataHistosUA comptonFilter GmPrimaryFilter
/gamos/setParam GmStepDataHistosUA_comptonFilter_GmPrimaryFilter:DataList AngleChange
/gamos/userAction GmStepDataHistosUA comptonFilter GmPrimaryFilter
/run/beamOn 10000

phot:   for  gamma    SubType= 12
      LambdaPrime table from 200 keV to 10 TeV in 54 bins 
      ===== EM models for the G4Region  DefaultRegionForTheWorld ======
 LivermorePhElectric :  Emin=        0 eV    Emax=        1 GeV   AngularGenSauterGavrila  FluoActive
       PhotoElectric :  Emin=        1 GeV   Emax=       10 TeV   AngularGenSauterGavrila  FluoActive

compt:   for  gamma    SubType= 13
      Lambda table from 100 eV  to 1 MeV in 28 bins, spline: 1
      LambdaPrime table from 1 MeV to 10 TeV in 49 bins 
      ===== EM models for the G4Region  DefaultRegionForTheWorld ======
    LivermoreCompton :  Emin=        0 eV    Emax=        1 GeV  FluoActive
       Klein-Nishina :  Emin=        1 GeV   Emax=       10 TeV

conv:   for  gamma    SubType= 14
      Lambda table from 1.022 MeV to 10 TeV in 49 bins, spline: 1
      ===== EM models for the G4Region  DefaultRegionForTheWorld ======
 LivermoreConversion :  Emin=        0 eV    Emax=        1 GeV
        BetheHeitler :  Emin=        1 GeV   Emax=       80 GeV
     BetheHeitlerLPM :  Emin=       80 GeV   Emax=       10 TeV

Rayl:   for  gamma    SubType= 11
      Lambda table from 100 eV  to 100 keV in 21 bins, spline: 0
      LambdaPrime table from 100 keV to 10 TeV in 56 bins 
      ===== EM models for the G4Region  DefaultRegionForTheWorld ======
   LivermoreRayleigh :  Emin=        0 eV    Emax=        1 GeV   CullenGenerator
   LivermoreRayleigh :  Emin=        1 GeV   Emax=       10 TeV   CullenGenerator

msc:   for e-    SubType= 10
      RangeFactor= 0.04, step limit type: 2, lateralDisplacement: 1, skin= 1, geomFactor= 2.5
      ===== EM models for the G4Region  DefaultRegionForTheWorld ======
          UrbanMsc95 :  Emin=        0 eV    Emax=       10 TeV  Table with 77 bins Emin=    100 eV    Emax=     10 TeV

### ===  Deexcitation model UAtomDeexcitation is activated for 1 region:
          DefaultRegionForTheWorld

eIoni:   for  e-    SubType= 2
      dE/dx and range tables from 100 eV  to 10 TeV in 77 bins
      Lambda tables from threshold to 10 TeV in 77 bins, spline: 1
      finalRange(mm)= 0.1, dRoverRange= 0.2, integral: 1, fluct: 1, linLossLimit= 0.01
      ===== EM models for the G4Region  DefaultRegionForTheWorld ======
       LowEnergyIoni :  Emin=        0 eV    Emax=        1 GeV
        MollerBhabha :  Emin=        1 GeV   Emax=       10 TeV

eBrem:   for  e-    SubType= 3
      dE/dx and range tables from 100 eV  to 10 TeV in 77 bins
      Lambda tables from threshold to 10 TeV in 77 bins, spline: 1
      LPM flag: 1 for E > 1 GeV
      ===== EM models for the G4Region  DefaultRegionForTheWorld ======
           LowEnBrem :  Emin=        0 eV    Emax=        1 GeV   AngularGenUrban
            eBremLPM :  Emin=        1 GeV   Emax=       10 TeV   DipBustGen

msc:   for e+    SubType= 10
      RangeFactor= 0.04, step limit type: 1, lateralDisplacement: 1, skin= 1, geomFactor= 2.5
      ===== EM models for the G4Region  DefaultRegionForTheWorld ======
          UrbanMsc95 :  Emin=        0 eV    Emax=       10 TeV  Table with 77 bins Emin=    100 eV    Emax=     10 TeV

eIoni:   for  e+    SubType= 2
      dE/dx and range tables from 100 eV  to 10 TeV in 77 bins
      Lambda tables from threshold to 10 TeV in 77 bins, spline: 1
      finalRange(mm)= 1, dRoverRange= 0.2, integral: 1, fluct: 1, linLossLimit= 0.01
      ===== EM models for the G4Region  DefaultRegionForTheWorld ======
        MollerBhabha :  Emin=        0 eV    Emax=       10 TeV

eBrem:   for  e+    SubType= 3
      dE/dx and range tables from 100 eV  to 10 TeV in 77 bins
      Lambda tables from threshold to 10 TeV in 77 bins, spline: 1
      LPM flag: 1 for E > 1 GeV
      ===== EM models for the G4Region  DefaultRegionForTheWorld ======
             eBremSB :  Emin=        0 eV    Emax=        1 GeV   DipBustGen
            eBremLPM :  Emin=        1 GeV   Emax=       10 TeV   DipBustGen

annihil:   for  e+    SubType= 5
      ===== EM models for the G4Region  DefaultRegionForTheWorld ======
            eplus2gg :  Emin=        0 eV    Emax=       10 TeV

========= Table of registered couples ==============================

Index : 0     used in the geometry : Yes     recalculation needed : No 
 Material : G4_AIR
 Range cuts        :  gamma  100 um     e-  100 um     e+  100 um  proton 100 um 
 Energy thresholds :  gamma  990 eV     e-  990 eV     e+  990 eV  proton -1 MeV
 Region(s) which use this couple : 
    DefaultRegionForTheWorld

Index : 1     used in the geometry : Yes     recalculation needed : No 
 Material : G4_WATER
 Range cuts        :  gamma  100 um     e-  100 um     e+  100 um  proton 100 um 
 Energy thresholds :  gamma  1.10981 keV    e-  84.6589 keV    e+  83.5287 keV proton -1 MeV
 Region(s) which use this couple : 
    DefaultRegionForTheWorld

Index : 2     used in the geometry : Yes     recalculation needed : No 
 Material : G4_Al
 Range cuts        :  gamma  100 um     e-  100 um     e+  100 um  proton 100 um 
 Energy thresholds :  gamma  2.3478 keV    e-  131.031 keV    e+  128.416 keV proton -1 MeV
 Region(s) which use this couple : 
    DefaultRegionForTheWorld

Index : 3     used in the geometry : Yes     recalculation needed : No 
 Material : G4_Si
 Range cuts        :  gamma  100 um     e-  100 um     e+  100 um  proton 100 um 
 Energy thresholds :  gamma  2.32425 keV    e-  121.694 keV    e+  120.07 keV proton -1 MeV
 Region(s) which use this couple : 
    DefaultRegionForTheWorld

====================================================================

@@@@@ GmCountProcessesUA GmCountProcessesUA
Start Run processing.
 CreateHisto1D GmTrackDataHistosUA_GmPrimaryFilter:AccumulatedEnergyLost = 286000001
 CreateHisto1D GmStepDataHistosUA_noComptonInHistoryFilter_detectorEnterFilter_GmPrimaryFilter:FinalKineticEnergy = 942000001
 CreateHisto1D GmSecondaryTrackDataHistosUA_comptonFilter_GmPrimaryFilter:InitialPrimSecoAngle = 278000001
 CreateHisto1D GmStepDataHistosUA_comptonFilter_GmPrimaryFilter:AngleChange = 183000001
 CreateHisto1D GmStepDataHistosUA_comptonInHistoryFilter_detectorEnterFilter_GmPrimaryFilter:FinalKineticEnergy = 366000001
Run terminated.
Run Summary
  Number of events processed : 10000
  User=3.4s Real=3.43s Sys=0s
@@@@@ GmCountProcessesUA 
PART_COUNT: e- = 479
PART_COUNT: gamma = 10018
PROC_COUNT e- : Transportation = 135
PROC_COUNT e- : eBrem = 18
PROC_COUNT e- : eBrem_NoSeco = 1
PROC_COUNT e- : eIoni = 64
PROC_COUNT e- : eIoni_NoSeco = 1112
PROC_COUNT e- : msc = 2555
PROC_COUNT e- : ALL = 3885
PROC_COUNT gamma : Rayl = 4
PROC_COUNT gamma : Transportation = 25232
PROC_COUNT gamma : compt = 397
PROC_COUNT gamma : phot = 18
PROC_COUNT gamma : ALL = 25651
PROC_CREATOR_COUNT e- : compt = 397
PROC_CREATOR_COUNT e- : eIoni = 64
PROC_CREATOR_COUNT e- : phot = 18
PROC_CREATOR_COUNT gamma : Primary = 10000
PROC_CREATOR_COUNT gamma : eBrem = 18
Graphics systems deleted.
Visualization Manager deleting...
=== saving histograms in file === GmSecondaryTrackDataHistosUA_comptonFilter_GmPrimaryFilter.root
=== saving histograms in file === GmStepDataHistosUA_comptonFilter_GmPrimaryFilter.root
=== saving histograms in file === GmStepDataHistosUA_comptonInHistoryFilter_detectorEnterFilter_GmPrimaryFilter.root
=== saving histograms in file === GmStepDataHistosUA_noComptonInHistoryFilter_detectorEnterFilter_GmPrimaryFilter.root
=== saving histograms in file === GmTrackDataHistosUA_GmPrimaryFilter.root
