/control/execute exercise2b.in
/gamos/setParam GmGeometryFromText:FileName linac.geom
/gamos/geometry GmGeometryFromText
/gamos/physicsList GmEMPhysics
/gamos/generator GmGenerator
 GmGenUtils::FileInPath ./isotopes.dat in .
 GmGenUtils::FileInPath /home/arce/gamosnew/GAMOS.5.0.0/data/isotopes.dat in /home/arce/gamosnew/GAMOS.5.0.0/data
/gamos/setParam RTPhaseSpaceUA:FileName test
/gamos/setParam RTPhaseSpaceUA:ZStops 6 78 110 170 450 899
/gamos/setParam RTPhaseSpaceUA:KillAfterLastZStop 1
/gamos/setParam RTPhaseSpaceUA:StoreZ 0
/gamos/userAction RTPhaseSpaceUA
/gamos/userAction GmCountTracksUA
/run/initialize
 GmGenUtils::FileInPath ./linac.geom in .
GmEMPhysics PhysicsList:DEFAULT = gamma-lowener is registered
GmEMPhysics PhysicsList: DEFAULT = electron-lowener is registered
GmEMPhysics PhysicsList: DEFAULT = positron-standard is registered
GmPhysicsGammaLowEner::ConstructProcess 
/gamos/generator/addSingleParticleSource source e- 6.*MeV
/gamos/generator/directionDist source GmGenerDistDirectionConst 0. 0. 1.
/run/beamOn 10000

phot:   for  gamma    SubType= 12
      LambdaPrime table from 200 keV to 10 TeV in 54 bins 
      ===== EM models for the G4Region  DefaultRegionForTheWorld ======
 LivermorePhElectric :  Emin=        0 eV    Emax=        1 GeV   AngularGenSauterGavrila  FluoActive
       PhotoElectric :  Emin=        1 GeV   Emax=       10 TeV   AngularGenSauterGavrila  FluoActive

compt:   for  gamma    SubType= 13
      Lambda table from 100 eV  to 1 MeV in 28 bins, spline: 1
      LambdaPrime table from 1 MeV to 10 TeV in 49 bins 
      ===== EM models for the G4Region  DefaultRegionForTheWorld ======
    LivermoreCompton :  Emin=        0 eV    Emax=        1 GeV  FluoActive
       Klein-Nishina :  Emin=        1 GeV   Emax=       10 TeV

conv:   for  gamma    SubType= 14
      Lambda table from 1.022 MeV to 10 TeV in 49 bins, spline: 1
      ===== EM models for the G4Region  DefaultRegionForTheWorld ======
 LivermoreConversion :  Emin=        0 eV    Emax=        1 GeV
        BetheHeitler :  Emin=        1 GeV   Emax=       80 GeV
     BetheHeitlerLPM :  Emin=       80 GeV   Emax=       10 TeV

Rayl:   for  gamma    SubType= 11
      Lambda table from 100 eV  to 100 keV in 21 bins, spline: 0
      LambdaPrime table from 100 keV to 10 TeV in 56 bins 
      ===== EM models for the G4Region  DefaultRegionForTheWorld ======
   LivermoreRayleigh :  Emin=        0 eV    Emax=        1 GeV   CullenGenerator
   LivermoreRayleigh :  Emin=        1 GeV   Emax=       10 TeV   CullenGenerator

msc:   for e-    SubType= 10
      RangeFactor= 0.04, step limit type: 2, lateralDisplacement: 1, skin= 1, geomFactor= 2.5
      ===== EM models for the G4Region  DefaultRegionForTheWorld ======
          UrbanMsc95 :  Emin=        0 eV    Emax=       10 TeV  Table with 77 bins Emin=    100 eV    Emax=     10 TeV

### ===  Deexcitation model UAtomDeexcitation is activated for 1 region:
          DefaultRegionForTheWorld

eIoni:   for  e-    SubType= 2
      dE/dx and range tables from 100 eV  to 10 TeV in 77 bins
      Lambda tables from threshold to 10 TeV in 77 bins, spline: 1
      finalRange(mm)= 0.1, dRoverRange= 0.2, integral: 1, fluct: 1, linLossLimit= 0.01
      ===== EM models for the G4Region  DefaultRegionForTheWorld ======
       LowEnergyIoni :  Emin=        0 eV    Emax=        1 GeV
        MollerBhabha :  Emin=        1 GeV   Emax=       10 TeV

eBrem:   for  e-    SubType= 3
      dE/dx and range tables from 100 eV  to 10 TeV in 77 bins
      Lambda tables from threshold to 10 TeV in 77 bins, spline: 1
      LPM flag: 1 for E > 1 GeV
      ===== EM models for the G4Region  DefaultRegionForTheWorld ======
           LowEnBrem :  Emin=        0 eV    Emax=        1 GeV   AngularGenUrban
            eBremLPM :  Emin=        1 GeV   Emax=       10 TeV   DipBustGen

msc:   for e+    SubType= 10
      RangeFactor= 0.04, step limit type: 1, lateralDisplacement: 1, skin= 1, geomFactor= 2.5
      ===== EM models for the G4Region  DefaultRegionForTheWorld ======
          UrbanMsc95 :  Emin=        0 eV    Emax=       10 TeV  Table with 77 bins Emin=    100 eV    Emax=     10 TeV

eIoni:   for  e+    SubType= 2
      dE/dx and range tables from 100 eV  to 10 TeV in 77 bins
      Lambda tables from threshold to 10 TeV in 77 bins, spline: 1
      finalRange(mm)= 1, dRoverRange= 0.2, integral: 1, fluct: 1, linLossLimit= 0.01
      ===== EM models for the G4Region  DefaultRegionForTheWorld ======
        MollerBhabha :  Emin=        0 eV    Emax=       10 TeV

eBrem:   for  e+    SubType= 3
      dE/dx and range tables from 100 eV  to 10 TeV in 77 bins
      Lambda tables from threshold to 10 TeV in 77 bins, spline: 1
      LPM flag: 1 for E > 1 GeV
      ===== EM models for the G4Region  DefaultRegionForTheWorld ======
             eBremSB :  Emin=        0 eV    Emax=        1 GeV   DipBustGen
            eBremLPM :  Emin=        1 GeV   Emax=       10 TeV   DipBustGen

annihil:   for  e+    SubType= 5
      ===== EM models for the G4Region  DefaultRegionForTheWorld ======
            eplus2gg :  Emin=        0 eV    Emax=       10 TeV

========= Table of registered couples ==============================

Index : 0     used in the geometry : Yes     recalculation needed : No 
 Material : G4_AIR
 Range cuts        :  gamma  100 um     e-  100 um     e+  100 um  proton 100 um 
 Energy thresholds :  gamma  990 eV     e-  990 eV     e+  990 eV  proton -1 MeV
 Region(s) which use this couple : 
    DefaultRegionForTheWorld

Index : 1     used in the geometry : Yes     recalculation needed : No 
 Material : G4_Cu
 Range cuts        :  gamma  100 um     e-  100 um     e+  100 um  proton 100 um 
 Energy thresholds :  gamma  7.33405 keV    e-  249.775 keV    e+  243.15 keV proton -1 MeV
 Region(s) which use this couple : 
    DefaultRegionForTheWorld

Index : 2     used in the geometry : Yes     recalculation needed : No 
 Material : G4_W
 Range cuts        :  gamma  100 um     e-  100 um     e+  100 um  proton 100 um 
 Energy thresholds :  gamma  36.0599 keV    e-  351.877 keV    e+  337.972 keV proton -1 MeV
 Region(s) which use this couple : 
    DefaultRegionForTheWorld

Index : 3     used in the geometry : Yes     recalculation needed : No 
 Material : SiFeMn
 Range cuts        :  gamma  100 um     e-  100 um     e+  100 um  proton 100 um 
 Energy thresholds :  gamma  5.56783 keV    e-  244.79 keV    e+  239.904 keV proton -1 MeV
 Region(s) which use this couple : 
    DefaultRegionForTheWorld

====================================================================

Start Run processing.
 CreateHisto1D PhaseSpace: 6: :ALL: X at Zstop = 760001
 CreateHisto1D PhaseSpace: 6: :ALL: Y at Zstop = 760002
 CreateHisto2D PhaseSpace: 6: :ALL: XY at Zstop = 760009
 CreateHisto1D PhaseSpace: 6: :ALL: R at Zstop = 760003
 CreateHisto1D PhaseSpace: 6: :ALL: Direction Theta at Zstop = 760004
 CreateHisto1D PhaseSpace: 6: :ALL: Direction Phi at Zstop = 760005
 CreateHisto1D PhaseSpace: 6: :ALL: Energy at Zstop = 760006
 CreateHisto1D PhaseSpace: 6: :ALL: Vx at Zstop = 760007
 CreateHisto1D PhaseSpace: 6: :ALL: Vy at Zstop = 760008
 CreateHisto1D PhaseSpace: 6: :ALL: Vz at Zstop = 760009
 CreateHisto2D PhaseSpace: 6: :ALL: R vs Direction Theta at Zstop = 760011
 CreateHisto2D PhaseSpace: 6: :ALL: R vs Energy at Zstop = 760012
 CreateHisto2D PhaseSpace: 6: :ALL: Direction Theta vs Energy at Zstop = 760013
 CreateHisto1D PhaseSpace: 6: :ALL: Weight at Zstop = 760014
 CreateHisto2D PhaseSpace: 6: :ALL: X vs Energy at Zstop = 760021
 CreateHisto2D PhaseSpace: 6: :ALL: X vs Vx at Zstop = 760022
 CreateHistoProfile1D PhaseSpace: 6: :ALL: X prof weight = 760030
 CreateHisto1D PhaseSpace: 78: :ALL: X at Zstop = 770001
 CreateHisto1D PhaseSpace: 78: :ALL: Y at Zstop = 770002
 CreateHisto2D PhaseSpace: 78: :ALL: XY at Zstop = 770009
 CreateHisto1D PhaseSpace: 78: :ALL: R at Zstop = 770003
 CreateHisto1D PhaseSpace: 78: :ALL: Direction Theta at Zstop = 770004
 CreateHisto1D PhaseSpace: 78: :ALL: Direction Phi at Zstop = 770005
 CreateHisto1D PhaseSpace: 78: :ALL: Energy at Zstop = 770006
 CreateHisto1D PhaseSpace: 78: :ALL: Vx at Zstop = 770007
 CreateHisto1D PhaseSpace: 78: :ALL: Vy at Zstop = 770008
 CreateHisto1D PhaseSpace: 78: :ALL: Vz at Zstop = 770009
 CreateHisto2D PhaseSpace: 78: :ALL: R vs Direction Theta at Zstop = 770011
 CreateHisto2D PhaseSpace: 78: :ALL: R vs Energy at Zstop = 770012
 CreateHisto2D PhaseSpace: 78: :ALL: Direction Theta vs Energy at Zstop = 770013
 CreateHisto1D PhaseSpace: 78: :ALL: Weight at Zstop = 770014
 CreateHisto2D PhaseSpace: 78: :ALL: X vs Energy at Zstop = 770021
 CreateHisto2D PhaseSpace: 78: :ALL: X vs Vx at Zstop = 770022
 CreateHistoProfile1D PhaseSpace: 78: :ALL: X prof weight = 770030
 CreateHisto1D PhaseSpace: 110: :ALL: X at Zstop = 780001
 CreateHisto1D PhaseSpace: 110: :ALL: Y at Zstop = 780002
 CreateHisto2D PhaseSpace: 110: :ALL: XY at Zstop = 780009
 CreateHisto1D PhaseSpace: 110: :ALL: R at Zstop = 780003
 CreateHisto1D PhaseSpace: 110: :ALL: Direction Theta at Zstop = 780004
 CreateHisto1D PhaseSpace: 110: :ALL: Direction Phi at Zstop = 780005
 CreateHisto1D PhaseSpace: 110: :ALL: Energy at Zstop = 780006
 CreateHisto1D PhaseSpace: 110: :ALL: Vx at Zstop = 780007
 CreateHisto1D PhaseSpace: 110: :ALL: Vy at Zstop = 780008
 CreateHisto1D PhaseSpace: 110: :ALL: Vz at Zstop = 780009
 CreateHisto2D PhaseSpace: 110: :ALL: R vs Direction Theta at Zstop = 780011
 CreateHisto2D PhaseSpace: 110: :ALL: R vs Energy at Zstop = 780012
 CreateHisto2D PhaseSpace: 110: :ALL: Direction Theta vs Energy at Zstop = 780013
 CreateHisto1D PhaseSpace: 110: :ALL: Weight at Zstop = 780014
 CreateHisto2D PhaseSpace: 110: :ALL: X vs Energy at Zstop = 780021
 CreateHisto2D PhaseSpace: 110: :ALL: X vs Vx at Zstop = 780022
 CreateHistoProfile1D PhaseSpace: 110: :ALL: X prof weight = 780030
 CreateHisto1D PhaseSpace: 170: :ALL: X at Zstop = 790001
 CreateHisto1D PhaseSpace: 170: :ALL: Y at Zstop = 790002
 CreateHisto2D PhaseSpace: 170: :ALL: XY at Zstop = 790009
 CreateHisto1D PhaseSpace: 170: :ALL: R at Zstop = 790003
 CreateHisto1D PhaseSpace: 170: :ALL: Direction Theta at Zstop = 790004
 CreateHisto1D PhaseSpace: 170: :ALL: Direction Phi at Zstop = 790005
 CreateHisto1D PhaseSpace: 170: :ALL: Energy at Zstop = 790006
 CreateHisto1D PhaseSpace: 170: :ALL: Vx at Zstop = 790007
 CreateHisto1D PhaseSpace: 170: :ALL: Vy at Zstop = 790008
 CreateHisto1D PhaseSpace: 170: :ALL: Vz at Zstop = 790009
 CreateHisto2D PhaseSpace: 170: :ALL: R vs Direction Theta at Zstop = 790011
 CreateHisto2D PhaseSpace: 170: :ALL: R vs Energy at Zstop = 790012
 CreateHisto2D PhaseSpace: 170: :ALL: Direction Theta vs Energy at Zstop = 790013
 CreateHisto1D PhaseSpace: 170: :ALL: Weight at Zstop = 790014
 CreateHisto2D PhaseSpace: 170: :ALL: X vs Energy at Zstop = 790021
 CreateHisto2D PhaseSpace: 170: :ALL: X vs Vx at Zstop = 790022
 CreateHistoProfile1D PhaseSpace: 170: :ALL: X prof weight = 790030
 CreateHisto1D PhaseSpace: 450: :ALL: X at Zstop = 800001
 CreateHisto1D PhaseSpace: 450: :ALL: Y at Zstop = 800002
 CreateHisto2D PhaseSpace: 450: :ALL: XY at Zstop = 800009
 CreateHisto1D PhaseSpace: 450: :ALL: R at Zstop = 800003
 CreateHisto1D PhaseSpace: 450: :ALL: Direction Theta at Zstop = 800004
 CreateHisto1D PhaseSpace: 450: :ALL: Direction Phi at Zstop = 800005
 CreateHisto1D PhaseSpace: 450: :ALL: Energy at Zstop = 800006
 CreateHisto1D PhaseSpace: 450: :ALL: Vx at Zstop = 800007
 CreateHisto1D PhaseSpace: 450: :ALL: Vy at Zstop = 800008
 CreateHisto1D PhaseSpace: 450: :ALL: Vz at Zstop = 800009
 CreateHisto2D PhaseSpace: 450: :ALL: R vs Direction Theta at Zstop = 800011
 CreateHisto2D PhaseSpace: 450: :ALL: R vs Energy at Zstop = 800012
 CreateHisto2D PhaseSpace: 450: :ALL: Direction Theta vs Energy at Zstop = 800013
 CreateHisto1D PhaseSpace: 450: :ALL: Weight at Zstop = 800014
 CreateHisto2D PhaseSpace: 450: :ALL: X vs Energy at Zstop = 800021
 CreateHisto2D PhaseSpace: 450: :ALL: X vs Vx at Zstop = 800022
 CreateHistoProfile1D PhaseSpace: 450: :ALL: X prof weight = 800030
 CreateHisto1D PhaseSpace: 899: :ALL: X at Zstop = 810001
 CreateHisto1D PhaseSpace: 899: :ALL: Y at Zstop = 810002
 CreateHisto2D PhaseSpace: 899: :ALL: XY at Zstop = 810009
 CreateHisto1D PhaseSpace: 899: :ALL: R at Zstop = 810003
 CreateHisto1D PhaseSpace: 899: :ALL: Direction Theta at Zstop = 810004
 CreateHisto1D PhaseSpace: 899: :ALL: Direction Phi at Zstop = 810005
 CreateHisto1D PhaseSpace: 899: :ALL: Energy at Zstop = 810006
 CreateHisto1D PhaseSpace: 899: :ALL: Vx at Zstop = 810007
 CreateHisto1D PhaseSpace: 899: :ALL: Vy at Zstop = 810008
 CreateHisto1D PhaseSpace: 899: :ALL: Vz at Zstop = 810009
 CreateHisto2D PhaseSpace: 899: :ALL: R vs Direction Theta at Zstop = 810011
 CreateHisto2D PhaseSpace: 899: :ALL: R vs Energy at Zstop = 810012
 CreateHisto2D PhaseSpace: 899: :ALL: Direction Theta vs Energy at Zstop = 810013
 CreateHisto1D PhaseSpace: 899: :ALL: Weight at Zstop = 810014
 CreateHisto2D PhaseSpace: 899: :ALL: X vs Energy at Zstop = 810021
 CreateHisto2D PhaseSpace: 899: :ALL: X vs Vx at Zstop = 810022
 CreateHistoProfile1D PhaseSpace: 899: :ALL: X prof weight = 810030
 CreateHisto1D PhaseSpace: 6: :gamma: X at Zstop = 761001
 CreateHisto1D PhaseSpace: 6: :gamma: Y at Zstop = 761002
 CreateHisto2D PhaseSpace: 6: :gamma: XY at Zstop = 761009
 CreateHisto1D PhaseSpace: 6: :gamma: R at Zstop = 761003
 CreateHisto1D PhaseSpace: 6: :gamma: Direction Theta at Zstop = 761004
 CreateHisto1D PhaseSpace: 6: :gamma: Direction Phi at Zstop = 761005
 CreateHisto1D PhaseSpace: 6: :gamma: Energy at Zstop = 761006
 CreateHisto1D PhaseSpace: 6: :gamma: Vx at Zstop = 761007
 CreateHisto1D PhaseSpace: 6: :gamma: Vy at Zstop = 761008
 CreateHisto1D PhaseSpace: 6: :gamma: Vz at Zstop = 761009
 CreateHisto2D PhaseSpace: 6: :gamma: R vs Direction Theta at Zstop = 761011
 CreateHisto2D PhaseSpace: 6: :gamma: R vs Energy at Zstop = 761012
 CreateHisto2D PhaseSpace: 6: :gamma: Direction Theta vs Energy at Zstop = 761013
 CreateHisto1D PhaseSpace: 6: :gamma: Weight at Zstop = 761014
 CreateHisto2D PhaseSpace: 6: :gamma: X vs Energy at Zstop = 761021
 CreateHisto2D PhaseSpace: 6: :gamma: X vs Vx at Zstop = 761022
 CreateHistoProfile1D PhaseSpace: 6: :gamma: X prof weight = 761030
 CreateHisto1D PhaseSpace: 78: :gamma: X at Zstop = 771001
 CreateHisto1D PhaseSpace: 78: :gamma: Y at Zstop = 771002
 CreateHisto2D PhaseSpace: 78: :gamma: XY at Zstop = 771009
 CreateHisto1D PhaseSpace: 78: :gamma: R at Zstop = 771003
 CreateHisto1D PhaseSpace: 78: :gamma: Direction Theta at Zstop = 771004
 CreateHisto1D PhaseSpace: 78: :gamma: Direction Phi at Zstop = 771005
 CreateHisto1D PhaseSpace: 78: :gamma: Energy at Zstop = 771006
 CreateHisto1D PhaseSpace: 78: :gamma: Vx at Zstop = 771007
 CreateHisto1D PhaseSpace: 78: :gamma: Vy at Zstop = 771008
 CreateHisto1D PhaseSpace: 78: :gamma: Vz at Zstop = 771009
 CreateHisto2D PhaseSpace: 78: :gamma: R vs Direction Theta at Zstop = 771011
 CreateHisto2D PhaseSpace: 78: :gamma: R vs Energy at Zstop = 771012
 CreateHisto2D PhaseSpace: 78: :gamma: Direction Theta vs Energy at Zstop = 771013
 CreateHisto1D PhaseSpace: 78: :gamma: Weight at Zstop = 771014
 CreateHisto2D PhaseSpace: 78: :gamma: X vs Energy at Zstop = 771021
 CreateHisto2D PhaseSpace: 78: :gamma: X vs Vx at Zstop = 771022
 CreateHistoProfile1D PhaseSpace: 78: :gamma: X prof weight = 771030
 CreateHisto1D PhaseSpace: 110: :gamma: X at Zstop = 781001
 CreateHisto1D PhaseSpace: 110: :gamma: Y at Zstop = 781002
 CreateHisto2D PhaseSpace: 110: :gamma: XY at Zstop = 781009
 CreateHisto1D PhaseSpace: 110: :gamma: R at Zstop = 781003
 CreateHisto1D PhaseSpace: 110: :gamma: Direction Theta at Zstop = 781004
 CreateHisto1D PhaseSpace: 110: :gamma: Direction Phi at Zstop = 781005
 CreateHisto1D PhaseSpace: 110: :gamma: Energy at Zstop = 781006
 CreateHisto1D PhaseSpace: 110: :gamma: Vx at Zstop = 781007
 CreateHisto1D PhaseSpace: 110: :gamma: Vy at Zstop = 781008
 CreateHisto1D PhaseSpace: 110: :gamma: Vz at Zstop = 781009
 CreateHisto2D PhaseSpace: 110: :gamma: R vs Direction Theta at Zstop = 781011
 CreateHisto2D PhaseSpace: 110: :gamma: R vs Energy at Zstop = 781012
 CreateHisto2D PhaseSpace: 110: :gamma: Direction Theta vs Energy at Zstop = 781013
 CreateHisto1D PhaseSpace: 110: :gamma: Weight at Zstop = 781014
 CreateHisto2D PhaseSpace: 110: :gamma: X vs Energy at Zstop = 781021
 CreateHisto2D PhaseSpace: 110: :gamma: X vs Vx at Zstop = 781022
 CreateHistoProfile1D PhaseSpace: 110: :gamma: X prof weight = 781030
 CreateHisto1D PhaseSpace: 170: :gamma: X at Zstop = 791001
 CreateHisto1D PhaseSpace: 170: :gamma: Y at Zstop = 791002
 CreateHisto2D PhaseSpace: 170: :gamma: XY at Zstop = 791009
 CreateHisto1D PhaseSpace: 170: :gamma: R at Zstop = 791003
 CreateHisto1D PhaseSpace: 170: :gamma: Direction Theta at Zstop = 791004
 CreateHisto1D PhaseSpace: 170: :gamma: Direction Phi at Zstop = 791005
 CreateHisto1D PhaseSpace: 170: :gamma: Energy at Zstop = 791006
 CreateHisto1D PhaseSpace: 170: :gamma: Vx at Zstop = 791007
 CreateHisto1D PhaseSpace: 170: :gamma: Vy at Zstop = 791008
 CreateHisto1D PhaseSpace: 170: :gamma: Vz at Zstop = 791009
 CreateHisto2D PhaseSpace: 170: :gamma: R vs Direction Theta at Zstop = 791011
 CreateHisto2D PhaseSpace: 170: :gamma: R vs Energy at Zstop = 791012
 CreateHisto2D PhaseSpace: 170: :gamma: Direction Theta vs Energy at Zstop = 791013
 CreateHisto1D PhaseSpace: 170: :gamma: Weight at Zstop = 791014
 CreateHisto2D PhaseSpace: 170: :gamma: X vs Energy at Zstop = 791021
 CreateHisto2D PhaseSpace: 170: :gamma: X vs Vx at Zstop = 791022
 CreateHistoProfile1D PhaseSpace: 170: :gamma: X prof weight = 791030
 CreateHisto1D PhaseSpace: 450: :gamma: X at Zstop = 801001
 CreateHisto1D PhaseSpace: 450: :gamma: Y at Zstop = 801002
 CreateHisto2D PhaseSpace: 450: :gamma: XY at Zstop = 801009
 CreateHisto1D PhaseSpace: 450: :gamma: R at Zstop = 801003
 CreateHisto1D PhaseSpace: 450: :gamma: Direction Theta at Zstop = 801004
 CreateHisto1D PhaseSpace: 450: :gamma: Direction Phi at Zstop = 801005
 CreateHisto1D PhaseSpace: 450: :gamma: Energy at Zstop = 801006
 CreateHisto1D PhaseSpace: 450: :gamma: Vx at Zstop = 801007
 CreateHisto1D PhaseSpace: 450: :gamma: Vy at Zstop = 801008
 CreateHisto1D PhaseSpace: 450: :gamma: Vz at Zstop = 801009
 CreateHisto2D PhaseSpace: 450: :gamma: R vs Direction Theta at Zstop = 801011
 CreateHisto2D PhaseSpace: 450: :gamma: R vs Energy at Zstop = 801012
 CreateHisto2D PhaseSpace: 450: :gamma: Direction Theta vs Energy at Zstop = 801013
 CreateHisto1D PhaseSpace: 450: :gamma: Weight at Zstop = 801014
 CreateHisto2D PhaseSpace: 450: :gamma: X vs Energy at Zstop = 801021
 CreateHisto2D PhaseSpace: 450: :gamma: X vs Vx at Zstop = 801022
 CreateHistoProfile1D PhaseSpace: 450: :gamma: X prof weight = 801030
 CreateHisto1D PhaseSpace: 899: :gamma: X at Zstop = 811001
 CreateHisto1D PhaseSpace: 899: :gamma: Y at Zstop = 811002
 CreateHisto2D PhaseSpace: 899: :gamma: XY at Zstop = 811009
 CreateHisto1D PhaseSpace: 899: :gamma: R at Zstop = 811003
 CreateHisto1D PhaseSpace: 899: :gamma: Direction Theta at Zstop = 811004
 CreateHisto1D PhaseSpace: 899: :gamma: Direction Phi at Zstop = 811005
 CreateHisto1D PhaseSpace: 899: :gamma: Energy at Zstop = 811006
 CreateHisto1D PhaseSpace: 899: :gamma: Vx at Zstop = 811007
 CreateHisto1D PhaseSpace: 899: :gamma: Vy at Zstop = 811008
 CreateHisto1D PhaseSpace: 899: :gamma: Vz at Zstop = 811009
 CreateHisto2D PhaseSpace: 899: :gamma: R vs Direction Theta at Zstop = 811011
 CreateHisto2D PhaseSpace: 899: :gamma: R vs Energy at Zstop = 811012
 CreateHisto2D PhaseSpace: 899: :gamma: Direction Theta vs Energy at Zstop = 811013
 CreateHisto1D PhaseSpace: 899: :gamma: Weight at Zstop = 811014
 CreateHisto2D PhaseSpace: 899: :gamma: X vs Energy at Zstop = 811021
 CreateHisto2D PhaseSpace: 899: :gamma: X vs Vx at Zstop = 811022
 CreateHistoProfile1D PhaseSpace: 899: :gamma: X prof weight = 811030
 CreateHisto1D PhaseSpace: 6: :e-: X at Zstop = 762001
 CreateHisto1D PhaseSpace: 6: :e-: Y at Zstop = 762002
 CreateHisto2D PhaseSpace: 6: :e-: XY at Zstop = 762009
 CreateHisto1D PhaseSpace: 6: :e-: R at Zstop = 762003
 CreateHisto1D PhaseSpace: 6: :e-: Direction Theta at Zstop = 762004
 CreateHisto1D PhaseSpace: 6: :e-: Direction Phi at Zstop = 762005
 CreateHisto1D PhaseSpace: 6: :e-: Energy at Zstop = 762006
 CreateHisto1D PhaseSpace: 6: :e-: Vx at Zstop = 762007
 CreateHisto1D PhaseSpace: 6: :e-: Vy at Zstop = 762008
 CreateHisto1D PhaseSpace: 6: :e-: Vz at Zstop = 762009
 CreateHisto2D PhaseSpace: 6: :e-: R vs Direction Theta at Zstop = 762011
 CreateHisto2D PhaseSpace: 6: :e-: R vs Energy at Zstop = 762012
 CreateHisto2D PhaseSpace: 6: :e-: Direction Theta vs Energy at Zstop = 762013
 CreateHisto1D PhaseSpace: 6: :e-: Weight at Zstop = 762014
 CreateHisto2D PhaseSpace: 6: :e-: X vs Energy at Zstop = 762021
 CreateHisto2D PhaseSpace: 6: :e-: X vs Vx at Zstop = 762022
 CreateHistoProfile1D PhaseSpace: 6: :e-: X prof weight = 762030
 CreateHisto1D PhaseSpace: 78: :e-: X at Zstop = 772001
 CreateHisto1D PhaseSpace: 78: :e-: Y at Zstop = 772002
 CreateHisto2D PhaseSpace: 78: :e-: XY at Zstop = 772009
 CreateHisto1D PhaseSpace: 78: :e-: R at Zstop = 772003
 CreateHisto1D PhaseSpace: 78: :e-: Direction Theta at Zstop = 772004
 CreateHisto1D PhaseSpace: 78: :e-: Direction Phi at Zstop = 772005
 CreateHisto1D PhaseSpace: 78: :e-: Energy at Zstop = 772006
 CreateHisto1D PhaseSpace: 78: :e-: Vx at Zstop = 772007
 CreateHisto1D PhaseSpace: 78: :e-: Vy at Zstop = 772008
 CreateHisto1D PhaseSpace: 78: :e-: Vz at Zstop = 772009
 CreateHisto2D PhaseSpace: 78: :e-: R vs Direction Theta at Zstop = 772011
 CreateHisto2D PhaseSpace: 78: :e-: R vs Energy at Zstop = 772012
 CreateHisto2D PhaseSpace: 78: :e-: Direction Theta vs Energy at Zstop = 772013
 CreateHisto1D PhaseSpace: 78: :e-: Weight at Zstop = 772014
 CreateHisto2D PhaseSpace: 78: :e-: X vs Energy at Zstop = 772021
 CreateHisto2D PhaseSpace: 78: :e-: X vs Vx at Zstop = 772022
 CreateHistoProfile1D PhaseSpace: 78: :e-: X prof weight = 772030
 CreateHisto1D PhaseSpace: 110: :e-: X at Zstop = 782001
 CreateHisto1D PhaseSpace: 110: :e-: Y at Zstop = 782002
 CreateHisto2D PhaseSpace: 110: :e-: XY at Zstop = 782009
 CreateHisto1D PhaseSpace: 110: :e-: R at Zstop = 782003
 CreateHisto1D PhaseSpace: 110: :e-: Direction Theta at Zstop = 782004
 CreateHisto1D PhaseSpace: 110: :e-: Direction Phi at Zstop = 782005
 CreateHisto1D PhaseSpace: 110: :e-: Energy at Zstop = 782006
 CreateHisto1D PhaseSpace: 110: :e-: Vx at Zstop = 782007
 CreateHisto1D PhaseSpace: 110: :e-: Vy at Zstop = 782008
 CreateHisto1D PhaseSpace: 110: :e-: Vz at Zstop = 782009
 CreateHisto2D PhaseSpace: 110: :e-: R vs Direction Theta at Zstop = 782011
 CreateHisto2D PhaseSpace: 110: :e-: R vs Energy at Zstop = 782012
 CreateHisto2D PhaseSpace: 110: :e-: Direction Theta vs Energy at Zstop = 782013
 CreateHisto1D PhaseSpace: 110: :e-: Weight at Zstop = 782014
 CreateHisto2D PhaseSpace: 110: :e-: X vs Energy at Zstop = 782021
 CreateHisto2D PhaseSpace: 110: :e-: X vs Vx at Zstop = 782022
 CreateHistoProfile1D PhaseSpace: 110: :e-: X prof weight = 782030
 CreateHisto1D PhaseSpace: 170: :e-: X at Zstop = 792001
 CreateHisto1D PhaseSpace: 170: :e-: Y at Zstop = 792002
 CreateHisto2D PhaseSpace: 170: :e-: XY at Zstop = 792009
 CreateHisto1D PhaseSpace: 170: :e-: R at Zstop = 792003
 CreateHisto1D PhaseSpace: 170: :e-: Direction Theta at Zstop = 792004
 CreateHisto1D PhaseSpace: 170: :e-: Direction Phi at Zstop = 792005
 CreateHisto1D PhaseSpace: 170: :e-: Energy at Zstop = 792006
 CreateHisto1D PhaseSpace: 170: :e-: Vx at Zstop = 792007
 CreateHisto1D PhaseSpace: 170: :e-: Vy at Zstop = 792008
 CreateHisto1D PhaseSpace: 170: :e-: Vz at Zstop = 792009
 CreateHisto2D PhaseSpace: 170: :e-: R vs Direction Theta at Zstop = 792011
 CreateHisto2D PhaseSpace: 170: :e-: R vs Energy at Zstop = 792012
 CreateHisto2D PhaseSpace: 170: :e-: Direction Theta vs Energy at Zstop = 792013
 CreateHisto1D PhaseSpace: 170: :e-: Weight at Zstop = 792014
 CreateHisto2D PhaseSpace: 170: :e-: X vs Energy at Zstop = 792021
 CreateHisto2D PhaseSpace: 170: :e-: X vs Vx at Zstop = 792022
 CreateHistoProfile1D PhaseSpace: 170: :e-: X prof weight = 792030
 CreateHisto1D PhaseSpace: 450: :e-: X at Zstop = 802001
 CreateHisto1D PhaseSpace: 450: :e-: Y at Zstop = 802002
 CreateHisto2D PhaseSpace: 450: :e-: XY at Zstop = 802009
 CreateHisto1D PhaseSpace: 450: :e-: R at Zstop = 802003
 CreateHisto1D PhaseSpace: 450: :e-: Direction Theta at Zstop = 802004
 CreateHisto1D PhaseSpace: 450: :e-: Direction Phi at Zstop = 802005
 CreateHisto1D PhaseSpace: 450: :e-: Energy at Zstop = 802006
 CreateHisto1D PhaseSpace: 450: :e-: Vx at Zstop = 802007
 CreateHisto1D PhaseSpace: 450: :e-: Vy at Zstop = 802008
 CreateHisto1D PhaseSpace: 450: :e-: Vz at Zstop = 802009
 CreateHisto2D PhaseSpace: 450: :e-: R vs Direction Theta at Zstop = 802011
 CreateHisto2D PhaseSpace: 450: :e-: R vs Energy at Zstop = 802012
 CreateHisto2D PhaseSpace: 450: :e-: Direction Theta vs Energy at Zstop = 802013
 CreateHisto1D PhaseSpace: 450: :e-: Weight at Zstop = 802014
 CreateHisto2D PhaseSpace: 450: :e-: X vs Energy at Zstop = 802021
 CreateHisto2D PhaseSpace: 450: :e-: X vs Vx at Zstop = 802022
 CreateHistoProfile1D PhaseSpace: 450: :e-: X prof weight = 802030
 CreateHisto1D PhaseSpace: 899: :e-: X at Zstop = 812001
 CreateHisto1D PhaseSpace: 899: :e-: Y at Zstop = 812002
 CreateHisto2D PhaseSpace: 899: :e-: XY at Zstop = 812009
 CreateHisto1D PhaseSpace: 899: :e-: R at Zstop = 812003
 CreateHisto1D PhaseSpace: 899: :e-: Direction Theta at Zstop = 812004
 CreateHisto1D PhaseSpace: 899: :e-: Direction Phi at Zstop = 812005
 CreateHisto1D PhaseSpace: 899: :e-: Energy at Zstop = 812006
 CreateHisto1D PhaseSpace: 899: :e-: Vx at Zstop = 812007
 CreateHisto1D PhaseSpace: 899: :e-: Vy at Zstop = 812008
 CreateHisto1D PhaseSpace: 899: :e-: Vz at Zstop = 812009
 CreateHisto2D PhaseSpace: 899: :e-: R vs Direction Theta at Zstop = 812011
 CreateHisto2D PhaseSpace: 899: :e-: R vs Energy at Zstop = 812012
 CreateHisto2D PhaseSpace: 899: :e-: Direction Theta vs Energy at Zstop = 812013
 CreateHisto1D PhaseSpace: 899: :e-: Weight at Zstop = 812014
 CreateHisto2D PhaseSpace: 899: :e-: X vs Energy at Zstop = 812021
 CreateHisto2D PhaseSpace: 899: :e-: X vs Vx at Zstop = 812022
 CreateHistoProfile1D PhaseSpace: 899: :e-: X prof weight = 812030
 CreateHisto1D PhaseSpace: 6: :e+: X at Zstop = 763001
 CreateHisto1D PhaseSpace: 6: :e+: Y at Zstop = 763002
 CreateHisto2D PhaseSpace: 6: :e+: XY at Zstop = 763009
 CreateHisto1D PhaseSpace: 6: :e+: R at Zstop = 763003
 CreateHisto1D PhaseSpace: 6: :e+: Direction Theta at Zstop = 763004
 CreateHisto1D PhaseSpace: 6: :e+: Direction Phi at Zstop = 763005
 CreateHisto1D PhaseSpace: 6: :e+: Energy at Zstop = 763006
 CreateHisto1D PhaseSpace: 6: :e+: Vx at Zstop = 763007
 CreateHisto1D PhaseSpace: 6: :e+: Vy at Zstop = 763008
 CreateHisto1D PhaseSpace: 6: :e+: Vz at Zstop = 763009
 CreateHisto2D PhaseSpace: 6: :e+: R vs Direction Theta at Zstop = 763011
 CreateHisto2D PhaseSpace: 6: :e+: R vs Energy at Zstop = 763012
 CreateHisto2D PhaseSpace: 6: :e+: Direction Theta vs Energy at Zstop = 763013
 CreateHisto1D PhaseSpace: 6: :e+: Weight at Zstop = 763014
 CreateHisto2D PhaseSpace: 6: :e+: X vs Energy at Zstop = 763021
 CreateHisto2D PhaseSpace: 6: :e+: X vs Vx at Zstop = 763022
 CreateHistoProfile1D PhaseSpace: 6: :e+: X prof weight = 763030
 CreateHisto1D PhaseSpace: 78: :e+: X at Zstop = 773001
 CreateHisto1D PhaseSpace: 78: :e+: Y at Zstop = 773002
 CreateHisto2D PhaseSpace: 78: :e+: XY at Zstop = 773009
 CreateHisto1D PhaseSpace: 78: :e+: R at Zstop = 773003
 CreateHisto1D PhaseSpace: 78: :e+: Direction Theta at Zstop = 773004
 CreateHisto1D PhaseSpace: 78: :e+: Direction Phi at Zstop = 773005
 CreateHisto1D PhaseSpace: 78: :e+: Energy at Zstop = 773006
 CreateHisto1D PhaseSpace: 78: :e+: Vx at Zstop = 773007
 CreateHisto1D PhaseSpace: 78: :e+: Vy at Zstop = 773008
 CreateHisto1D PhaseSpace: 78: :e+: Vz at Zstop = 773009
 CreateHisto2D PhaseSpace: 78: :e+: R vs Direction Theta at Zstop = 773011
 CreateHisto2D PhaseSpace: 78: :e+: R vs Energy at Zstop = 773012
 CreateHisto2D PhaseSpace: 78: :e+: Direction Theta vs Energy at Zstop = 773013
 CreateHisto1D PhaseSpace: 78: :e+: Weight at Zstop = 773014
 CreateHisto2D PhaseSpace: 78: :e+: X vs Energy at Zstop = 773021
 CreateHisto2D PhaseSpace: 78: :e+: X vs Vx at Zstop = 773022
 CreateHistoProfile1D PhaseSpace: 78: :e+: X prof weight = 773030
 CreateHisto1D PhaseSpace: 110: :e+: X at Zstop = 783001
 CreateHisto1D PhaseSpace: 110: :e+: Y at Zstop = 783002
 CreateHisto2D PhaseSpace: 110: :e+: XY at Zstop = 783009
 CreateHisto1D PhaseSpace: 110: :e+: R at Zstop = 783003
 CreateHisto1D PhaseSpace: 110: :e+: Direction Theta at Zstop = 783004
 CreateHisto1D PhaseSpace: 110: :e+: Direction Phi at Zstop = 783005
 CreateHisto1D PhaseSpace: 110: :e+: Energy at Zstop = 783006
 CreateHisto1D PhaseSpace: 110: :e+: Vx at Zstop = 783007
 CreateHisto1D PhaseSpace: 110: :e+: Vy at Zstop = 783008
 CreateHisto1D PhaseSpace: 110: :e+: Vz at Zstop = 783009
 CreateHisto2D PhaseSpace: 110: :e+: R vs Direction Theta at Zstop = 783011
 CreateHisto2D PhaseSpace: 110: :e+: R vs Energy at Zstop = 783012
 CreateHisto2D PhaseSpace: 110: :e+: Direction Theta vs Energy at Zstop = 783013
 CreateHisto1D PhaseSpace: 110: :e+: Weight at Zstop = 783014
 CreateHisto2D PhaseSpace: 110: :e+: X vs Energy at Zstop = 783021
 CreateHisto2D PhaseSpace: 110: :e+: X vs Vx at Zstop = 783022
 CreateHistoProfile1D PhaseSpace: 110: :e+: X prof weight = 783030
 CreateHisto1D PhaseSpace: 170: :e+: X at Zstop = 793001
 CreateHisto1D PhaseSpace: 170: :e+: Y at Zstop = 793002
 CreateHisto2D PhaseSpace: 170: :e+: XY at Zstop = 793009
 CreateHisto1D PhaseSpace: 170: :e+: R at Zstop = 793003
 CreateHisto1D PhaseSpace: 170: :e+: Direction Theta at Zstop = 793004
 CreateHisto1D PhaseSpace: 170: :e+: Direction Phi at Zstop = 793005
 CreateHisto1D PhaseSpace: 170: :e+: Energy at Zstop = 793006
 CreateHisto1D PhaseSpace: 170: :e+: Vx at Zstop = 793007
 CreateHisto1D PhaseSpace: 170: :e+: Vy at Zstop = 793008
 CreateHisto1D PhaseSpace: 170: :e+: Vz at Zstop = 793009
 CreateHisto2D PhaseSpace: 170: :e+: R vs Direction Theta at Zstop = 793011
 CreateHisto2D PhaseSpace: 170: :e+: R vs Energy at Zstop = 793012
 CreateHisto2D PhaseSpace: 170: :e+: Direction Theta vs Energy at Zstop = 793013
 CreateHisto1D PhaseSpace: 170: :e+: Weight at Zstop = 793014
 CreateHisto2D PhaseSpace: 170: :e+: X vs Energy at Zstop = 793021
 CreateHisto2D PhaseSpace: 170: :e+: X vs Vx at Zstop = 793022
 CreateHistoProfile1D PhaseSpace: 170: :e+: X prof weight = 793030
 CreateHisto1D PhaseSpace: 450: :e+: X at Zstop = 803001
 CreateHisto1D PhaseSpace: 450: :e+: Y at Zstop = 803002
 CreateHisto2D PhaseSpace: 450: :e+: XY at Zstop = 803009
 CreateHisto1D PhaseSpace: 450: :e+: R at Zstop = 803003
 CreateHisto1D PhaseSpace: 450: :e+: Direction Theta at Zstop = 803004
 CreateHisto1D PhaseSpace: 450: :e+: Direction Phi at Zstop = 803005
 CreateHisto1D PhaseSpace: 450: :e+: Energy at Zstop = 803006
 CreateHisto1D PhaseSpace: 450: :e+: Vx at Zstop = 803007
 CreateHisto1D PhaseSpace: 450: :e+: Vy at Zstop = 803008
 CreateHisto1D PhaseSpace: 450: :e+: Vz at Zstop = 803009
 CreateHisto2D PhaseSpace: 450: :e+: R vs Direction Theta at Zstop = 803011
 CreateHisto2D PhaseSpace: 450: :e+: R vs Energy at Zstop = 803012
 CreateHisto2D PhaseSpace: 450: :e+: Direction Theta vs Energy at Zstop = 803013
 CreateHisto1D PhaseSpace: 450: :e+: Weight at Zstop = 803014
 CreateHisto2D PhaseSpace: 450: :e+: X vs Energy at Zstop = 803021
 CreateHisto2D PhaseSpace: 450: :e+: X vs Vx at Zstop = 803022
 CreateHistoProfile1D PhaseSpace: 450: :e+: X prof weight = 803030
 CreateHisto1D PhaseSpace: 899: :e+: X at Zstop = 813001
 CreateHisto1D PhaseSpace: 899: :e+: Y at Zstop = 813002
 CreateHisto2D PhaseSpace: 899: :e+: XY at Zstop = 813009
 CreateHisto1D PhaseSpace: 899: :e+: R at Zstop = 813003
 CreateHisto1D PhaseSpace: 899: :e+: Direction Theta at Zstop = 813004
 CreateHisto1D PhaseSpace: 899: :e+: Direction Phi at Zstop = 813005
 CreateHisto1D PhaseSpace: 899: :e+: Energy at Zstop = 813006
 CreateHisto1D PhaseSpace: 899: :e+: Vx at Zstop = 813007
 CreateHisto1D PhaseSpace: 899: :e+: Vy at Zstop = 813008
 CreateHisto1D PhaseSpace: 899: :e+: Vz at Zstop = 813009
 CreateHisto2D PhaseSpace: 899: :e+: R vs Direction Theta at Zstop = 813011
 CreateHisto2D PhaseSpace: 899: :e+: R vs Energy at Zstop = 813012
 CreateHisto2D PhaseSpace: 899: :e+: Direction Theta vs Energy at Zstop = 813013
 CreateHisto1D PhaseSpace: 899: :e+: Weight at Zstop = 813014
 CreateHisto2D PhaseSpace: 899: :e+: X vs Energy at Zstop = 813021
 CreateHisto2D PhaseSpace: 899: :e+: X vs Vx at Zstop = 813022
 CreateHistoProfile1D PhaseSpace: 899: :e+: X prof weight = 813030
 %%% EVENT 0 NTRACKS 17 TOTAL NTRACKS 17
 %%% EVENT 1000 NTRACKS 3 TOTAL NTRACKS 9187
 %%% EVENT 2000 NTRACKS 9 TOTAL NTRACKS 18645
 %%% EVENT 3000 NTRACKS 9 TOTAL NTRACKS 27662
 %%% EVENT 4000 NTRACKS 15 TOTAL NTRACKS 36438
 %%% EVENT 5000 NTRACKS 12 TOTAL NTRACKS 45731
 %%% EVENT 6000 NTRACKS 9 TOTAL NTRACKS 54982
 %%% EVENT 7000 NTRACKS 21 TOTAL NTRACKS 64031
 %%% EVENT 8000 NTRACKS 12 TOTAL NTRACKS 72873
 %%% EVENT 9000 NTRACKS 2 TOTAL NTRACKS 81657
Run terminated.
Run Summary
  Number of events processed : 10000
  User=27.84s Real=28.12s Sys=0.02s
Graphics systems deleted.
Visualization Manager deleting...
=== saving histograms in file === phaseSpace.root
