/control/execute exercise3b4.in
/gamos/setParam GmGeometryFromText:FileName ../exercise1/CCGeometryRingEx1Water.geom
/gamos/geometry GmGeometryFromText
/gamos/physicsList GmEMPhysics
/gamos/GmPhysics/addPhysics gamma-lowener

-------- WWWW ------- G4Exception-START -------- WWWW -------
*** G4Exception : WARNING
      issued by : GmPhysicsMessenger::SetNewValue
You are using a deprecated command /gamos/GmPhysics/addPhysics , please use /gamos/GmPhysics/replacePhysics
*** This is just a warning message. ***
-------- WWWW -------- G4Exception-END --------- WWWW -------

GmEMPhysics::Replaceing PhysicsList component gamma-lowener
GmEMPhysics::ReplacePhysicsList: gamma-lowener is registered
/gamos/GmPhysics/addPhysics electron-lowener

-------- WWWW ------- G4Exception-START -------- WWWW -------
*** G4Exception : WARNING
      issued by : GmPhysicsMessenger::SetNewValue
You are using a deprecated command /gamos/GmPhysics/addPhysics , please use /gamos/GmPhysics/replacePhysics
*** This is just a warning message. ***
-------- WWWW -------- G4Exception-END --------- WWWW -------

GmEMPhysics::Replaceing PhysicsList component electron-lowener
GmEMPhysics::ReplacePhysicsList: electron-lowener is registered
/gamos/generator GmGenerator
 GmGenUtils::FileInPath ./isotopes.dat in .
 GmGenUtils::FileInPath /home/arce/gamos/GAMOS.CVS/data/isotopes.dat in /home/arce/gamos/GAMOS.CVS/data
/gamos/userAction GmCountProcessesUA
/gamos/userAction GmHistosGammaAtSD
 CreateHisto1D Gamma At SD: ALL: Event Type = 103001
 CreateHisto1D Gamma At SD: ALL: N interactions = 103002
 CreateHisto1D Gamma At SD: ALL: N PhotoElec = 103003
 CreateHisto1D Gamma At SD: ALL: N Compton = 103004
 CreateHisto1D Gamma At SD: ALL: N Rayleigh = 103005
 CreateHisto1D Gamma At SD: ALL: N Conversion = 103006
 CreateHisto2D Gamma At SD: ALL: N PhotoElec vs Compton+Rayleigh = 103007
 CreateHisto1D Gamma At SD: ALL: Energy at entering SD (keV) = 103008
 CreateHisto2D Gamma At SD: ALL: Energy at entering SD vs energy initial (keV) = 103099
 CreateHisto1D Gamma At SD: ALL: Energy lost PhotoElec (keV) = 103011
 CreateHisto1D Gamma At SD: ALL: Distance to 1st when Compton (mm) = 103012
 CreateHisto1D Gamma At SD: ALL: Distance to 1st when PhotoElec (mm) = 103013
 CreateHisto1D Gamma At SD: ALL: Diff ang when PhotoElec (mrad) = 103014
 CreateHisto1D Gamma At SD: ALL: Diff energy when PhotoElec (keV) = 103015
 CreateHisto1D Gamma At SD: ALL: Energy lost Compton (keV) = 103021
 CreateHisto1D Gamma At SD: ALL: Angle variation Compton (mrad) = 103022
 CreateHisto1D Gamma At SD: ALL: Energy lost Rayleigh (keV) = 103031
 CreateHisto1D Gamma At SD: ALL: Angle variation Rayleigh (mrad) = 103032
 CreateHisto1D Gamma At SD: ALL: Energy lost Conversion (keV) = 103041
 CreateHisto1D Gamma At SD: ALL: Angle variation Conversion (mrad) = 103042
 CreateHisto1D Gamma At SD: ALL: Distance between interactions (mm) = 103051
 CreateHisto1D Gamma At SD: ALL: Distance between 1st and other interactions (mm) = 103052
 CreateHisto1D Gamma At SD: ALL: Distance between Compton-Compton interactions (mm) = 103053
 CreateHisto1D Gamma At SD: ALL: Distance between Compton-PhotElec interactions (mm) = 103054
 CreateHisto1D Gamma At SD: No PE: Event Type = 103101
 CreateHisto1D Gamma At SD: No PE: N interactions = 103102
 CreateHisto1D Gamma At SD: No PE: N PhotoElec = 103103
 CreateHisto1D Gamma At SD: No PE: N Compton = 103104
 CreateHisto1D Gamma At SD: No PE: N Rayleigh = 103105
 CreateHisto1D Gamma At SD: No PE: N Conversion = 103106
 CreateHisto2D Gamma At SD: No PE: N PhotoElec vs Compton+Rayleigh = 103107
 CreateHisto1D Gamma At SD: No PE: Energy at entering SD (keV) = 103108
 CreateHisto2D Gamma At SD: No PE: Energy at entering SD vs energy initial (keV) = 103199
 CreateHisto1D Gamma At SD: No PE: Energy lost PhotoElec (keV) = 103111
 CreateHisto1D Gamma At SD: No PE: Distance to 1st when Compton (mm) = 103112
 CreateHisto1D Gamma At SD: No PE: Distance to 1st when PhotoElec (mm) = 103113
 CreateHisto1D Gamma At SD: No PE: Diff ang when PhotoElec (mrad) = 103114
 CreateHisto1D Gamma At SD: No PE: Diff energy when PhotoElec (keV) = 103115
 CreateHisto1D Gamma At SD: No PE: Energy lost Compton (keV) = 103121
 CreateHisto1D Gamma At SD: No PE: Angle variation Compton (mrad) = 103122
 CreateHisto1D Gamma At SD: No PE: Energy lost Rayleigh (keV) = 103131
 CreateHisto1D Gamma At SD: No PE: Angle variation Rayleigh (mrad) = 103132
 CreateHisto1D Gamma At SD: No PE: Energy lost Conversion (keV) = 103141
 CreateHisto1D Gamma At SD: No PE: Angle variation Conversion (mrad) = 103142
 CreateHisto1D Gamma At SD: No PE: Distance between interactions (mm) = 103151
 CreateHisto1D Gamma At SD: No PE: Distance between 1st and other interactions (mm) = 103152
 CreateHisto1D Gamma At SD: No PE: Distance between Compton-Compton interactions (mm) = 103153
 CreateHisto1D Gamma At SD: No PE: Distance between Compton-PhotElec interactions (mm) = 103154
 CreateHisto1D Gamma At SD: Only PE: Event Type = 103201
 CreateHisto1D Gamma At SD: Only PE: N interactions = 103202
 CreateHisto1D Gamma At SD: Only PE: N PhotoElec = 103203
 CreateHisto1D Gamma At SD: Only PE: N Compton = 103204
 CreateHisto1D Gamma At SD: Only PE: N Rayleigh = 103205
 CreateHisto1D Gamma At SD: Only PE: N Conversion = 103206
 CreateHisto2D Gamma At SD: Only PE: N PhotoElec vs Compton+Rayleigh = 103207
 CreateHisto1D Gamma At SD: Only PE: Energy at entering SD (keV) = 103208
 CreateHisto2D Gamma At SD: Only PE: Energy at entering SD vs energy initial (keV) = 103299
 CreateHisto1D Gamma At SD: Only PE: Energy lost PhotoElec (keV) = 103211
 CreateHisto1D Gamma At SD: Only PE: Distance to 1st when Compton (mm) = 103212
 CreateHisto1D Gamma At SD: Only PE: Distance to 1st when PhotoElec (mm) = 103213
 CreateHisto1D Gamma At SD: Only PE: Diff ang when PhotoElec (mrad) = 103214
 CreateHisto1D Gamma At SD: Only PE: Diff energy when PhotoElec (keV) = 103215
 CreateHisto1D Gamma At SD: Only PE: Energy lost Compton (keV) = 103221
 CreateHisto1D Gamma At SD: Only PE: Angle variation Compton (mrad) = 103222
 CreateHisto1D Gamma At SD: Only PE: Energy lost Rayleigh (keV) = 103231
 CreateHisto1D Gamma At SD: Only PE: Angle variation Rayleigh (mrad) = 103232
 CreateHisto1D Gamma At SD: Only PE: Energy lost Conversion (keV) = 103241
 CreateHisto1D Gamma At SD: Only PE: Angle variation Conversion (mrad) = 103242
 CreateHisto1D Gamma At SD: Only PE: Distance between interactions (mm) = 103251
 CreateHisto1D Gamma At SD: Only PE: Distance between 1st and other interactions (mm) = 103252
 CreateHisto1D Gamma At SD: Only PE: Distance between Compton-Compton interactions (mm) = 103253
 CreateHisto1D Gamma At SD: Only PE: Distance between Compton-PhotElec interactions (mm) = 103254
 CreateHisto1D Gamma At SD: PE + 1 Compt: Event Type = 103301
 CreateHisto1D Gamma At SD: PE + 1 Compt: N interactions = 103302
 CreateHisto1D Gamma At SD: PE + 1 Compt: N PhotoElec = 103303
 CreateHisto1D Gamma At SD: PE + 1 Compt: N Compton = 103304
 CreateHisto1D Gamma At SD: PE + 1 Compt: N Rayleigh = 103305
 CreateHisto1D Gamma At SD: PE + 1 Compt: N Conversion = 103306
 CreateHisto2D Gamma At SD: PE + 1 Compt: N PhotoElec vs Compton+Rayleigh = 103307
 CreateHisto1D Gamma At SD: PE + 1 Compt: Energy at entering SD (keV) = 103308
 CreateHisto2D Gamma At SD: PE + 1 Compt: Energy at entering SD vs energy initial (keV) = 103399
 CreateHisto1D Gamma At SD: PE + 1 Compt: Energy lost PhotoElec (keV) = 103311
 CreateHisto1D Gamma At SD: PE + 1 Compt: Distance to 1st when Compton (mm) = 103312
 CreateHisto1D Gamma At SD: PE + 1 Compt: Distance to 1st when PhotoElec (mm) = 103313
 CreateHisto1D Gamma At SD: PE + 1 Compt: Diff ang when PhotoElec (mrad) = 103314
 CreateHisto1D Gamma At SD: PE + 1 Compt: Diff energy when PhotoElec (keV) = 103315
 CreateHisto1D Gamma At SD: PE + 1 Compt: Energy lost Compton (keV) = 103321
 CreateHisto1D Gamma At SD: PE + 1 Compt: Angle variation Compton (mrad) = 103322
 CreateHisto1D Gamma At SD: PE + 1 Compt: Energy lost Rayleigh (keV) = 103331
 CreateHisto1D Gamma At SD: PE + 1 Compt: Angle variation Rayleigh (mrad) = 103332
 CreateHisto1D Gamma At SD: PE + 1 Compt: Energy lost Conversion (keV) = 103341
 CreateHisto1D Gamma At SD: PE + 1 Compt: Angle variation Conversion (mrad) = 103342
 CreateHisto1D Gamma At SD: PE + 1 Compt: Distance between interactions (mm) = 103351
 CreateHisto1D Gamma At SD: PE + 1 Compt: Distance between 1st and other interactions (mm) = 103352
 CreateHisto1D Gamma At SD: PE + 1 Compt: Distance between Compton-Compton interactions (mm) = 103353
 CreateHisto1D Gamma At SD: PE + 1 Compt: Distance between Compton-PhotElec interactions (mm) = 103354
 CreateHisto1D Gamma At SD: PE + 2 Compt: Event Type = 103401
 CreateHisto1D Gamma At SD: PE + 2 Compt: N interactions = 103402
 CreateHisto1D Gamma At SD: PE + 2 Compt: N PhotoElec = 103403
 CreateHisto1D Gamma At SD: PE + 2 Compt: N Compton = 103404
 CreateHisto1D Gamma At SD: PE + 2 Compt: N Rayleigh = 103405
 CreateHisto1D Gamma At SD: PE + 2 Compt: N Conversion = 103406
 CreateHisto2D Gamma At SD: PE + 2 Compt: N PhotoElec vs Compton+Rayleigh = 103407
 CreateHisto1D Gamma At SD: PE + 2 Compt: Energy at entering SD (keV) = 103408
 CreateHisto2D Gamma At SD: PE + 2 Compt: Energy at entering SD vs energy initial (keV) = 103499
 CreateHisto1D Gamma At SD: PE + 2 Compt: Energy lost PhotoElec (keV) = 103411
 CreateHisto1D Gamma At SD: PE + 2 Compt: Distance to 1st when Compton (mm) = 103412
 CreateHisto1D Gamma At SD: PE + 2 Compt: Distance to 1st when PhotoElec (mm) = 103413
 CreateHisto1D Gamma At SD: PE + 2 Compt: Diff ang when PhotoElec (mrad) = 103414
 CreateHisto1D Gamma At SD: PE + 2 Compt: Diff energy when PhotoElec (keV) = 103415
 CreateHisto1D Gamma At SD: PE + 2 Compt: Energy lost Compton (keV) = 103421
 CreateHisto1D Gamma At SD: PE + 2 Compt: Angle variation Compton (mrad) = 103422
 CreateHisto1D Gamma At SD: PE + 2 Compt: Energy lost Rayleigh (keV) = 103431
 CreateHisto1D Gamma At SD: PE + 2 Compt: Angle variation Rayleigh (mrad) = 103432
 CreateHisto1D Gamma At SD: PE + 2 Compt: Energy lost Conversion (keV) = 103441
 CreateHisto1D Gamma At SD: PE + 2 Compt: Angle variation Conversion (mrad) = 103442
 CreateHisto1D Gamma At SD: PE + 2 Compt: Distance between interactions (mm) = 103451
 CreateHisto1D Gamma At SD: PE + 2 Compt: Distance between 1st and other interactions (mm) = 103452
 CreateHisto1D Gamma At SD: PE + 2 Compt: Distance between Compton-Compton interactions (mm) = 103453
 CreateHisto1D Gamma At SD: PE + 2 Compt: Distance between Compton-PhotElec interactions (mm) = 103454
 CreateHisto1D Gamma At SD: PE + >2 Compt: Event Type = 103501
 CreateHisto1D Gamma At SD: PE + >2 Compt: N interactions = 103502
 CreateHisto1D Gamma At SD: PE + >2 Compt: N PhotoElec = 103503
 CreateHisto1D Gamma At SD: PE + >2 Compt: N Compton = 103504
 CreateHisto1D Gamma At SD: PE + >2 Compt: N Rayleigh = 103505
 CreateHisto1D Gamma At SD: PE + >2 Compt: N Conversion = 103506
 CreateHisto2D Gamma At SD: PE + >2 Compt: N PhotoElec vs Compton+Rayleigh = 103507
 CreateHisto1D Gamma At SD: PE + >2 Compt: Energy at entering SD (keV) = 103508
 CreateHisto2D Gamma At SD: PE + >2 Compt: Energy at entering SD vs energy initial (keV) = 103599
 CreateHisto1D Gamma At SD: PE + >2 Compt: Energy lost PhotoElec (keV) = 103511
 CreateHisto1D Gamma At SD: PE + >2 Compt: Distance to 1st when Compton (mm) = 103512
 CreateHisto1D Gamma At SD: PE + >2 Compt: Distance to 1st when PhotoElec (mm) = 103513
 CreateHisto1D Gamma At SD: PE + >2 Compt: Diff ang when PhotoElec (mrad) = 103514
 CreateHisto1D Gamma At SD: PE + >2 Compt: Diff energy when PhotoElec (keV) = 103515
 CreateHisto1D Gamma At SD: PE + >2 Compt: Energy lost Compton (keV) = 103521
 CreateHisto1D Gamma At SD: PE + >2 Compt: Angle variation Compton (mrad) = 103522
 CreateHisto1D Gamma At SD: PE + >2 Compt: Energy lost Rayleigh (keV) = 103531
 CreateHisto1D Gamma At SD: PE + >2 Compt: Angle variation Rayleigh (mrad) = 103532
 CreateHisto1D Gamma At SD: PE + >2 Compt: Energy lost Conversion (keV) = 103541
 CreateHisto1D Gamma At SD: PE + >2 Compt: Angle variation Conversion (mrad) = 103542
 CreateHisto1D Gamma At SD: PE + >2 Compt: Distance between interactions (mm) = 103551
 CreateHisto1D Gamma At SD: PE + >2 Compt: Distance between 1st and other interactions (mm) = 103552
 CreateHisto1D Gamma At SD: PE + >2 Compt: Distance between Compton-Compton interactions (mm) = 103553
 CreateHisto1D Gamma At SD: PE + >2 Compt: Distance between Compton-PhotElec interactions (mm) = 103554
 CreateHisto1D Gamma At SD: Number of entering gammas = 103061
 CreateHisto2D Gamma At SD: Energy of entering gamma 1 vs gamma 2 = 103062
/gamos/userAction GmHitsHistosUA
/gamos/userAction GmRecHitsHistosUA
/gamos/setParam CC:EvtClass:GammaEnergy 141.*keV
/gamos/setParam CC:EvtClass:PhotopeakEPrec 0.01
/gamos/userAction CCEventClassifierUA
 CreateHisto1D CCEvtClass: CC classification = 320001
 CreateHisto1D CCEvtClass: Sum energy all coincident events (keV) = 320002
 CreateHisto1D CCEvtClass: Scatter detector energy all coincident events (keV) = 320003
 CreateHisto1D CCEvtClass: Absorber detector energy all coincident events (keV) = 320004
 CreateHisto1D CCEvtClass: Scatter detector energy fully absorbed coincident events (keV) = 320005
 CreateHisto1D CCEvtClass: Absorber detector energy fully absorbed coincident events (keV) = 320006
 CreateHisto1D CCEvtClass: Nb hits in Scatter detector = 320007
 CreateHisto1D CCEvtClass: Nb hits in Absorber detector = 320008
 CreateHisto1D CCEvtClass: Sum energy all fully absorbed events (keV) = 320009
 CreateHisto1D CCEvtClass: Sum energy all fully absorbed single_single events (keV) = 320010
 CreateHisto1D CCEvtClass: Scatter detector energy fully absorbed single_single events (keV) = 320011
 CreateHisto1D CCEvtClass: Absorber detector energy fully absorbed single_single events (keV) = 320012
 CreateHisto1D CCEvtClass: Absorber detector energy single_single events (keV) = 320013
 CreateHisto1D CCEvtClass: Scatterer detector energy single_single events (keV) = 320014
 CreateHisto1D CCEvtClass: Sum energy all single_single events (keV) = 320015
/run/initialize
 GmGenUtils::FileInPath ./../exercise1/CCGeometryRingEx1Water.geom in .
GmEMPhysics PhysicsList: DEFAULT = positron-standard is registered
GmPhysicsGammaLowEner::ConstructProcess 
/gamos/setParam SD:DeadTime:Scatterer 1.e-6*s
/gamos/setParam SD:DeadTime:Absorber 1.e-6*s
/gamos/SD/assocSD2LogVol GmSDSimple Scatterer scatcrystal
 DeadTimeDUListByBlock: NShift 100
 GmDetUnitIDBuilderFromAncestors sdType Scatterer
/gamos/SD/recHitBuilder GmRecHitBuilder1to1 Scatterer
