/control/execute exercise5.in
/tracking/verbose 1
/gamos/setParam GmGeometryFromText:FileName ../exercise3/exercise3.geom
/gamos/geometry GmGeometryFromText
/gamos/physicsList G4QGSP_BIC_HP
<<< Geant4 Physics List simulation engine: QGSP_BIC_HP 2.0

/gamos/generator GmGenerator
 GmGenUtils::FileInPath ./isotopes.dat in .
 GmGenUtils::FileInPath /home/arce/gamosnew/GAMOS.5.0.0/data/isotopes.dat in /home/arce/gamosnew/GAMOS.5.0.0/data
/gamos/userAction GmCountProcessesUA
/run/initialize
 GmGenUtils::FileInPath ./../exercise3/exercise3.geom in .
NeutronHP: /Elastic file for Z = 6, A = 12 is not found and NeutronHP will use /home/arce/gamosnew/external/geant4/geant4.9.6.p02.gamos/../data/G4NDL4.2/Elastic/CrossSection/6_nat_Carbon

-------- WWWW ------- G4Exception-START -------- WWWW -------
*** G4Exception : 
      issued by : G4NeutronHPNames

*** This is just a warning message. ***
-------- WWWW -------- G4Exception-END --------- WWWW -------

NeutronHP: /Elastic file for Z = 6, A = 13 is not found and NeutronHP will use /home/arce/gamosnew/external/geant4/geant4.9.6.p02.gamos/../data/G4NDL4.2/Elastic/CrossSection/6_nat_Carbon

-------- WWWW ------- G4Exception-START -------- WWWW -------
*** G4Exception : 
      issued by : G4NeutronHPNames

*** This is just a warning message. ***
-------- WWWW -------- G4Exception-END --------- WWWW -------

NeutronHP: /Elastic file for Z = 8, A = 18 is not found and NeutronHP will use /home/arce/gamosnew/external/geant4/geant4.9.6.p02.gamos/../data/G4NDL4.2/Elastic/CrossSection/8_17_Oxygen

-------- WWWW ------- G4Exception-START -------- WWWW -------
*** G4Exception : 
      issued by : G4NeutronHPNames

*** This is just a warning message. ***
-------- WWWW -------- G4Exception-END --------- WWWW -------

NeutronHP: /Elastic file for Z = 6, A = 12 is not found and NeutronHP will use /home/arce/gamosnew/external/geant4/geant4.9.6.p02.gamos/../data/G4NDL4.2/Elastic/CrossSection/6_nat_Carbon

-------- WWWW ------- G4Exception-START -------- WWWW -------
*** G4Exception : 
      issued by : G4NeutronHPNames

*** This is just a warning message. ***
-------- WWWW -------- G4Exception-END --------- WWWW -------

NeutronHP: /Elastic file for Z = 6, A = 13 is not found and NeutronHP will use /home/arce/gamosnew/external/geant4/geant4.9.6.p02.gamos/../data/G4NDL4.2/Elastic/CrossSection/6_nat_Carbon

-------- WWWW ------- G4Exception-START -------- WWWW -------
*** G4Exception : 
      issued by : G4NeutronHPNames

*** This is just a warning message. ***
-------- WWWW -------- G4Exception-END --------- WWWW -------

NeutronHP: /Elastic file for Z = 8, A = 18 is not found and NeutronHP will use /home/arce/gamosnew/external/geant4/geant4.9.6.p02.gamos/../data/G4NDL4.2/Elastic/CrossSection/8_17_Oxygen

-------- WWWW ------- G4Exception-START -------- WWWW -------
*** G4Exception : 
      issued by : G4NeutronHPNames

*** This is just a warning message. ***
-------- WWWW -------- G4Exception-END --------- WWWW -------

NeutronHP: /Capture file for Z = 6, A = 12 is not found and NeutronHP will use /home/arce/gamosnew/external/geant4/geant4.9.6.p02.gamos/../data/G4NDL4.2/Capture/CrossSection/6_nat_Carbon

-------- WWWW ------- G4Exception-START -------- WWWW -------
*** G4Exception : 
      issued by : G4NeutronHPNames

*** This is just a warning message. ***
-------- WWWW -------- G4Exception-END --------- WWWW -------

NeutronHP: /Elastic file for Z = 6, A = 12 is not found and NeutronHP will use /home/arce/gamosnew/external/geant4/geant4.9.6.p02.gamos/../data/G4NDL4.2/Elastic/CrossSection/6_nat_Carbon

-------- WWWW ------- G4Exception-START -------- WWWW -------
*** G4Exception : 
      issued by : G4NeutronHPNames

*** This is just a warning message. ***
-------- WWWW -------- G4Exception-END --------- WWWW -------

NeutronHP: /Inelastic file for Z = 6, A = 12 is not found and NeutronHP will use /home/arce/gamosnew/external/geant4/geant4.9.6.p02.gamos/../data/G4NDL4.2/Inelastic/CrossSection/6_nat_Carbon

-------- WWWW ------- G4Exception-START -------- WWWW -------
*** G4Exception : 
      issued by : G4NeutronHPNames

*** This is just a warning message. ***
-------- WWWW -------- G4Exception-END --------- WWWW -------

NeutronHP: /Capture file for Z = 6, A = 13 is not found and NeutronHP will use /home/arce/gamosnew/external/geant4/geant4.9.6.p02.gamos/../data/G4NDL4.2/Capture/CrossSection/6_nat_Carbon

-------- WWWW ------- G4Exception-START -------- WWWW -------
*** G4Exception : 
      issued by : G4NeutronHPNames

*** This is just a warning message. ***
-------- WWWW -------- G4Exception-END --------- WWWW -------

NeutronHP: /Elastic file for Z = 6, A = 13 is not found and NeutronHP will use /home/arce/gamosnew/external/geant4/geant4.9.6.p02.gamos/../data/G4NDL4.2/Elastic/CrossSection/6_nat_Carbon

-------- WWWW ------- G4Exception-START -------- WWWW -------
*** G4Exception : 
      issued by : G4NeutronHPNames

*** This is just a warning message. ***
-------- WWWW -------- G4Exception-END --------- WWWW -------

NeutronHP: /Inelastic file for Z = 6, A = 13 is not found and NeutronHP will use /home/arce/gamosnew/external/geant4/geant4.9.6.p02.gamos/../data/G4NDL4.2/Inelastic/CrossSection/6_nat_Carbon

-------- WWWW ------- G4Exception-START -------- WWWW -------
*** G4Exception : 
      issued by : G4NeutronHPNames

*** This is just a warning message. ***
-------- WWWW -------- G4Exception-END --------- WWWW -------

NeutronHP: /Capture file for Z = 8, A = 18 is not found and NeutronHP will use /home/arce/gamosnew/external/geant4/geant4.9.6.p02.gamos/../data/G4NDL4.2/Capture/CrossSection/8_17_Oxygen

-------- WWWW ------- G4Exception-START -------- WWWW -------
*** G4Exception : 
      issued by : G4NeutronHPNames

*** This is just a warning message. ***
-------- WWWW -------- G4Exception-END --------- WWWW -------

NeutronHP: /Elastic file for Z = 8, A = 18 is not found and NeutronHP will use /home/arce/gamosnew/external/geant4/geant4.9.6.p02.gamos/../data/G4NDL4.2/Elastic/CrossSection/8_17_Oxygen

-------- WWWW ------- G4Exception-START -------- WWWW -------
*** G4Exception : 
      issued by : G4NeutronHPNames

*** This is just a warning message. ***
-------- WWWW -------- G4Exception-END --------- WWWW -------

NeutronHP: /Inelastic file for Z = 8, A = 18 is not found and NeutronHP will use /home/arce/gamosnew/external/geant4/geant4.9.6.p02.gamos/../data/G4NDL4.2/Inelastic/CrossSection/8_17_Oxygen

-------- WWWW ------- G4Exception-START -------- WWWW -------
*** G4Exception : 
      issued by : G4NeutronHPNames

*** This is just a warning message. ***
-------- WWWW -------- G4Exception-END --------- WWWW -------

NeutronHP: /Capture file for Z = 6, A = 12 is not found and NeutronHP will use /home/arce/gamosnew/external/geant4/geant4.9.6.p02.gamos/../data/G4NDL4.2/Capture/CrossSection/6_nat_Carbon

-------- WWWW ------- G4Exception-START -------- WWWW -------
*** G4Exception : 
      issued by : G4NeutronHPNames

*** This is just a warning message. ***
-------- WWWW -------- G4Exception-END --------- WWWW -------

NeutronHP: /Elastic file for Z = 6, A = 12 is not found and NeutronHP will use /home/arce/gamosnew/external/geant4/geant4.9.6.p02.gamos/../data/G4NDL4.2/Elastic/CrossSection/6_nat_Carbon

-------- WWWW ------- G4Exception-START -------- WWWW -------
*** G4Exception : 
      issued by : G4NeutronHPNames

*** This is just a warning message. ***
-------- WWWW -------- G4Exception-END --------- WWWW -------

NeutronHP: /Inelastic file for Z = 6, A = 12 is not found and NeutronHP will use /home/arce/gamosnew/external/geant4/geant4.9.6.p02.gamos/../data/G4NDL4.2/Inelastic/CrossSection/6_nat_Carbon

-------- WWWW ------- G4Exception-START -------- WWWW -------
*** G4Exception : 
      issued by : G4NeutronHPNames

*** This is just a warning message. ***
-------- WWWW -------- G4Exception-END --------- WWWW -------

NeutronHP: /Capture file for Z = 6, A = 13 is not found and NeutronHP will use /home/arce/gamosnew/external/geant4/geant4.9.6.p02.gamos/../data/G4NDL4.2/Capture/CrossSection/6_nat_Carbon

-------- WWWW ------- G4Exception-START -------- WWWW -------
*** G4Exception : 
      issued by : G4NeutronHPNames

*** This is just a warning message. ***
-------- WWWW -------- G4Exception-END --------- WWWW -------

NeutronHP: /Elastic file for Z = 6, A = 13 is not found and NeutronHP will use /home/arce/gamosnew/external/geant4/geant4.9.6.p02.gamos/../data/G4NDL4.2/Elastic/CrossSection/6_nat_Carbon

-------- WWWW ------- G4Exception-START -------- WWWW -------
*** G4Exception : 
      issued by : G4NeutronHPNames

*** This is just a warning message. ***
-------- WWWW -------- G4Exception-END --------- WWWW -------

NeutronHP: /Inelastic file for Z = 6, A = 13 is not found and NeutronHP will use /home/arce/gamosnew/external/geant4/geant4.9.6.p02.gamos/../data/G4NDL4.2/Inelastic/CrossSection/6_nat_Carbon

-------- WWWW ------- G4Exception-START -------- WWWW -------
*** G4Exception : 
      issued by : G4NeutronHPNames

*** This is just a warning message. ***
-------- WWWW -------- G4Exception-END --------- WWWW -------

NeutronHP: /Capture file for Z = 8, A = 18 is not found and NeutronHP will use /home/arce/gamosnew/external/geant4/geant4.9.6.p02.gamos/../data/G4NDL4.2/Capture/CrossSection/8_17_Oxygen

-------- WWWW ------- G4Exception-START -------- WWWW -------
*** G4Exception : 
      issued by : G4NeutronHPNames

*** This is just a warning message. ***
-------- WWWW -------- G4Exception-END --------- WWWW -------

NeutronHP: /Elastic file for Z = 8, A = 18 is not found and NeutronHP will use /home/arce/gamosnew/external/geant4/geant4.9.6.p02.gamos/../data/G4NDL4.2/Elastic/CrossSection/8_17_Oxygen

-------- WWWW ------- G4Exception-START -------- WWWW -------
*** G4Exception : 
      issued by : G4NeutronHPNames

*** This is just a warning message. ***
-------- WWWW -------- G4Exception-END --------- WWWW -------

NeutronHP: /Inelastic file for Z = 8, A = 18 is not found and NeutronHP will use /home/arce/gamosnew/external/geant4/geant4.9.6.p02.gamos/../data/G4NDL4.2/Inelastic/CrossSection/8_17_Oxygen

-------- WWWW ------- G4Exception-START -------- WWWW -------
*** G4Exception : 
      issued by : G4NeutronHPNames

*** This is just a warning message. ***
-------- WWWW -------- G4Exception-END --------- WWWW -------

WARNING: model G4LENeutronInelastic is being deprecated and will
disappear in Geant4 version 10.0
NeutronHP: /Capture file for Z = 6, A = 12 is not found and NeutronHP will use /home/arce/gamosnew/external/geant4/geant4.9.6.p02.gamos/../data/G4NDL4.2/Capture/CrossSection/6_nat_Carbon

-------- WWWW ------- G4Exception-START -------- WWWW -------
*** G4Exception : 
      issued by : G4NeutronHPNames

*** This is just a warning message. ***
-------- WWWW -------- G4Exception-END --------- WWWW -------

NeutronHP: /Capture file for Z = 6, A = 13 is not found and NeutronHP will use /home/arce/gamosnew/external/geant4/geant4.9.6.p02.gamos/../data/G4NDL4.2/Capture/CrossSection/6_nat_Carbon

-------- WWWW ------- G4Exception-START -------- WWWW -------
*** G4Exception : 
      issued by : G4NeutronHPNames

*** This is just a warning message. ***
-------- WWWW -------- G4Exception-END --------- WWWW -------

NeutronHP: /Capture file for Z = 8, A = 18 is not found and NeutronHP will use /home/arce/gamosnew/external/geant4/geant4.9.6.p02.gamos/../data/G4NDL4.2/Capture/CrossSection/8_17_Oxygen

-------- WWWW ------- G4Exception-START -------- WWWW -------
*** G4Exception : 
      issued by : G4NeutronHPNames

*** This is just a warning message. ***
-------- WWWW -------- G4Exception-END --------- WWWW -------

NeutronHP: /Capture file for Z = 6, A = 12 is not found and NeutronHP will use /home/arce/gamosnew/external/geant4/geant4.9.6.p02.gamos/../data/G4NDL4.2/Capture/CrossSection/6_nat_Carbon

-------- WWWW ------- G4Exception-START -------- WWWW -------
*** G4Exception : 
      issued by : G4NeutronHPNames

*** This is just a warning message. ***
-------- WWWW -------- G4Exception-END --------- WWWW -------

NeutronHP: /Capture file for Z = 6, A = 13 is not found and NeutronHP will use /home/arce/gamosnew/external/geant4/geant4.9.6.p02.gamos/../data/G4NDL4.2/Capture/CrossSection/6_nat_Carbon

-------- WWWW ------- G4Exception-START -------- WWWW -------
*** G4Exception : 
      issued by : G4NeutronHPNames

*** This is just a warning message. ***
-------- WWWW -------- G4Exception-END --------- WWWW -------

NeutronHP: /Capture file for Z = 8, A = 18 is not found and NeutronHP will use /home/arce/gamosnew/external/geant4/geant4.9.6.p02.gamos/../data/G4NDL4.2/Capture/CrossSection/8_17_Oxygen

-------- WWWW ------- G4Exception-START -------- WWWW -------
*** G4Exception : 
      issued by : G4NeutronHPNames

*** This is just a warning message. ***
-------- WWWW -------- G4Exception-END --------- WWWW -------

WARNING: model G4LEProtonInelastic is being deprecated and will
disappear in Geant4 version 10.0
WARNING: model G4LEPionPlusInelastic is being deprecated and will
disappear in Geant4 version 10.0
WARNING: model G4LEPionMinusInelastic is being deprecated and will
disappear in Geant4 version 10.0
WARNING: model G4LEKaonPlusInelastic is being deprecated and will
disappear in Geant4 version 10.0
WARNING: model G4LEKaonMinusInelastic is being deprecated and will
disappear in Geant4 version 10.0
WARNING: model G4LEKaonZeroInelastic is being deprecated and will
disappear in Geant4 version 10.0
WARNING: model G4LEAntiKaonZeroInelastic is being deprecated and will
disappear in Geant4 version 10.0
WARNING: model G4LEKaonZeroLInelastic is being deprecated and will
disappear in Geant4 version 10.0
WARNING: model G4LEKaonZeroInelastic is being deprecated and will
disappear in Geant4 version 10.0
WARNING: model G4LEAntiKaonZeroInelastic is being deprecated and will
disappear in Geant4 version 10.0
WARNING: model G4LEKaonZeroSInelastic is being deprecated and will
disappear in Geant4 version 10.0
WARNING: model G4LEAntiProtonInelastic is being deprecated and will
disappear in Geant4 version 10.0
WARNING: model G4HEAntiProtonInelastic is being deprecated and will
disappear in Geant4 version 10.0
WARNING: model G4LEAntiNeutronInelastic is being deprecated and will
disappear in Geant4 version 10.0
WARNING: model G4HEAntiNeutronInelastic is being deprecated and will
disappear in Geant4 version 10.0
WARNING: model G4LELambdaInelastic is being deprecated and will
disappear in Geant4 version 10.0
WARNING: model G4HELambdaInelastic is being deprecated and will
disappear in Geant4 version 10.0
WARNING: model G4LEAntiLambdaInelastic is being deprecated and will
disappear in Geant4 version 10.0
WARNING: model G4HEAntiLambdaInelastic is being deprecated and will
disappear in Geant4 version 10.0
WARNING: model G4LESigmaMinusInelastic is being deprecated and will
disappear in Geant4 version 10.0
WARNING: model G4HESigmaMinusInelastic is being deprecated and will
disappear in Geant4 version 10.0
WARNING: model G4LEAntiSigmaMinusInelastic is being deprecated and will
disappear in Geant4 version 10.0
WARNING: model G4HEAntiSigmaMinusInelastic is being deprecated and will
disappear in Geant4 version 10.0
WARNING: model G4LESigmaPlusInelastic is being deprecated and will
disappear in Geant4 version 10.0
WARNING: model G4HESigmaPlusInelastic is being deprecated and will
disappear in Geant4 version 10.0
WARNING: model G4LEAntiSigmaPlusInelastic is being deprecated and will
disappear in Geant4 version 10.0
WARNING: model G4HEAntiSigmaPlusInelastic is being deprecated and will
disappear in Geant4 version 10.0
WARNING: model G4LEXiMinusInelastic is being deprecated and will
disappear in Geant4 version 10.0
WARNING: model G4HEXiMinusInelastic is being deprecated and will
disappear in Geant4 version 10.0
WARNING: model G4LEAntiXiMinusInelastic is being deprecated and will
disappear in Geant4 version 10.0
WARNING: model G4HEAntiXiMinusInelastic is being deprecated and will
disappear in Geant4 version 10.0
WARNING: model G4LEXiZeroInelastic is being deprecated and will
disappear in Geant4 version 10.0
WARNING: model G4HEXiZeroInelastic is being deprecated and will
disappear in Geant4 version 10.0
WARNING: model G4LEAntiXiZeroInelastic is being deprecated and will
disappear in Geant4 version 10.0
WARNING: model G4HEAntiXiZeroInelastic is being deprecated and will
disappear in Geant4 version 10.0
WARNING: model G4LEOmegaMinusInelastic is being deprecated and will
disappear in Geant4 version 10.0
WARNING: model G4HEOmegaMinusInelastic is being deprecated and will
disappear in Geant4 version 10.0
WARNING: model G4LEAntiOmegaMinusInelastic is being deprecated and will
disappear in Geant4 version 10.0
WARNING: model G4HEAntiOmegaMinusInelastic is being deprecated and will
disappear in Geant4 version 10.0
/gamos/generator/addSingleParticleSource source neutron 10.*MeV
/gamos/generator/positionDist source Exer2GenerDistPosition 1.*cm
