/control/execute exercise1b.in
/tracking/verbose 1
/gamos/setParam GmGeometryFromText:FileName exercise1.geom
/gamos/geometry GmGeometryFromText
/gamos/physicsList GmEMPhysics
/gamos/generator GmGenerator
 GmGenUtils::FileInPath ./isotopes.dat in .
 GmGenUtils::FileInPath /home/arce/gamosnew/GAMOS.5.0.0/data/isotopes.dat in /home/arce/gamosnew/GAMOS.5.0.0/data
/run/initialize
 GmGenUtils::FileInPath ./exercise1.geom in .
GmEMPhysics PhysicsList:DEFAULT = gamma-lowener is registered
GmEMPhysics PhysicsList: DEFAULT = electron-lowener is registered
GmEMPhysics PhysicsList: DEFAULT = positron-standard is registered
GmPhysicsGammaLowEner::ConstructProcess 
/gamos/generator/addSingleParticleSource source gamma 10.*MeV
/control/execute ../../../examples/visVRML2FILE.in
/vis/scene/create
/vis/open VRML2FILE
Issue /vis/viewer/refresh or flush to see effect.
/vis/viewer/flush
Your "world" has no vis attributes or is marked as visible.
  For a better view of the contents, mark the world as invisible, e.g.,
  myWorldLogicalVol -> SetVisAttributes (G4VisAttributes::Invisible);
G4Scene::AddWorldIfEmpty: The scene was empty of run-duration models.
  "world" has been added.
/vis/viewer/set/viewpointThetaPhi 10 120 deg
Issue /vis/viewer/refresh or flush to see effect.
/vis/viewer/zoom 1
Issue /vis/viewer/refresh or flush to see effect.
/vis/scene/add/trajectories
/tracking/storeTrajectory 1
Attributes available for modeling and filtering with
  "/vis/modeling/trajectories/create/drawByAttribute" and
  "/vis/filtering/trajectories/create/attributeFilter" commands:
G4TrajectoriesModel:
  Event ID (EventID): G4int
G4Trajectory:
  Charge (Ch): unit: e+ (G4double)
  Track ID (ID): G4int
  Initial kinetic energy (IKE): G4BestUnit (G4double)
  Initial momentum magnitude (IMag): G4BestUnit (G4double)
  Initial momentum (IMom): G4BestUnit (G4ThreeVector)
  No. of points (NTP): G4int
  PDG Encoding (PDG): G4int
  Parent ID (PID): G4int
  Particle Name (PN): G4String
G4TrajectoryPoint:
  Position (Pos): G4BestUnit (G4ThreeVector)
WARNING: Trajectory storing has been requested.  This action may be
  reversed with "/tracking/storeTrajectory 0".
/vis/scene/notifyHandlers
/vis/scene/endOfEventAction accumulate
WARNING: The vis manager will keep up to 100 events.
  This may use a lot of memory.
  It may be changed with, e.g., "/vis/scene/endOfEventAction accumulate 10".
/vis/viewer/update
/vis/viewer/flush
===========================================
Output VRML 2.0 file: g4_02.wrl
Maximum number of files in the destination directory: 100
  (Customizable with the environment variable: G4VRMLFILE_MAX_FILE_NUM) 
===========================================
*** VRML 2.0 File  g4_02.wrl  is generated.
MESSAGE from VRML2FILE driver:
    Set an environmental variable  G4VRMLFILE_VIEWER
    if you want to visualize the generated VRML file
    automatically.  For example, 
    setenv  G4VRMLFILE_VIEWER  vrwave 
/run/beamOn 10

phot:   for  gamma    SubType= 12
      LambdaPrime table from 200 keV to 10 TeV in 54 bins 
      ===== EM models for the G4Region  DefaultRegionForTheWorld ======
 LivermorePhElectric :  Emin=        0 eV    Emax=        1 GeV   AngularGenSauterGavrila  FluoActive
       PhotoElectric :  Emin=        1 GeV   Emax=       10 TeV   AngularGenSauterGavrila  FluoActive

compt:   for  gamma    SubType= 13
      Lambda table from 100 eV  to 1 MeV in 28 bins, spline: 1
      LambdaPrime table from 1 MeV to 10 TeV in 49 bins 
      ===== EM models for the G4Region  DefaultRegionForTheWorld ======
    LivermoreCompton :  Emin=        0 eV    Emax=        1 GeV  FluoActive
       Klein-Nishina :  Emin=        1 GeV   Emax=       10 TeV

conv:   for  gamma    SubType= 14
      Lambda table from 1.022 MeV to 10 TeV in 49 bins, spline: 1
      ===== EM models for the G4Region  DefaultRegionForTheWorld ======
 LivermoreConversion :  Emin=        0 eV    Emax=        1 GeV
        BetheHeitler :  Emin=        1 GeV   Emax=       80 GeV
     BetheHeitlerLPM :  Emin=       80 GeV   Emax=       10 TeV

Rayl:   for  gamma    SubType= 11
      Lambda table from 100 eV  to 100 keV in 21 bins, spline: 0
      LambdaPrime table from 100 keV to 10 TeV in 56 bins 
      ===== EM models for the G4Region  DefaultRegionForTheWorld ======
   LivermoreRayleigh :  Emin=        0 eV    Emax=        1 GeV   CullenGenerator
   LivermoreRayleigh :  Emin=        1 GeV   Emax=       10 TeV   CullenGenerator

msc:   for e-    SubType= 10
      RangeFactor= 0.04, step limit type: 2, lateralDisplacement: 1, skin= 1, geomFactor= 2.5
      ===== EM models for the G4Region  DefaultRegionForTheWorld ======
          UrbanMsc95 :  Emin=        0 eV    Emax=       10 TeV  Table with 77 bins Emin=    100 eV    Emax=     10 TeV

### ===  Deexcitation model UAtomDeexcitation is activated for 1 region:
          DefaultRegionForTheWorld

eIoni:   for  e-    SubType= 2
      dE/dx and range tables from 100 eV  to 10 TeV in 77 bins
      Lambda tables from threshold to 10 TeV in 77 bins, spline: 1
      finalRange(mm)= 0.1, dRoverRange= 0.2, integral: 1, fluct: 1, linLossLimit= 0.01
      ===== EM models for the G4Region  DefaultRegionForTheWorld ======
       LowEnergyIoni :  Emin=        0 eV    Emax=        1 GeV
        MollerBhabha :  Emin=        1 GeV   Emax=       10 TeV

eBrem:   for  e-    SubType= 3
      dE/dx and range tables from 100 eV  to 10 TeV in 77 bins
      Lambda tables from threshold to 10 TeV in 77 bins, spline: 1
      LPM flag: 1 for E > 1 GeV
      ===== EM models for the G4Region  DefaultRegionForTheWorld ======
           LowEnBrem :  Emin=        0 eV    Emax=        1 GeV   AngularGenUrban
            eBremLPM :  Emin=        1 GeV   Emax=       10 TeV   DipBustGen

msc:   for e+    SubType= 10
      RangeFactor= 0.04, step limit type: 1, lateralDisplacement: 1, skin= 1, geomFactor= 2.5
      ===== EM models for the G4Region  DefaultRegionForTheWorld ======
          UrbanMsc95 :  Emin=        0 eV    Emax=       10 TeV  Table with 77 bins Emin=    100 eV    Emax=     10 TeV

eIoni:   for  e+    SubType= 2
      dE/dx and range tables from 100 eV  to 10 TeV in 77 bins
      Lambda tables from threshold to 10 TeV in 77 bins, spline: 1
      finalRange(mm)= 1, dRoverRange= 0.2, integral: 1, fluct: 1, linLossLimit= 0.01
      ===== EM models for the G4Region  DefaultRegionForTheWorld ======
        MollerBhabha :  Emin=        0 eV    Emax=       10 TeV

eBrem:   for  e+    SubType= 3
      dE/dx and range tables from 100 eV  to 10 TeV in 77 bins
      Lambda tables from threshold to 10 TeV in 77 bins, spline: 1
      LPM flag: 1 for E > 1 GeV
      ===== EM models for the G4Region  DefaultRegionForTheWorld ======
             eBremSB :  Emin=        0 eV    Emax=        1 GeV   DipBustGen
            eBremLPM :  Emin=        1 GeV   Emax=       10 TeV   DipBustGen

annihil:   for  e+    SubType= 5
      ===== EM models for the G4Region  DefaultRegionForTheWorld ======
            eplus2gg :  Emin=        0 eV    Emax=       10 TeV

========= Table of registered couples ==============================

Index : 0     used in the geometry : Yes     recalculation needed : No 
 Material : G4_AIR
 Range cuts        :  gamma  100 um     e-  100 um     e+  100 um  proton 100 um 
 Energy thresholds :  gamma  990 eV     e-  990 eV     e+  990 eV  proton -1 MeV
 Region(s) which use this couple : 
    DefaultRegionForTheWorld

Index : 1     used in the geometry : Yes     recalculation needed : No 
 Material : G4_Al
 Range cuts        :  gamma  100 um     e-  100 um     e+  100 um  proton 100 um 
 Energy thresholds :  gamma  2.3478 keV    e-  131.031 keV    e+  128.416 keV proton -1 MeV
 Region(s) which use this couple : 
    DefaultRegionForTheWorld

Index : 2     used in the geometry : Yes     recalculation needed : No 
 Material : Water
 Range cuts        :  gamma  100 um     e-  100 um     e+  100 um  proton 100 um 
 Energy thresholds :  gamma  1.10981 keV    e-  84.6589 keV    e+  83.5287 keV proton -1 MeV
 Region(s) which use this couple : 
    DefaultRegionForTheWorld

====================================================================

/vis/scene/notifyHandlers scene-0
Start Run processing.

*********************************************************************************************************
* G4Track Information:   Particle = gamma,   Track ID = 1,   Parent ID = 0
*********************************************************************************************************

Step#    X(mm)    Y(mm)    Z(mm) KinE(MeV)  dE(MeV) StepLeng TrackLeng  NextVolume ProcName
    0        0        0        0        10        0        0         0     my tube initStep
    1     93.7    -35.1     79.6        10        0      128       128       mybox Transportation
    2      150    -56.2      127        10        0     76.9       205       world Transportation
    3      300     -112      255        10        0      205       409  OutOfWorld Transportation
===========================================
Output VRML 2.0 file: g4_03.wrl
Maximum number of files in the destination directory: 100
  (Customizable with the environment variable: G4VRMLFILE_MAX_FILE_NUM) 
===========================================
G4VisManager: Using G4TrajectoryDrawByCharge as default trajectory model.
See commands in /vis/modeling/trajectories/ for other options.

*********************************************************************************************************
* G4Track Information:   Particle = gamma,   Track ID = 1,   Parent ID = 0
*********************************************************************************************************

Step#    X(mm)    Y(mm)    Z(mm) KinE(MeV)  dE(MeV) StepLeng TrackLeng  NextVolume ProcName
    0        0        0        0        10        0        0         0     my tube initStep
    1     16.9     98.6     15.1        10        0      101       101       mybox Transportation
    2     25.7      150     22.9        10        0     52.8       154       world Transportation
    3     51.3      300     45.8        10        0      154       308  OutOfWorld Transportation

*********************************************************************************************************
* G4Track Information:   Particle = gamma,   Track ID = 1,   Parent ID = 0
*********************************************************************************************************

Step#    X(mm)    Y(mm)    Z(mm) KinE(MeV)  dE(MeV) StepLeng TrackLeng  NextVolume ProcName
    0        0        0        0        10        0        0         0     my tube initStep
    1    -99.9     4.97     33.9        10        0      106       106       mybox Transportation
    2     -150     7.47     50.9        10        0       53       159       world Transportation
    3     -300     14.9      102        10        0      159       317  OutOfWorld Transportation

*********************************************************************************************************
* G4Track Information:   Particle = gamma,   Track ID = 1,   Parent ID = 0
*********************************************************************************************************

Step#    X(mm)    Y(mm)    Z(mm) KinE(MeV)  dE(MeV) StepLeng TrackLeng  NextVolume ProcName
    0        0        0        0        10        0        0         0     my tube initStep
    1    -8.81    -78.5      100        10        0      127       127       mybox Transportation
    2    -14.2     -126      161      1.12 8.12e-05     77.7       205       mybox compt
    3    -6.99     -150      162      1.12        0     24.7       230       world Transportation
    4     38.8     -300      165      1.12        0      157       387  OutOfWorld Transportation

*********************************************************************************************************
* G4Track Information:   Particle = e-,   Track ID = 2,   Parent ID = 1
*********************************************************************************************************

Step#    X(mm)    Y(mm)    Z(mm) KinE(MeV)  dE(MeV) StepLeng TrackLeng  NextVolume ProcName
    0    -14.2     -126      161      8.88        0        0         0       mybox initStep
    1    -14.3     -127      161      5.17    0.335    0.467     0.467       mybox eBrem
    2    -15.3     -127      164      4.05     1.12      2.9      3.36       mybox eIoni
    3    -15.7     -127      165       3.3    0.457     1.23      4.59       mybox eIoni
    4    -16.1     -128      167      2.54    0.765     1.86      6.45       mybox eIoni
    5    -16.2     -128      167       2.4    0.126    0.355      6.81       mybox eBrem
    6    -16.8     -128      168      1.85    0.542     1.36      8.16       mybox eIoni
    7    -16.7     -129      169      1.47    0.385     1.05      9.22       mybox eIoni
    8    -17.2     -129      169       1.2    0.273     0.84      10.1       mybox eIoni
    9    -17.1     -129      170     0.988   0.0652    0.203      10.3       mybox eIoni
   10    -16.7     -129      170     0.797    0.191    0.575      10.8       mybox eIoni
   11    -16.3     -129      170     0.628    0.169    0.472      11.3       mybox eIoni
   12    -16.3     -129      170     0.451    0.177    0.384      11.7       mybox eIoni
   13    -16.4     -130      170      0.32    0.131    0.293        12       mybox eIoni
   14    -16.4     -130      170     0.218    0.102    0.228      12.2       mybox eIoni
   15    -16.5     -130      170     0.116    0.102    0.175      12.4       mybox eIoni
   16    -16.5     -130      170         0    0.116   0.0871      12.5       mybox eIoni

*********************************************************************************************************
* G4Track Information:   Particle = e-,   Track ID = 6,   Parent ID = 2
*********************************************************************************************************

Step#    X(mm)    Y(mm)    Z(mm) KinE(MeV)  dE(MeV) StepLeng TrackLeng  NextVolume ProcName
    0    -17.1     -129      170     0.143        0        0         0       mybox initStep
    1    -17.2     -129      169    0.0488    0.094    0.119     0.119       mybox eIoni
    2    -17.2     -129      169         0   0.0488     0.02     0.139       mybox eIoni

*********************************************************************************************************
* G4Track Information:   Particle = e-,   Track ID = 4,   Parent ID = 2
*********************************************************************************************************

Step#    X(mm)    Y(mm)    Z(mm) KinE(MeV)  dE(MeV) StepLeng TrackLeng  NextVolume ProcName
    0    -15.7     -127      165     0.294        0        0         0       mybox initStep
    1    -15.8     -127      165     0.199   0.0952    0.216     0.216       mybox eIoni
    2    -15.7     -127      165    0.0374    0.162    0.164      0.38       mybox eIoni
    3    -15.7     -127      165         0   0.0374   0.0126     0.392       mybox eIoni

*********************************************************************************************************
* G4Track Information:   Particle = gamma,   Track ID = 5,   Parent ID = 2
*********************************************************************************************************

Step#    X(mm)    Y(mm)    Z(mm) KinE(MeV)  dE(MeV) StepLeng TrackLeng  NextVolume ProcName
    0    -16.2     -128      167    0.0165        0        0         0       mybox initStep
    1    -16.2     -128      167         0  0.00155    0.586     0.586       mybox phot

*********************************************************************************************************
* G4Track Information:   Particle = e-,   Track ID = 7,   Parent ID = 5
*********************************************************************************************************

Step#    X(mm)    Y(mm)    Z(mm) KinE(MeV)  dE(MeV) StepLeng TrackLeng  NextVolume ProcName
    0    -16.2     -128      167     0.015        0        0         0       mybox initStep
    1    -16.2     -128      167         0    0.015  0.00254   0.00254       mybox eIoni

*********************************************************************************************************
* G4Track Information:   Particle = gamma,   Track ID = 3,   Parent ID = 2
*********************************************************************************************************

Step#    X(mm)    Y(mm)    Z(mm) KinE(MeV)  dE(MeV) StepLeng TrackLeng  NextVolume ProcName
    0    -14.3     -127      161      3.37        0        0         0       mybox initStep
    1    -24.4     -149      200      3.37        0     45.6      45.6       world Transportation
    2    -50.7     -206      300      3.37        0      118       164  OutOfWorld Transportation

*********************************************************************************************************
* G4Track Information:   Particle = gamma,   Track ID = 1,   Parent ID = 0
*********************************************************************************************************

Step#    X(mm)    Y(mm)    Z(mm) KinE(MeV)  dE(MeV) StepLeng TrackLeng  NextVolume ProcName
    0        0        0        0        10        0        0         0     my tube initStep
    1     12.4     26.5      100        10        0      104       104       mybox Transportation
    2       15     32.1      121         0        0     22.2       126       mybox conv

*********************************************************************************************************
* G4Track Information:   Particle = e-,   Track ID = 2,   Parent ID = 1
*********************************************************************************************************

Step#    X(mm)    Y(mm)    Z(mm) KinE(MeV)  dE(MeV) StepLeng TrackLeng  NextVolume ProcName
    0       15     32.1      121      6.22        0        0         0       mybox initStep
    1     16.4     32.5      124      5.04     1.18     3.48      3.48       mybox eIoni
    2     16.9     32.2      127      4.05    0.989     2.83       6.3       mybox eIoni
    3     16.5     33.3      129      3.19     0.86     2.28      8.58       mybox eIoni
    4       16     32.6      131      2.52     0.67      1.8      10.4       mybox eIoni
    5     15.9     33.1      132      1.92    0.601     1.43      11.8       mybox eIoni
    6       15     32.9      132      1.54     0.38     1.09      12.9       mybox eIoni
    7     14.3     32.9      132      1.26    0.282     0.88      13.8       mybox eIoni
    8     14.2     33.6      132     0.907    0.352    0.724      14.5       mybox eIoni
    9     14.2     33.8      132     0.767    0.137    0.441      14.9       mybox eBrem
   10     14.4     33.6      131     0.609    0.158    0.456      15.4       mybox eIoni
   11     14.6     33.8      131     0.499     0.11    0.374      15.8       mybox eIoni
   12     14.9     33.9      131     0.376    0.123    0.318      16.1       mybox eIoni
   13     14.9       34      131     0.289   0.0872    0.256      16.3       mybox eIoni
   14       15     34.1      131     0.147    0.142    0.213      16.6       mybox eIoni
   15       15     34.2      131    0.0359    0.111    0.124      16.7       mybox eIoni
   16       15     34.2      131         0   0.0359   0.0118      16.7       mybox eIoni

*********************************************************************************************************
* G4Track Information:   Particle = gamma,   Track ID = 4,   Parent ID = 2
*********************************************************************************************************

Step#    X(mm)    Y(mm)    Z(mm) KinE(MeV)  dE(MeV) StepLeng TrackLeng  NextVolume ProcName
    0     14.2     33.8      132   0.00349        0        0         0       mybox initStep
    1     14.2     33.8      132         0  0.00155  0.00102   0.00102       mybox phot

*********************************************************************************************************
* G4Track Information:   Particle = e+,   Track ID = 3,   Parent ID = 1
*********************************************************************************************************

Step#    X(mm)    Y(mm)    Z(mm) KinE(MeV)  dE(MeV) StepLeng TrackLeng  NextVolume ProcName
    0       15     32.1      121      2.76        0        0         0       mybox initStep
    1     14.2     31.9      124      1.77    0.994     2.92      2.92       mybox eIoni
    2     12.6       32      124     0.937    0.547     1.68      4.61       mybox eBrem
    3     12.3     32.3      125     0.294    0.642      1.6      6.21       mybox eIoni
    4     12.5     32.3      125         0    0.294    0.386      6.59       mybox eIoni
    5     12.5     32.3      125         0        0        0      6.59       mybox annihil

*********************************************************************************************************
* G4Track Information:   Particle = e-,   Track ID = 5,   Parent ID = 4
*********************************************************************************************************

Step#    X(mm)    Y(mm)    Z(mm) KinE(MeV)  dE(MeV) StepLeng TrackLeng  NextVolume ProcName
    0     14.2     33.8      132   0.00194        0        0         0       mybox initStep
    1     14.2     33.8      132         0  0.00194 8.51e-05  8.51e-05       mybox eIoni

*********************************************************************************************************
* G4Track Information:   Particle = gamma,   Track ID = 8,   Parent ID = 3
*********************************************************************************************************

Step#    X(mm)    Y(mm)    Z(mm) KinE(MeV)  dE(MeV) StepLeng TrackLeng  NextVolume ProcName
    0     12.5     32.3      125     0.511        0        0         0       mybox initStep
    1     44.4     43.6      147     0.443 4.88e-06     40.3      40.3       mybox compt
    2     58.1       53      181     0.178 8.12e-05     37.5      77.8       mybox compt
    3     46.6     32.7      169      0.13 1.02e-05     26.2       104       mybox compt
    4    -12.4     84.1      150      0.12 8.12e-05     80.5       184       mybox compt
    5    -19.4     81.8      140      0.11 0.000119     11.9       196       mybox compt
    6    -32.5     56.5      134     0.105 0.000119     29.3       226       mybox compt
    7    -59.4     46.1      129     0.105        0     29.4       255       mybox Rayl
    8    -60.1     45.8      129     0.105 8.12e-05    0.748       256       mybox compt
    9    -75.4     41.2      131    0.0742  0.00155     16.1       272       mybox compt
   10    -66.9     39.3      131    0.0628 8.12e-05     8.76       281       mybox compt
   11      -70       34      126         0 0.000119     7.72       288       mybox phot

*********************************************************************************************************
* G4Track Information:   Particle = e-,   Track ID = 18,   Parent ID = 8
*********************************************************************************************************

Step#    X(mm)    Y(mm)    Z(mm) KinE(MeV)  dE(MeV) StepLeng TrackLeng  NextVolume ProcName
    0      -70       34      126    0.0626        0        0         0       mybox initStep
    1      -70       34      126         0   0.0626   0.0307    0.0307       mybox eIoni

*********************************************************************************************************
* G4Track Information:   Particle = e-,   Track ID = 17,   Parent ID = 8
*********************************************************************************************************

Step#    X(mm)    Y(mm)    Z(mm) KinE(MeV)  dE(MeV) StepLeng TrackLeng  NextVolume ProcName
    0    -66.9     39.3      131    0.0113        0        0         0       mybox initStep
    1    -66.9     39.3      131         0   0.0113  0.00157   0.00157       mybox eIoni

*********************************************************************************************************
* G4Track Information:   Particle = e-,   Track ID = 16,   Parent ID = 8
*********************************************************************************************************

Step#    X(mm)    Y(mm)    Z(mm) KinE(MeV)  dE(MeV) StepLeng TrackLeng  NextVolume ProcName
    0    -75.4     41.2      131    0.0289        0        0         0       mybox initStep
    1    -75.4     41.2      131         0   0.0289  0.00802   0.00802       mybox eIoni

*********************************************************************************************************
* G4Track Information:   Particle = e-,   Track ID = 15,   Parent ID = 8
*********************************************************************************************************

Step#    X(mm)    Y(mm)    Z(mm) KinE(MeV)  dE(MeV) StepLeng TrackLeng  NextVolume ProcName
    0    -60.1     45.8      129  0.000645        0        0         0       mybox initStep
    1    -60.1     45.8      129         0 0.000645  1.8e-05   1.8e-05       mybox eIoni

*********************************************************************************************************
* G4Track Information:   Particle = e-,   Track ID = 14,   Parent ID = 8
*********************************************************************************************************

Step#    X(mm)    Y(mm)    Z(mm) KinE(MeV)  dE(MeV) StepLeng TrackLeng  NextVolume ProcName
    0    -32.5     56.5      134   0.00492        0        0         0       mybox initStep
    1    -32.5     56.5      134         0  0.00492 0.000376  0.000376       mybox eIoni

*********************************************************************************************************
* G4Track Information:   Particle = e-,   Track ID = 13,   Parent ID = 8
*********************************************************************************************************

Step#    X(mm)    Y(mm)    Z(mm) KinE(MeV)  dE(MeV) StepLeng TrackLeng  NextVolume ProcName
    0    -19.4     81.8      140   0.00922        0        0         0       mybox initStep
    1    -19.4     81.8      140         0  0.00922  0.00109   0.00109       mybox eIoni

*********************************************************************************************************
* G4Track Information:   Particle = e-,   Track ID = 12,   Parent ID = 8
*********************************************************************************************************

Step#    X(mm)    Y(mm)    Z(mm) KinE(MeV)  dE(MeV) StepLeng TrackLeng  NextVolume ProcName
    0    -12.4     84.1      150      0.01        0        0         0       mybox initStep
    1    -12.4     84.1      150         0     0.01  0.00127   0.00127       mybox eIoni

*********************************************************************************************************
* G4Track Information:   Particle = e-,   Track ID = 11,   Parent ID = 8
*********************************************************************************************************

Step#    X(mm)    Y(mm)    Z(mm) KinE(MeV)  dE(MeV) StepLeng TrackLeng  NextVolume ProcName
    0     46.6     32.7      169    0.0483        0        0         0       mybox initStep
    1     46.6     32.7      169         0   0.0483   0.0196    0.0196       mybox eIoni

*********************************************************************************************************
* G4Track Information:   Particle = e-,   Track ID = 10,   Parent ID = 8
*********************************************************************************************************

Step#    X(mm)    Y(mm)    Z(mm) KinE(MeV)  dE(MeV) StepLeng TrackLeng  NextVolume ProcName
    0     58.1       53      181     0.265        0        0         0       mybox initStep
    1     58.3     53.1      181    0.0908    0.174    0.201     0.201       mybox eIoni
    2     58.3     53.1      181         0   0.0908   0.0579     0.259       mybox eIoni

*********************************************************************************************************
* G4Track Information:   Particle = e-,   Track ID = 9,   Parent ID = 8
*********************************************************************************************************

Step#    X(mm)    Y(mm)    Z(mm) KinE(MeV)  dE(MeV) StepLeng TrackLeng  NextVolume ProcName
    0     44.4     43.6      147    0.0677        0        0         0       mybox initStep
    1     44.4     43.6      147         0   0.0677   0.0351    0.0351       mybox eIoni

*********************************************************************************************************
* G4Track Information:   Particle = gamma,   Track ID = 7,   Parent ID = 3
*********************************************************************************************************

Step#    X(mm)    Y(mm)    Z(mm) KinE(MeV)  dE(MeV) StepLeng TrackLeng  NextVolume ProcName
    0     12.5     32.3      125     0.511        0        0         0       mybox initStep
    1     2.11     28.6      118     0.203 1.02e-05     13.1      13.1       mybox compt
    2     9.67     35.9      114     0.201 1.02e-05     11.3      24.4       mybox compt
    3     24.7     49.4      100     0.201        0     24.5      48.9     my tube Transportation
    4     41.8     64.7     84.2     0.189 0.000537     27.9      76.7     my tube compt
    5     48.8     77.5     58.9     0.114 2.92e-05     29.2       106     my tube compt
    6     63.9     53.8      100     0.114        0     49.8       156       mybox Transportation
    7     64.7     52.6      102     0.104 8.12e-05     2.55       158       mybox compt
    8     49.3    0.564      121    0.0872 4.88e-06     57.5       216       mybox compt
    9     49.9   -0.527      119    0.0684 0.000119     2.33       218       mybox compt
   10     34.9    -3.14      141         0  0.00155     26.3       244       mybox phot

*********************************************************************************************************
* G4Track Information:   Particle = gamma,   Track ID = 6,   Parent ID = 3
*********************************************************************************************************

Step#    X(mm)    Y(mm)    Z(mm) KinE(MeV)  dE(MeV) StepLeng TrackLeng  NextVolume ProcName
    0     12.6       32      124     0.284        0        0         0       mybox initStep
    1    -17.8     25.1      127     0.145 0.000119     31.3      31.3       mybox compt
    2     9.08     24.3      145    0.0938 0.000119     32.3      63.7       mybox compt
    3     7.62     22.5      142    0.0918 8.12e-05     3.68      67.4       mybox compt
    4     4.71     14.2      139     0.079 0.000119     9.19      76.5       mybox compt
    5     8.14     12.2      134    0.0624  0.00155     6.57      83.1       mybox compt
    6     17.8     14.9      138    0.0602 4.88e-06     10.8      93.9       mybox compt
    7     37.1     13.3      131    0.0602        0     20.7       115       mybox Rayl
    8     50.3     8.75      124    0.0602        0     15.6       130       mybox Rayl
    9     57.7     7.93      125    0.0485 8.12e-05     7.56       138       mybox compt
   10     53.6     7.79      126    0.0481 8.12e-05     4.14       142       mybox compt
   11     53.2        8      126    0.0467 0.000119    0.454       142       mybox compt
   12       50     23.1      125         0  0.00155     15.5       158       mybox phot

*********************************************************************************************************
* G4Track Information:   Particle = e-,   Track ID = 36,   Parent ID = 6
*********************************************************************************************************

Step#    X(mm)    Y(mm)    Z(mm) KinE(MeV)  dE(MeV) StepLeng TrackLeng  NextVolume ProcName
    0       50     23.1      125    0.0452        0        0         0       mybox initStep
    1     49.9     23.1      125         0   0.0452   0.0175    0.0175       mybox eIoni

*********************************************************************************************************
* G4Track Information:   Particle = e-,   Track ID = 35,   Parent ID = 6
*********************************************************************************************************

Step#    X(mm)    Y(mm)    Z(mm) KinE(MeV)  dE(MeV) StepLeng TrackLeng  NextVolume ProcName
    0     53.2        8      126   0.00128        0        0         0       mybox initStep
    1     53.2        8      126         0  0.00128  4.6e-05   4.6e-05       mybox eIoni

*********************************************************************************************************
* G4Track Information:   Particle = e-,   Track ID = 34,   Parent ID = 6
*********************************************************************************************************

Step#    X(mm)    Y(mm)    Z(mm) KinE(MeV)  dE(MeV) StepLeng TrackLeng  NextVolume ProcName
    0     53.6     7.79      126  0.000272        0        0         0       mybox initStep
    1     53.6     7.79      126         0 0.000272 7.14e-06  7.14e-06       mybox eIoni

*********************************************************************************************************
* G4Track Information:   Particle = e-,   Track ID = 33,   Parent ID = 6
*********************************************************************************************************

Step#    X(mm)    Y(mm)    Z(mm) KinE(MeV)  dE(MeV) StepLeng TrackLeng  NextVolume ProcName
    0     57.7     7.93      125    0.0116        0        0         0       mybox initStep
    1     57.7     7.93      125         0   0.0116  0.00164   0.00164       mybox eIoni

*********************************************************************************************************
* G4Track Information:   Particle = e-,   Track ID = 32,   Parent ID = 6
*********************************************************************************************************

Step#    X(mm)    Y(mm)    Z(mm) KinE(MeV)  dE(MeV) StepLeng TrackLeng  NextVolume ProcName
    0     17.8     14.9      138   0.00222        0        0         0       mybox initStep
    1     17.8     14.9      138         0  0.00222 0.000105  0.000105       mybox eIoni

*********************************************************************************************************
* G4Track Information:   Particle = e-,   Track ID = 31,   Parent ID = 6
*********************************************************************************************************

Step#    X(mm)    Y(mm)    Z(mm) KinE(MeV)  dE(MeV) StepLeng TrackLeng  NextVolume ProcName
    0     8.14     12.2      134    0.0151        0        0         0       mybox initStep
    1     8.13     12.2      134         0   0.0151  0.00258   0.00258       mybox eIoni

*********************************************************************************************************
* G4Track Information:   Particle = e-,   Track ID = 30,   Parent ID = 6
*********************************************************************************************************

Step#    X(mm)    Y(mm)    Z(mm) KinE(MeV)  dE(MeV) StepLeng TrackLeng  NextVolume ProcName
    0     4.71     14.2      139    0.0127        0        0         0       mybox initStep
    1     4.71     14.2      139         0   0.0127  0.00191   0.00191       mybox eIoni

*********************************************************************************************************
* G4Track Information:   Particle = e-,   Track ID = 29,   Parent ID = 6
*********************************************************************************************************

Step#    X(mm)    Y(mm)    Z(mm) KinE(MeV)  dE(MeV) StepLeng TrackLeng  NextVolume ProcName
    0     7.62     22.5      142   0.00194        0        0         0       mybox initStep
    1     7.62     22.5      142         0  0.00194 8.52e-05  8.52e-05       mybox eIoni

*********************************************************************************************************
* G4Track Information:   Particle = e-,   Track ID = 28,   Parent ID = 6
*********************************************************************************************************

Step#    X(mm)    Y(mm)    Z(mm) KinE(MeV)  dE(MeV) StepLeng TrackLeng  NextVolume ProcName
    0     9.08     24.3      145    0.0513        0        0         0       mybox initStep
    1     9.08     24.3      145         0   0.0513   0.0218    0.0218       mybox eIoni

*********************************************************************************************************
* G4Track Information:   Particle = e-,   Track ID = 27,   Parent ID = 6
*********************************************************************************************************

Step#    X(mm)    Y(mm)    Z(mm) KinE(MeV)  dE(MeV) StepLeng TrackLeng  NextVolume ProcName
    0    -17.8     25.1      127     0.138        0        0         0       mybox initStep
    1    -17.8     25.1      127         0    0.138    0.115     0.115       mybox eIoni

*********************************************************************************************************
* G4Track Information:   Particle = e-,   Track ID = 26,   Parent ID = 7
*********************************************************************************************************

Step#    X(mm)    Y(mm)    Z(mm) KinE(MeV)  dE(MeV) StepLeng TrackLeng  NextVolume ProcName
    0     34.9    -3.14      141    0.0669        0        0         0       mybox initStep
    1     34.9    -3.13      141         0   0.0669   0.0344    0.0344       mybox eIoni

*********************************************************************************************************
* G4Track Information:   Particle = e-,   Track ID = 25,   Parent ID = 7
*********************************************************************************************************

Step#    X(mm)    Y(mm)    Z(mm) KinE(MeV)  dE(MeV) StepLeng TrackLeng  NextVolume ProcName
    0     49.9   -0.527      119    0.0187        0        0         0       mybox initStep
    1     49.9   -0.527      119         0   0.0187  0.00375   0.00375       mybox eIoni

*********************************************************************************************************
* G4Track Information:   Particle = e-,   Track ID = 24,   Parent ID = 7
*********************************************************************************************************

Step#    X(mm)    Y(mm)    Z(mm) KinE(MeV)  dE(MeV) StepLeng TrackLeng  NextVolume ProcName
    0     49.3    0.564      121    0.0165        0        0         0       mybox initStep
    1     49.3    0.564      121         0   0.0165    0.003     0.003       mybox eIoni

*********************************************************************************************************
* G4Track Information:   Particle = e-,   Track ID = 23,   Parent ID = 7
*********************************************************************************************************

Step#    X(mm)    Y(mm)    Z(mm) KinE(MeV)  dE(MeV) StepLeng TrackLeng  NextVolume ProcName
    0     64.7     52.6      102    0.0101        0        0         0       mybox initStep
    1     64.7     52.6      102         0   0.0101  0.00128   0.00128       mybox eIoni

*********************************************************************************************************
* G4Track Information:   Particle = e-,   Track ID = 22,   Parent ID = 7
*********************************************************************************************************

Step#    X(mm)    Y(mm)    Z(mm) KinE(MeV)  dE(MeV) StepLeng TrackLeng  NextVolume ProcName
    0     48.8     77.5     58.9    0.0755        0        0         0     my tube initStep
    1     48.8     77.5     58.8         0   0.0755   0.0873    0.0873     my tube eIoni

*********************************************************************************************************
* G4Track Information:   Particle = e-,   Track ID = 21,   Parent ID = 7
*********************************************************************************************************

Step#    X(mm)    Y(mm)    Z(mm) KinE(MeV)  dE(MeV) StepLeng TrackLeng  NextVolume ProcName
    0     41.8     64.7     84.2    0.0113        0        0         0     my tube initStep
    1     41.8     64.7     84.2         0   0.0113  0.00306   0.00306     my tube eIoni

*********************************************************************************************************
* G4Track Information:   Particle = e-,   Track ID = 20,   Parent ID = 7
*********************************************************************************************************

Step#    X(mm)    Y(mm)    Z(mm) KinE(MeV)  dE(MeV) StepLeng TrackLeng  NextVolume ProcName
    0     9.67     35.9      114   0.00197        0        0         0       mybox initStep
    1     9.67     35.9      114         0  0.00197 8.71e-05  8.71e-05       mybox eIoni

*********************************************************************************************************
* G4Track Information:   Particle = e-,   Track ID = 19,   Parent ID = 7
*********************************************************************************************************

Step#    X(mm)    Y(mm)    Z(mm) KinE(MeV)  dE(MeV) StepLeng TrackLeng  NextVolume ProcName
    0     2.11     28.6      118     0.308        0        0         0       mybox initStep
    1     2.04     28.4      118       0.2    0.107    0.223     0.223       mybox eIoni
    2     2.06     28.4      118     0.104   0.0967    0.165     0.387       mybox eIoni
    3     2.08     28.4      118         0    0.104   0.0725      0.46       mybox eIoni

*********************************************************************************************************
* G4Track Information:   Particle = gamma,   Track ID = 1,   Parent ID = 0
*********************************************************************************************************

Step#    X(mm)    Y(mm)    Z(mm) KinE(MeV)  dE(MeV) StepLeng TrackLeng  NextVolume ProcName
    0        0        0        0        10        0        0         0     my tube initStep
    1    -90.7     41.4     -100        10        0      141       141       mybox Transportation
    2     -150     68.4     -165        10        0     92.3       233       world Transportation
    3     -272      124     -300        10        0      190       424  OutOfWorld Transportation

*********************************************************************************************************
* G4Track Information:   Particle = gamma,   Track ID = 1,   Parent ID = 0
*********************************************************************************************************

Step#    X(mm)    Y(mm)    Z(mm) KinE(MeV)  dE(MeV) StepLeng TrackLeng  NextVolume ProcName
    0        0        0        0        10        0        0         0     my tube initStep
    1     86.9    -49.4    -46.2        10        0      110       110       mybox Transportation
    2      150    -85.3    -79.7        10        0     79.9       190       world Transportation
    3      300     -171     -159        10        0      190       380  OutOfWorld Transportation

*********************************************************************************************************
* G4Track Information:   Particle = gamma,   Track ID = 1,   Parent ID = 0
*********************************************************************************************************

Step#    X(mm)    Y(mm)    Z(mm) KinE(MeV)  dE(MeV) StepLeng TrackLeng  NextVolume ProcName
    0        0        0        0        10        0        0         0     my tube initStep
    1     8.19    -99.7    -65.8        10        0      120       120       mybox Transportation
    2     12.3     -150      -99        10        0     60.5       180       world Transportation
    3     24.6     -300     -198        10        0      180       360  OutOfWorld Transportation

*********************************************************************************************************
* G4Track Information:   Particle = gamma,   Track ID = 1,   Parent ID = 0
*********************************************************************************************************

Step#    X(mm)    Y(mm)    Z(mm) KinE(MeV)  dE(MeV) StepLeng TrackLeng  NextVolume ProcName
    0        0        0        0        10        0        0         0     my tube initStep
    1      -55    -83.5     86.9        10        0      132       132       mybox Transportation
    2    -98.7     -150      156        10        0      105       238       world Transportation
    3     -190     -288      300        10        0      220       457  OutOfWorld Transportation

*********************************************************************************************************
* G4Track Information:   Particle = gamma,   Track ID = 1,   Parent ID = 0
*********************************************************************************************************

Step#    X(mm)    Y(mm)    Z(mm) KinE(MeV)  dE(MeV) StepLeng TrackLeng  NextVolume ProcName
    0        0        0        0        10        0        0         0     my tube initStep
    1    -89.5       38      100        10        0      140       140       mybox Transportation
    2     -150     63.7      168        10        0     94.3       234       world Transportation
    3     -269      114      300        10        0      185       419  OutOfWorld Transportation
Run terminated.
Run Summary
  Number of events processed : 10
  User=0.02s Real=0.06s Sys=0.02s
*** VRML 2.0 File  g4_03.wrl  is generated.
MESSAGE from VRML2FILE driver:
    Set an environmental variable  G4VRMLFILE_VIEWER
    if you want to visualize the generated VRML file
    automatically.  For example, 
    setenv  G4VRMLFILE_VIEWER  vrwave 
10 events have been kept for refreshing and/or reviewing.
Graphics systems deleted.
Visualization Manager deleting...
